Log file open, 06/28/20 18:28:35
LogInit: Display: Running engine for game: H_Hour
LogPlatformFile: Not using cached read wrapper
LogTaskGraph: Started task graph with 5 named threads and 35 total threads with 3 sets of task threads.
LogStats: Stats thread started at 1.381615
LogD3D11RHI: Loaded GFSDK_Aftermath_Lib.x64.dll
LogICUInternationalization: ICU TimeZone Detection - Raw Offset: +1:00, Platform Override: ''
LogPluginManager: Mounting plugin Paper2D
LogPluginManager: Mounting plugin AISupport
LogPluginManager: Mounting plugin LightPropagationVolume
LogPluginManager: Mounting plugin CameraShakePreviewer
LogPluginManager: Mounting plugin ActorLayerUtilities
LogPluginManager: Mounting plugin AnimationSharing
LogPluginManager: Mounting plugin CLionSourceCodeAccess
LogPluginManager: Mounting plugin CodeLiteSourceCodeAccess
LogPluginManager: Mounting plugin GitSourceControl
LogPluginManager: Mounting plugin KDevelopSourceCodeAccess
LogPluginManager: Mounting plugin NullSourceCodeAccess
LogPluginManager: Mounting plugin PerforceSourceControl
LogPluginManager: Mounting plugin PlasticSourceControl
LogPluginManager: Mounting plugin RiderSourceCodeAccess
LogPluginManager: Mounting plugin SubversionSourceControl
LogPluginManager: Mounting plugin UObjectPlugin
LogPluginManager: Mounting plugin VisualStudioCodeSourceCodeAccess
LogPluginManager: Mounting plugin VisualStudioSourceCodeAccess
LogPluginManager: Mounting plugin XCodeSourceCodeAccess
LogPluginManager: Mounting plugin AssetManagerEditor
LogPluginManager: Mounting plugin CryptoKeys
LogPluginManager: Mounting plugin CurveEditorTools
LogPluginManager: Mounting plugin DataValidation
LogPluginManager: Mounting plugin EditorScriptingUtilities
LogPluginManager: Mounting plugin FacialAnimation
LogPluginManager: Mounting plugin GameplayTagsEditor
LogPluginManager: Mounting plugin GeometryMode
LogPluginManager: Mounting plugin GLTFImporter
LogPluginManager: Mounting plugin MacGraphicsSwitching
LogPluginManager: Mounting plugin MaterialAnalyzer
LogPluginManager: Mounting plugin MobileLauncherProfileWizard
LogPluginManager: Mounting plugin PluginBrowser
LogPluginManager: Mounting plugin SpeedTreeImporter
LogPluginManager: Mounting plugin DatasmithContent
LogPluginManager: Mounting plugin VariantManagerContent
LogPluginManager: Mounting plugin AlembicImporter
LogPluginManager: Mounting plugin AutomationUtils
LogPluginManager: Mounting plugin BackChannel
LogPluginManager: Mounting plugin ChaosCloth
LogPluginManager: Mounting plugin ChaosClothEditor
LogPluginManager: Mounting plugin ChaosEditor
LogPluginManager: Mounting plugin ChaosNiagara
LogPluginManager: Mounting plugin ChaosSolverPlugin
LogPluginManager: Mounting plugin CharacterAI
LogPluginManager: Mounting plugin GeometryCache
LogPluginManager: Mounting plugin GeometryCollectionPlugin
LogPluginManager: Mounting plugin GeometryProcessing
LogPluginManager: Mounting plugin PlanarCut
LogPluginManager: Mounting plugin PlatformCrypto
LogPluginManager: Mounting plugin ProxyLODPlugin
LogPluginManager: Mounting plugin SkeletalReduction
LogPluginManager: Mounting plugin Niagara
LogPluginManager: Mounting plugin MagicLeap
LogPluginManager: Mounting plugin MagicLeapLightEstimation
LogPluginManager: Mounting plugin MagicLeapMedia
LogPluginManager: Mounting plugin MagicLeapPassableWorld
LogPluginManager: Mounting plugin MLSDK
LogPluginManager: Mounting plugin AndroidMedia
LogPluginManager: Mounting plugin AvfMedia
LogPluginManager: Mounting plugin ImgMedia
LogPluginManager: Mounting plugin MediaCompositing
LogPluginManager: Mounting plugin MediaPlayerEditor
LogPluginManager: Mounting plugin WebMMedia
LogPluginManager: Mounting plugin WmfMedia
LogPluginManager: Mounting plugin MeshPainting
LogPluginManager: Mounting plugin TcpMessaging
LogPluginManager: Mounting plugin UdpMessaging
LogPluginManager: Mounting plugin ActorSequence
LogPluginManager: Mounting plugin LevelSequenceEditor
LogPluginManager: Mounting plugin MatineeToLevelSequence
LogPluginManager: Mounting plugin MovieRenderPipeline
LogPluginManager: Mounting plugin TemplateSequence
LogPluginManager: Mounting plugin NetcodeUnitTest
LogPluginManager: Mounting plugin NUTUnrealEngine4
LogPluginManager: Mounting plugin OnlineSubsystemGooglePlay
LogPluginManager: Mounting plugin OnlineSubsystemIOS
LogPluginManager: Mounting plugin OnlineSubsystem
LogPluginManager: Mounting plugin OnlineSubsystemNull
LogPluginManager: Mounting plugin OnlineSubsystemUtils
LogPluginManager: Mounting plugin LauncherChunkInstaller
LogPluginManager: Mounting plugin AndroidDeviceProfileSelector
LogPluginManager: Mounting plugin AndroidMoviePlayer
LogPluginManager: Mounting plugin AndroidPermission
LogPluginManager: Mounting plugin AppleImageUtils
LogPluginManager: Mounting plugin AppleMoviePlayer
LogPluginManager: Mounting plugin ArchVisCharacter
LogPluginManager: Mounting plugin AssetTags
LogPluginManager: Mounting plugin AudioCapture
LogPluginManager: Mounting plugin CableComponent
LogPluginManager: Mounting plugin CustomMeshComponent
LogPluginManager: Mounting plugin EditableMesh
LogPluginManager: Mounting plugin ExampleDeviceProfileSelector
LogPluginManager: Mounting plugin GoogleCloudMessaging
LogPluginManager: Mounting plugin GooglePAD
LogPluginManager: Mounting plugin IOSDeviceProfileSelector
LogPluginManager: Mounting plugin LinuxDeviceProfileSelector
LogPluginManager: Mounting plugin LocationServicesBPLibrary
LogPluginManager: Mounting plugin MobilePatchingUtils
LogPluginManager: Mounting plugin OculusVR
LogPluginManager: Mounting plugin PhysXVehicles
LogPluginManager: Mounting plugin PostSplashScreen
LogPluginManager: Mounting plugin ProceduralMeshComponent
LogPluginManager: Mounting plugin RuntimePhysXCooking
LogPluginManager: Mounting plugin SignificanceManager
LogPluginManager: Mounting plugin SoundFields
LogPluginManager: Mounting plugin SteamVR
LogPluginManager: Mounting plugin Synthesis
LogPluginManager: Mounting plugin WebMMoviePlayer
LogPluginManager: Mounting plugin WindowsMoviePlayer
LogPluginManager: Mounting plugin ScreenshotTools
LogInit: Using libcurl 7.55.1-DEV
LogInit:  - built for x86_64-pc-win32
LogInit:  - supports SSL with OpenSSL/1.1.1
LogInit:  - supports HTTP deflate (compression) using libz 1.2.8
LogInit:  - other features:
LogInit:      CURL_VERSION_SSL
LogInit:      CURL_VERSION_LIBZ
LogInit:      CURL_VERSION_IPV6
LogInit:      CURL_VERSION_ASYNCHDNS
LogInit:      CURL_VERSION_LARGEFILE
LogInit:      CURL_VERSION_IDN
LogInit:  CurlRequestOptions (configurable via config and command line):
LogInit:  - bVerifyPeer = true  - Libcurl will verify peer certificate
LogInit:  - bUseHttpProxy = false  - Libcurl will NOT use HTTP proxy
LogInit:  - bDontReuseConnections = false  - Libcurl will reuse connections
LogInit:  - MaxHostConnections = 16  - Libcurl will limit the number of connections to a host
LogInit:  - LocalHostAddr = Default
LogInit:  - BufferSize = 65536
LogOnline: OSS: Creating online subsystem instance for: NULL
LogInit: WinSock: version 1.1 (2.2), MaxSocks=32767, MaxUdp=65467
LogOnline: OSS: TryLoadSubsystemAndSetDefault: Loaded subsystem for module [NULL]
LogInit: Build: ++UE4+Release-4.25-CL-13594126
LogInit: Engine Version: 4.25.1-13594126+++UE4+Release-4.25
LogInit: Compatible Engine Version: 4.25.0-13144385+++UE4+Release-4.25
LogInit: Net CL: 13144385
LogInit: OS: Windows 10 (Release 2004) (), CPU: AMD Ryzen 5 3600X 6-Core Processor             , GPU: AMD Radeon RX 5600 XT
LogInit: Compiled (64-bit): Jun  2 2020 02:10:36
LogInit: Compiled with Visual C++: 19.24.28315.00
LogInit: Build Configuration: Development
LogInit: Branch Name: ++UE4+Release-4.25
LogInit: Command Line: 
LogInit: Base Directory: C:/Program Files/Epic Games/UE_4.25/Engine/Binaries/Win64/
LogInit: Allocator: TBB
LogInit: Installed Engine Build: 1
LogDevObjectVersion: Number of dev versions registered: 26
LogDevObjectVersion:   Dev-Blueprints (B0D832E4-1F89-4F0D-ACCF-7EB736FD4AA2): 10
LogDevObjectVersion:   Dev-Build (E1C64328-A22C-4D53-A36C-8E866417BD8C): 0
LogDevObjectVersion:   Dev-Core (375EC13C-06E4-48FB-B500-84F0262A717E): 4
LogDevObjectVersion:   Dev-Editor (E4B068ED-F494-42E9-A231-DA0B2E46BB41): 38
LogDevObjectVersion:   Dev-Framework (CFFC743F-43B0-4480-9391-14DF171D2073): 37
LogDevObjectVersion:   Dev-Mobile (B02B49B5-BB20-44E9-A304-32B752E40360): 2
LogDevObjectVersion:   Dev-Networking (A4E4105C-59A1-49B5-A7C5-40C4547EDFEE): 0
LogDevObjectVersion:   Dev-Online (39C831C9-5AE6-47DC-9A44-9C173E1C8E7C): 0
LogDevObjectVersion:   Dev-Physics (78F01B33-EBEA-4F98-B9B4-84EACCB95AA2): 4
LogDevObjectVersion:   Dev-Platform (6631380F-2D4D-43E0-8009-CF276956A95A): 0
LogDevObjectVersion:   Dev-Rendering (12F88B9F-8875-4AFC-A67C-D90C383ABD29): 43
LogDevObjectVersion:   Dev-Sequencer (7B5AE74C-D270-4C10-A958-57980B212A5A): 12
LogDevObjectVersion:   Dev-VR (D7296918-1DD6-4BDD-9DE2-64A83CC13884): 3
LogDevObjectVersion:   Dev-LoadTimes (C2A15278-BFE7-4AFE-6C17-90FF531DF755): 1
LogDevObjectVersion:   Private-Geometry (6EACA3D4-40EC-4CC1-B786-8BED09428FC5): 3
LogDevObjectVersion:   Dev-AnimPhys (29E575DD-E0A3-4627-9D10-D276232CDCEA): 17
LogDevObjectVersion:   Dev-Anim (AF43A65D-7FD3-4947-9873-3E8ED9C1BB05): 7
LogDevObjectVersion:   Dev-ReflectionCapture (6B266CEC-1EC7-4B8F-A30B-E4D90942FC07): 1
LogDevObjectVersion:   Dev-Automation (0DF73D61-A23F-47EA-B727-89E90C41499A): 1
LogDevObjectVersion:   FortniteMain (601D1886-AC64-4F84-AA16-D3DE0DEAC7D6): 31
LogDevObjectVersion:   Dev-Enterprise (9DFFBCD6-494F-0158-E221-12823C92A888): 10
LogDevObjectVersion:   Dev-Niagara (F2AED0AC-9AFE-416F-8664-AA7FFA26D6FC): 1
LogDevObjectVersion:   Dev-Destruction (174F1F0B-B4C6-45A5-B13F-2EE8D0FB917D): 10
LogDevObjectVersion:   Dev-Physics-Ext (35F94A83-E258-406C-A318-09F59610247C): 37
LogDevObjectVersion:   Dev-PhysicsMaterial-Chaos (B68FC16E-8B1B-42E2-B453-215C058844FE): 1
LogDevObjectVersion:   Dev-CineCamera (B2E18506-4273-CFC2-A54E-F4BB758BBA07): 1
LogInit: Presizing for max 25165824 objects, including 0 objects not considered by GC, pre-allocating 0 bytes for permanent pool.
LogConfig: Applying CVar settings from Section [/Script/Engine.StreamingSettings] File [C:/Users/Marc/Documents/GitHub/H-Hour/H_Hour/Saved/Config/Windows/Engine.ini]
LogConfig: Setting CVar [[s.MinBulkDataSizeForAsyncLoading:131072]]
LogConfig: Setting CVar [[s.AsyncLoadingThreadEnabled:0]]
LogConfig: Setting CVar [[s.EventDrivenLoaderEnabled:1]]
LogConfig: Setting CVar [[s.WarnIfTimeLimitExceeded:0]]
LogConfig: Setting CVar [[s.TimeLimitExceededMultiplier:1.5]]
LogConfig: Setting CVar [[s.TimeLimitExceededMinTime:0.005]]
LogConfig: Setting CVar [[s.UseBackgroundLevelStreaming:1]]
LogConfig: Setting CVar [[s.PriorityAsyncLoadingExtraTime:15.0]]
LogConfig: Setting CVar [[s.LevelStreamingActorsUpdateTimeLimit:5.0]]
LogConfig: Setting CVar [[s.PriorityLevelStreamingActorsUpdateExtraTime:5.0]]
LogConfig: Setting CVar [[s.LevelStreamingComponentsRegistrationGranularity:10]]
LogConfig: Setting CVar [[s.UnregisterComponentsTimeLimit:1.0]]
LogConfig: Setting CVar [[s.LevelStreamingComponentsUnregistrationGranularity:5]]
LogConfig: Setting CVar [[s.FlushStreamingOnExit:1]]
LogInit: Object subsystem initialized
LogConfig: Setting CVar [[con.DebugEarlyDefault:1]]
LogConfig: Setting CVar [[r.setres:1280x720]]
[2020.06.28-16.28.35:581][  0]LogConfig: Setting CVar [[r.VSync:0]]
[2020.06.28-16.28.35:581][  0]LogConfig: Setting CVar [[r.RHICmdBypass:0]]
[2020.06.28-16.28.35:581][  0]LogConfig: Applying CVar settings from Section [/Script/Engine.RendererSettings] File [C:/Users/Marc/Documents/GitHub/H-Hour/H_Hour/Saved/Config/Windows/Engine.ini]
[2020.06.28-16.28.35:581][  0]LogConfig: Setting CVar [[r.GPUCrashDebugging:0]]
[2020.06.28-16.28.35:581][  0]LogConfig: Setting CVar [[r.SkinCache.CompileShaders:1]]
[2020.06.28-16.28.35:581][  0]LogConfig: Setting CVar [[r.RayTracing:1]]
[2020.06.28-16.28.35:581][  0]LogConfig: Applying CVar settings from Section [/Script/Engine.RendererOverrideSettings] File [C:/Users/Marc/Documents/GitHub/H-Hour/H_Hour/Saved/Config/Windows/Engine.ini]
[2020.06.28-16.28.35:581][  0]LogConfig: Applying CVar settings from Section [/Script/Engine.StreamingSettings] File [C:/Users/Marc/Documents/GitHub/H-Hour/H_Hour/Saved/Config/Windows/Engine.ini]
[2020.06.28-16.28.35:581][  0]LogConfig: Setting CVar [[s.MinBulkDataSizeForAsyncLoading:131072]]
[2020.06.28-16.28.35:581][  0]LogConfig: Setting CVar [[s.AsyncLoadingThreadEnabled:0]]
[2020.06.28-16.28.35:581][  0]LogConfig: Setting CVar [[s.EventDrivenLoaderEnabled:1]]
[2020.06.28-16.28.35:581][  0]LogConfig: Setting CVar [[s.WarnIfTimeLimitExceeded:0]]
[2020.06.28-16.28.35:581][  0]LogConfig: Setting CVar [[s.TimeLimitExceededMultiplier:1.5]]
[2020.06.28-16.28.35:581][  0]LogConfig: Setting CVar [[s.TimeLimitExceededMinTime:0.005]]
[2020.06.28-16.28.35:581][  0]LogConfig: Setting CVar [[s.UseBackgroundLevelStreaming:1]]
[2020.06.28-16.28.35:581][  0]LogConfig: Setting CVar [[s.PriorityAsyncLoadingExtraTime:15.0]]
[2020.06.28-16.28.35:581][  0]LogConfig: Setting CVar [[s.LevelStreamingActorsUpdateTimeLimit:5.0]]
[2020.06.28-16.28.35:581][  0]LogConfig: Setting CVar [[s.PriorityLevelStreamingActorsUpdateExtraTime:5.0]]
[2020.06.28-16.28.35:581][  0]LogConfig: Setting CVar [[s.LevelStreamingComponentsRegistrationGranularity:10]]
[2020.06.28-16.28.35:581][  0]LogConfig: Setting CVar [[s.UnregisterComponentsTimeLimit:1.0]]
[2020.06.28-16.28.35:581][  0]LogConfig: Setting CVar [[s.LevelStreamingComponentsUnregistrationGranularity:5]]
[2020.06.28-16.28.35:581][  0]LogConfig: Setting CVar [[s.FlushStreamingOnExit:1]]
[2020.06.28-16.28.35:581][  0]LogConfig: Applying CVar settings from Section [/Script/Engine.GarbageCollectionSettings] File [C:/Users/Marc/Documents/GitHub/H-Hour/H_Hour/Saved/Config/Windows/Engine.ini]
[2020.06.28-16.28.35:581][  0]LogConfig: Setting CVar [[gc.MaxObjectsNotConsideredByGC:1]]
[2020.06.28-16.28.35:581][  0]LogConfig: Setting CVar [[gc.SizeOfPermanentObjectPool:0]]
[2020.06.28-16.28.35:581][  0]LogConfig: Setting CVar [[gc.FlushStreamingOnGC:0]]
[2020.06.28-16.28.35:581][  0]LogConfig: Setting CVar [[gc.NumRetriesBeforeForcingGC:10]]
[2020.06.28-16.28.35:581][  0]LogConfig: Setting CVar [[gc.AllowParallelGC:1]]
[2020.06.28-16.28.35:581][  0]LogConfig: Setting CVar [[gc.TimeBetweenPurgingPendingKillObjects:61.1]]
[2020.06.28-16.28.35:581][  0]LogConfig: Setting CVar [[gc.MaxObjectsInEditor:25165824]]
[2020.06.28-16.28.35:581][  0]LogConfig: Setting CVar [[gc.IncrementalBeginDestroyEnabled:1]]
[2020.06.28-16.28.35:581][  0]LogConfig: Setting CVar [[gc.CreateGCClusters:1]]
[2020.06.28-16.28.35:581][  0]LogConfig: Setting CVar [[gc.MinGCClusterSize:5]]
[2020.06.28-16.28.35:581][  0]LogConfig: Setting CVar [[gc.ActorClusteringEnabled:0]]
[2020.06.28-16.28.35:581][  0]LogConfig: Setting CVar [[gc.BlueprintClusteringEnabled:0]]
[2020.06.28-16.28.35:581][  0]LogConfig: Setting CVar [[gc.UseDisregardForGCOnDedicatedServers:0]]
[2020.06.28-16.28.35:581][  0]LogConfig: Applying CVar settings from Section [/Script/Engine.NetworkSettings] File [C:/Users/Marc/Documents/GitHub/H-Hour/H_Hour/Saved/Config/Windows/Engine.ini]
[2020.06.28-16.28.35:581][  0]LogConfig: Applying CVar settings from Section [/Script/UnrealEd.CookerSettings] File [C:/Users/Marc/Documents/GitHub/H-Hour/H_Hour/Saved/Config/Windows/Engine.ini]
[2020.06.28-16.28.35:584][  0]LogConfig: Applying CVar settings from Section [ViewDistanceQuality@3] File [C:/Users/Marc/Documents/GitHub/H-Hour/H_Hour/Saved/Config/Windows/Scalability.ini]
[2020.06.28-16.28.35:584][  0]LogConfig: Setting CVar [[r.SkeletalMeshLODBias:0]]
[2020.06.28-16.28.35:584][  0]LogConfig: Setting CVar [[r.ViewDistanceScale:1.0]]
[2020.06.28-16.28.35:584][  0]LogConfig: Applying CVar settings from Section [AntiAliasingQuality@3] File [C:/Users/Marc/Documents/GitHub/H-Hour/H_Hour/Saved/Config/Windows/Scalability.ini]
[2020.06.28-16.28.35:584][  0]LogConfig: Setting CVar [[r.PostProcessAAQuality:4]]
[2020.06.28-16.28.35:584][  0]LogConfig: Applying CVar settings from Section [ShadowQuality@3] File [C:/Users/Marc/Documents/GitHub/H-Hour/H_Hour/Saved/Config/Windows/Scalability.ini]
[2020.06.28-16.28.35:584][  0]LogConfig: Setting CVar [[r.LightFunctionQuality:1]]
[2020.06.28-16.28.35:584][  0]LogConfig: Setting CVar [[r.ShadowQuality:5]]
[2020.06.28-16.28.35:584][  0]LogConfig: Setting CVar [[r.Shadow.CSM.MaxCascades:10]]
[2020.06.28-16.28.35:584][  0]LogConfig: Setting CVar [[r.Shadow.MaxResolution:2048]]
[2020.06.28-16.28.35:584][  0]LogConfig: Setting CVar [[r.Shadow.MaxCSMResolution:2048]]
[2020.06.28-16.28.35:584][  0]LogConfig: Setting CVar [[r.Shadow.RadiusThreshold:0.01]]
[2020.06.28-16.28.35:584][  0]LogConfig: Setting CVar [[r.Shadow.DistanceScale:1.0]]
[2020.06.28-16.28.35:584][  0]LogConfig: Setting CVar [[r.Shadow.CSM.TransitionScale:1.0]]
[2020.06.28-16.28.35:584][  0]LogConfig: Setting CVar [[r.Shadow.PreShadowResolutionFactor:1.0]]
[2020.06.28-16.28.35:584][  0]LogConfig: Setting CVar [[r.DistanceFieldShadowing:1]]
[2020.06.28-16.28.35:584][  0]LogConfig: Setting CVar [[r.DistanceFieldAO:1]]
[2020.06.28-16.28.35:584][  0]LogConfig: Setting CVar [[r.AOQuality:2]]
[2020.06.28-16.28.35:584][  0]LogConfig: Setting CVar [[r.VolumetricFog:1]]
[2020.06.28-16.28.35:584][  0]LogConfig: Setting CVar [[r.VolumetricFog.GridPixelSize:8]]
[2020.06.28-16.28.35:584][  0]LogConfig: Setting CVar [[r.VolumetricFog.GridSizeZ:128]]
[2020.06.28-16.28.35:584][  0]LogConfig: Setting CVar [[r.VolumetricFog.HistoryMissSupersampleCount:4]]
[2020.06.28-16.28.35:584][  0]LogConfig: Setting CVar [[r.LightMaxDrawDistanceScale:1]]
[2020.06.28-16.28.35:584][  0]LogConfig: Setting CVar [[r.CapsuleShadows:1]]
[2020.06.28-16.28.35:584][  0]LogConfig: Applying CVar settings from Section [PostProcessQuality@3] File [C:/Users/Marc/Documents/GitHub/H-Hour/H_Hour/Saved/Config/Windows/Scalability.ini]
[2020.06.28-16.28.35:584][  0]LogConfig: Setting CVar [[r.MotionBlurQuality:4]]
[2020.06.28-16.28.35:584][  0]LogConfig: Setting CVar [[r.AmbientOcclusionMipLevelFactor:0.4]]
[2020.06.28-16.28.35:584][  0]LogConfig: Setting CVar [[r.AmbientOcclusionMaxQuality:100]]
[2020.06.28-16.28.35:584][  0]LogConfig: Setting CVar [[r.AmbientOcclusionLevels:-1]]
[2020.06.28-16.28.35:584][  0]LogConfig: Setting CVar [[r.AmbientOcclusionRadiusScale:1.0]]
[2020.06.28-16.28.35:584][  0]LogConfig: Setting CVar [[r.DepthOfFieldQuality:2]]
[2020.06.28-16.28.35:584][  0]LogConfig: Setting CVar [[r.RenderTargetPoolMin:400]]
[2020.06.28-16.28.35:584][  0]LogConfig: Setting CVar [[r.LensFlareQuality:2]]
[2020.06.28-16.28.35:584][  0]LogConfig: Setting CVar [[r.SceneColorFringeQuality:1]]
[2020.06.28-16.28.35:584][  0]LogConfig: Setting CVar [[r.EyeAdaptationQuality:2]]
[2020.06.28-16.28.35:584][  0]LogConfig: Setting CVar [[r.BloomQuality:5]]
[2020.06.28-16.28.35:584][  0]LogConfig: Setting CVar [[r.FastBlurThreshold:100]]
[2020.06.28-16.28.35:584][  0]LogConfig: Setting CVar [[r.Upscale.Quality:3]]
[2020.06.28-16.28.35:584][  0]LogConfig: Setting CVar [[r.Tonemapper.GrainQuantization:1]]
[2020.06.28-16.28.35:584][  0]LogConfig: Setting CVar [[r.LightShaftQuality:1]]
[2020.06.28-16.28.35:584][  0]LogConfig: Setting CVar [[r.Filter.SizeScale:1]]
[2020.06.28-16.28.35:584][  0]LogConfig: Setting CVar [[r.Tonemapper.Quality:5]]
[2020.06.28-16.28.35:584][  0]LogConfig: Setting CVar [[r.DOF.Gather.AccumulatorQuality:1        ; higher gathering accumulator quality]]
[2020.06.28-16.28.35:584][  0]LogConfig: Setting CVar [[r.DOF.Gather.PostfilterMethod:1          ; Median3x3 postfilering method]]
[2020.06.28-16.28.35:584][  0]LogConfig: Setting CVar [[r.DOF.Gather.EnableBokehSettings:0       ; no bokeh simulation when gathering]]
[2020.06.28-16.28.35:584][  0]LogConfig: Setting CVar [[r.DOF.Gather.RingCount:4                 ; medium number of samples when gathering]]
[2020.06.28-16.28.35:584][  0]LogConfig: Setting CVar [[r.DOF.Scatter.ForegroundCompositing:1    ; additive foreground scattering]]
[2020.06.28-16.28.35:584][  0]LogConfig: Setting CVar [[r.DOF.Scatter.BackgroundCompositing:2    ; additive background scattering]]
[2020.06.28-16.28.35:584][  0]LogConfig: Setting CVar [[r.DOF.Scatter.EnableBokehSettings:1      ; bokeh simulation when scattering]]
[2020.06.28-16.28.35:584][  0]LogConfig: Setting CVar [[r.DOF.Scatter.MaxSpriteRatio:0.1         ; only a maximum of 10% of scattered bokeh]]
[2020.06.28-16.28.35:584][  0]LogConfig: Setting CVar [[r.DOF.Recombine.Quality:1                ; cheap slight out of focus]]
[2020.06.28-16.28.35:584][  0]LogConfig: Setting CVar [[r.DOF.Recombine.EnableBokehSettings:0    ; no bokeh simulation on slight out of focus]]
[2020.06.28-16.28.35:584][  0]LogConfig: Setting CVar [[r.DOF.TemporalAAQuality:1                ; more stable temporal accumulation]]
[2020.06.28-16.28.35:584][  0]LogConfig: Setting CVar [[r.DOF.Kernel.MaxForegroundRadius:0.025]]
[2020.06.28-16.28.35:584][  0]LogConfig: Setting CVar [[r.DOF.Kernel.MaxBackgroundRadius:0.025]]
[2020.06.28-16.28.35:584][  0]LogConfig: Applying CVar settings from Section [TextureQuality@3] File [C:/Users/Marc/Documents/GitHub/H-Hour/H_Hour/Saved/Config/Windows/Scalability.ini]
[2020.06.28-16.28.35:584][  0]LogConfig: Setting CVar [[r.Streaming.MipBias:0]]
[2020.06.28-16.28.35:584][  0]LogConfig: Setting CVar [[r.Streaming.AmortizeCPUToGPUCopy:0]]
[2020.06.28-16.28.35:584][  0]LogConfig: Setting CVar [[r.Streaming.MaxNumTexturesToStreamPerFrame:0]]
[2020.06.28-16.28.35:584][  0]LogConfig: Setting CVar [[r.Streaming.Boost:1]]
[2020.06.28-16.28.35:584][  0]LogConfig: Setting CVar [[r.MaxAnisotropy:8]]
[2020.06.28-16.28.35:584][  0]LogConfig: Setting CVar [[r.VT.MaxAnisotropy:8]]
[2020.06.28-16.28.35:584][  0]LogConfig: Setting CVar [[r.Streaming.LimitPoolSizeToVRAM:0]]
[2020.06.28-16.28.35:584][  0]LogConfig: Setting CVar [[r.Streaming.PoolSize:1000]]
[2020.06.28-16.28.35:585][  0]LogConfig: Setting CVar [[r.Streaming.MaxEffectiveScreenSize:0]]
[2020.06.28-16.28.35:585][  0]LogConfig: Applying CVar settings from Section [EffectsQuality@3] File [C:/Users/Marc/Documents/GitHub/H-Hour/H_Hour/Saved/Config/Windows/Scalability.ini]
[2020.06.28-16.28.35:585][  0]LogConfig: Setting CVar [[r.TranslucencyLightingVolumeDim:64]]
[2020.06.28-16.28.35:585][  0]LogConfig: Setting CVar [[r.RefractionQuality:2]]
[2020.06.28-16.28.35:585][  0]LogConfig: Setting CVar [[r.SSR.Quality:3]]
[2020.06.28-16.28.35:585][  0]LogConfig: Setting CVar [[r.SSR.HalfResSceneColor:0]]
[2020.06.28-16.28.35:585][  0]LogConfig: Setting CVar [[r.SceneColorFormat:4]]
[2020.06.28-16.28.35:585][  0]LogConfig: Setting CVar [[r.DetailMode:2]]
[2020.06.28-16.28.35:585][  0]LogConfig: Setting CVar [[r.TranslucencyVolumeBlur:1]]
[2020.06.28-16.28.35:585][  0]LogConfig: Setting CVar [[r.MaterialQualityLevel:1 ; High quality]]
[2020.06.28-16.28.35:585][  0]LogConfig: Setting CVar [[r.SSS.Scale:1]]
[2020.06.28-16.28.35:585][  0]LogConfig: Setting CVar [[r.SSS.SampleSet:2]]
[2020.06.28-16.28.35:585][  0]LogConfig: Setting CVar [[r.SSS.Quality:1]]
[2020.06.28-16.28.35:585][  0]LogConfig: Setting CVar [[r.SSS.HalfRes:0]]
[2020.06.28-16.28.35:585][  0]LogConfig: Setting CVar [[r.SSGI.Quality:3]]
[2020.06.28-16.28.35:585][  0]LogConfig: Setting CVar [[r.EmitterSpawnRateScale:1.0]]
[2020.06.28-16.28.35:585][  0]LogConfig: Setting CVar [[r.ParticleLightQuality:2]]
[2020.06.28-16.28.35:585][  0]LogConfig: Setting CVar [[r.SkyAtmosphere.AerialPerspectiveLUT.FastApplyOnOpaque:1 ; Always have FastSkyLUT 1 in this case to avoid wrong sky]]
[2020.06.28-16.28.35:585][  0]LogConfig: Setting CVar [[r.SkyAtmosphere.AerialPerspectiveLUT.SampleCountPerSlice:1]]
[2020.06.28-16.28.35:585][  0]LogConfig: Setting CVar [[r.SkyAtmosphere.AerialPerspectiveLUT.DepthResolution:16.0]]
[2020.06.28-16.28.35:585][  0]LogConfig: Setting CVar [[r.SkyAtmosphere.FastSkyLUT:1]]
[2020.06.28-16.28.35:585][  0]LogConfig: Setting CVar [[r.SkyAtmosphere.FastSkyLUT.SampleCountMin:4.0]]
[2020.06.28-16.28.35:585][  0]LogConfig: Setting CVar [[r.SkyAtmosphere.FastSkyLUT.SampleCountMax:32.0]]
[2020.06.28-16.28.35:585][  0]LogConfig: Setting CVar [[r.SkyAtmosphere.SampleCountMin:4.0]]
[2020.06.28-16.28.35:585][  0]LogConfig: Setting CVar [[r.SkyAtmosphere.SampleCountMax:32.0]]
[2020.06.28-16.28.35:585][  0]LogConfig: Setting CVar [[r.SkyAtmosphere.TransmittanceLUT.UseSmallFormat:0]]
[2020.06.28-16.28.35:585][  0]LogConfig: Setting CVar [[r.SkyAtmosphere.TransmittanceLUT.SampleCount:10.0]]
[2020.06.28-16.28.35:585][  0]LogConfig: Setting CVar [[r.SkyAtmosphere.MultiScatteringLUT.SampleCount:15.0]]
[2020.06.28-16.28.35:585][  0]LogConfig: Applying CVar settings from Section [FoliageQuality@3] File [C:/Users/Marc/Documents/GitHub/H-Hour/H_Hour/Saved/Config/Windows/Scalability.ini]
[2020.06.28-16.28.35:585][  0]LogConfig: Setting CVar [[foliage.DensityScale:1.0]]
[2020.06.28-16.28.35:585][  0]LogConfig: Setting CVar [[grass.DensityScale:1.0]]
[2020.06.28-16.28.35:585][  0]LogConfig: Applying CVar settings from Section [ShadingQuality@3] File [C:/Users/Marc/Documents/GitHub/H-Hour/H_Hour/Saved/Config/Windows/Scalability.ini]
[2020.06.28-16.28.35:585][  0]LogConfig: Setting CVar [[r.HairStrands.SkyLighting.SampleCount:16]]
[2020.06.28-16.28.35:585][  0]LogConfig: Setting CVar [[r.HairStrands.SkyLighting.JitterIntegration:0]]
[2020.06.28-16.28.35:585][  0]LogConfig: Setting CVar [[r.HairStrands.SkyAO.SampleCount:16]]
[2020.06.28-16.28.35:585][  0]LogConfig: Setting CVar [[r.HairStrands.DeepShadow.SuperSampling:0]]
[2020.06.28-16.28.35:585][  0]LogConfig: Setting CVar [[r.HairStrands.VisibilityPPLL:0]]
[2020.06.28-16.28.35:585][  0]LogConfig: Setting CVar [[r.HairStrands.RasterizationScale:0.5]]
[2020.06.28-16.28.35:585][  0]LogConfig: Setting CVar [[r.HairStrands.VelocityRasterizationScale:1]]
[2020.06.28-16.28.35:585][  0]LogInit: Selected Device Profile: [Windows]
[2020.06.28-16.28.35:585][  0]LogInit: Applying CVar settings loaded from the selected device profile: [Windows]
[2020.06.28-16.28.35:585][  0]LogHAL: Display: Platform has ~ 16 GB [17128390656 / 17179869184 / 16], which maps to Larger [LargestMinGB=32, LargerMinGB=12, DefaultMinGB=8, SmallerMinGB=6, SmallestMinGB=0)
[2020.06.28-16.28.35:585][  0]LogInit: Going up to parent DeviceProfile []
[2020.06.28-16.28.35:585][  0]LogConfig: Applying CVar settings from Section [ViewDistanceQuality@3] File [C:/Users/Marc/Documents/GitHub/H-Hour/H_Hour/Saved/Config/Windows/Scalability.ini]
[2020.06.28-16.28.35:585][  0]LogConfig: Setting CVar [[r.SkeletalMeshLODBias:0]]
[2020.06.28-16.28.35:585][  0]LogConfig: Setting CVar [[r.ViewDistanceScale:1.0]]
[2020.06.28-16.28.35:585][  0]LogConfig: Applying CVar settings from Section [AntiAliasingQuality@3] File [C:/Users/Marc/Documents/GitHub/H-Hour/H_Hour/Saved/Config/Windows/Scalability.ini]
[2020.06.28-16.28.35:585][  0]LogConfig: Setting CVar [[r.PostProcessAAQuality:4]]
[2020.06.28-16.28.35:585][  0]LogConfig: Applying CVar settings from Section [ShadowQuality@3] File [C:/Users/Marc/Documents/GitHub/H-Hour/H_Hour/Saved/Config/Windows/Scalability.ini]
[2020.06.28-16.28.35:585][  0]LogConfig: Setting CVar [[r.LightFunctionQuality:1]]
[2020.06.28-16.28.35:585][  0]LogConfig: Setting CVar [[r.ShadowQuality:5]]
[2020.06.28-16.28.35:585][  0]LogConfig: Setting CVar [[r.Shadow.CSM.MaxCascades:10]]
[2020.06.28-16.28.35:585][  0]LogConfig: Setting CVar [[r.Shadow.MaxResolution:2048]]
[2020.06.28-16.28.35:585][  0]LogConfig: Setting CVar [[r.Shadow.MaxCSMResolution:2048]]
[2020.06.28-16.28.35:585][  0]LogConfig: Setting CVar [[r.Shadow.RadiusThreshold:0.01]]
[2020.06.28-16.28.35:585][  0]LogConfig: Setting CVar [[r.Shadow.DistanceScale:1.0]]
[2020.06.28-16.28.35:585][  0]LogConfig: Setting CVar [[r.Shadow.CSM.TransitionScale:1.0]]
[2020.06.28-16.28.35:585][  0]LogConfig: Setting CVar [[r.Shadow.PreShadowResolutionFactor:1.0]]
[2020.06.28-16.28.35:585][  0]LogConfig: Setting CVar [[r.DistanceFieldShadowing:1]]
[2020.06.28-16.28.35:585][  0]LogConfig: Setting CVar [[r.DistanceFieldAO:1]]
[2020.06.28-16.28.35:585][  0]LogConfig: Setting CVar [[r.AOQuality:2]]
[2020.06.28-16.28.35:585][  0]LogConfig: Setting CVar [[r.VolumetricFog:1]]
[2020.06.28-16.28.35:585][  0]LogConfig: Setting CVar [[r.VolumetricFog.GridPixelSize:8]]
[2020.06.28-16.28.35:585][  0]LogConfig: Setting CVar [[r.VolumetricFog.GridSizeZ:128]]
[2020.06.28-16.28.35:585][  0]LogConfig: Setting CVar [[r.VolumetricFog.HistoryMissSupersampleCount:4]]
[2020.06.28-16.28.35:585][  0]LogConfig: Setting CVar [[r.LightMaxDrawDistanceScale:1]]
[2020.06.28-16.28.35:585][  0]LogConfig: Setting CVar [[r.CapsuleShadows:1]]
[2020.06.28-16.28.35:585][  0]LogConfig: Applying CVar settings from Section [PostProcessQuality@3] File [C:/Users/Marc/Documents/GitHub/H-Hour/H_Hour/Saved/Config/Windows/Scalability.ini]
[2020.06.28-16.28.35:585][  0]LogConfig: Setting CVar [[r.MotionBlurQuality:4]]
[2020.06.28-16.28.35:585][  0]LogConfig: Setting CVar [[r.AmbientOcclusionMipLevelFactor:0.4]]
[2020.06.28-16.28.35:585][  0]LogConfig: Setting CVar [[r.AmbientOcclusionMaxQuality:100]]
[2020.06.28-16.28.35:585][  0]LogConfig: Setting CVar [[r.AmbientOcclusionLevels:-1]]
[2020.06.28-16.28.35:585][  0]LogConfig: Setting CVar [[r.AmbientOcclusionRadiusScale:1.0]]
[2020.06.28-16.28.35:585][  0]LogConfig: Setting CVar [[r.DepthOfFieldQuality:2]]
[2020.06.28-16.28.35:585][  0]LogConfig: Setting CVar [[r.RenderTargetPoolMin:400]]
[2020.06.28-16.28.35:585][  0]LogConfig: Setting CVar [[r.LensFlareQuality:2]]
[2020.06.28-16.28.35:585][  0]LogConfig: Setting CVar [[r.SceneColorFringeQuality:1]]
[2020.06.28-16.28.35:585][  0]LogConfig: Setting CVar [[r.EyeAdaptationQuality:2]]
[2020.06.28-16.28.35:585][  0]LogConfig: Setting CVar [[r.BloomQuality:5]]
[2020.06.28-16.28.35:585][  0]LogConfig: Setting CVar [[r.FastBlurThreshold:100]]
[2020.06.28-16.28.35:585][  0]LogConfig: Setting CVar [[r.Upscale.Quality:3]]
[2020.06.28-16.28.35:585][  0]LogConfig: Setting CVar [[r.Tonemapper.GrainQuantization:1]]
[2020.06.28-16.28.35:585][  0]LogConfig: Setting CVar [[r.LightShaftQuality:1]]
[2020.06.28-16.28.35:585][  0]LogConfig: Setting CVar [[r.Filter.SizeScale:1]]
[2020.06.28-16.28.35:585][  0]LogConfig: Setting CVar [[r.Tonemapper.Quality:5]]
[2020.06.28-16.28.35:585][  0]LogConfig: Setting CVar [[r.DOF.Gather.AccumulatorQuality:1        ; higher gathering accumulator quality]]
[2020.06.28-16.28.35:585][  0]LogConfig: Setting CVar [[r.DOF.Gather.PostfilterMethod:1          ; Median3x3 postfilering method]]
[2020.06.28-16.28.35:585][  0]LogConfig: Setting CVar [[r.DOF.Gather.EnableBokehSettings:0       ; no bokeh simulation when gathering]]
[2020.06.28-16.28.35:585][  0]LogConfig: Setting CVar [[r.DOF.Gather.RingCount:4                 ; medium number of samples when gathering]]
[2020.06.28-16.28.35:585][  0]LogConfig: Setting CVar [[r.DOF.Scatter.ForegroundCompositing:1    ; additive foreground scattering]]
[2020.06.28-16.28.35:585][  0]LogConfig: Setting CVar [[r.DOF.Scatter.BackgroundCompositing:2    ; additive background scattering]]
[2020.06.28-16.28.35:585][  0]LogConfig: Setting CVar [[r.DOF.Scatter.EnableBokehSettings:1      ; bokeh simulation when scattering]]
[2020.06.28-16.28.35:586][  0]LogConfig: Setting CVar [[r.DOF.Scatter.MaxSpriteRatio:0.1         ; only a maximum of 10% of scattered bokeh]]
[2020.06.28-16.28.35:586][  0]LogConfig: Setting CVar [[r.DOF.Recombine.Quality:1                ; cheap slight out of focus]]
[2020.06.28-16.28.35:586][  0]LogConfig: Setting CVar [[r.DOF.Recombine.EnableBokehSettings:0    ; no bokeh simulation on slight out of focus]]
[2020.06.28-16.28.35:586][  0]LogConfig: Setting CVar [[r.DOF.TemporalAAQuality:1                ; more stable temporal accumulation]]
[2020.06.28-16.28.35:586][  0]LogConfig: Setting CVar [[r.DOF.Kernel.MaxForegroundRadius:0.025]]
[2020.06.28-16.28.35:586][  0]LogConfig: Setting CVar [[r.DOF.Kernel.MaxBackgroundRadius:0.025]]
[2020.06.28-16.28.35:586][  0]LogConfig: Applying CVar settings from Section [TextureQuality@3] File [C:/Users/Marc/Documents/GitHub/H-Hour/H_Hour/Saved/Config/Windows/Scalability.ini]
[2020.06.28-16.28.35:586][  0]LogConfig: Setting CVar [[r.Streaming.MipBias:0]]
[2020.06.28-16.28.35:586][  0]LogConfig: Setting CVar [[r.Streaming.AmortizeCPUToGPUCopy:0]]
[2020.06.28-16.28.35:586][  0]LogConfig: Setting CVar [[r.Streaming.MaxNumTexturesToStreamPerFrame:0]]
[2020.06.28-16.28.35:586][  0]LogConfig: Setting CVar [[r.Streaming.Boost:1]]
[2020.06.28-16.28.35:586][  0]LogConfig: Setting CVar [[r.MaxAnisotropy:8]]
[2020.06.28-16.28.35:586][  0]LogConfig: Setting CVar [[r.VT.MaxAnisotropy:8]]
[2020.06.28-16.28.35:586][  0]LogConfig: Setting CVar [[r.Streaming.LimitPoolSizeToVRAM:0]]
[2020.06.28-16.28.35:586][  0]LogConfig: Setting CVar [[r.Streaming.PoolSize:1000]]
[2020.06.28-16.28.35:586][  0]LogConfig: Setting CVar [[r.Streaming.MaxEffectiveScreenSize:0]]
[2020.06.28-16.28.35:586][  0]LogConfig: Applying CVar settings from Section [EffectsQuality@3] File [C:/Users/Marc/Documents/GitHub/H-Hour/H_Hour/Saved/Config/Windows/Scalability.ini]
[2020.06.28-16.28.35:586][  0]LogConfig: Setting CVar [[r.TranslucencyLightingVolumeDim:64]]
[2020.06.28-16.28.35:586][  0]LogConfig: Setting CVar [[r.RefractionQuality:2]]
[2020.06.28-16.28.35:586][  0]LogConfig: Setting CVar [[r.SSR.Quality:3]]
[2020.06.28-16.28.35:586][  0]LogConfig: Setting CVar [[r.SSR.HalfResSceneColor:0]]
[2020.06.28-16.28.35:586][  0]LogConfig: Setting CVar [[r.SceneColorFormat:4]]
[2020.06.28-16.28.35:586][  0]LogConfig: Setting CVar [[r.DetailMode:2]]
[2020.06.28-16.28.35:586][  0]LogConfig: Setting CVar [[r.TranslucencyVolumeBlur:1]]
[2020.06.28-16.28.35:586][  0]LogConfig: Setting CVar [[r.MaterialQualityLevel:1 ; High quality]]
[2020.06.28-16.28.35:586][  0]LogConfig: Setting CVar [[r.SSS.Scale:1]]
[2020.06.28-16.28.35:586][  0]LogConfig: Setting CVar [[r.SSS.SampleSet:2]]
[2020.06.28-16.28.35:586][  0]LogConfig: Setting CVar [[r.SSS.Quality:1]]
[2020.06.28-16.28.35:586][  0]LogConfig: Setting CVar [[r.SSS.HalfRes:0]]
[2020.06.28-16.28.35:586][  0]LogConfig: Setting CVar [[r.SSGI.Quality:3]]
[2020.06.28-16.28.35:586][  0]LogConfig: Setting CVar [[r.EmitterSpawnRateScale:1.0]]
[2020.06.28-16.28.35:586][  0]LogConfig: Setting CVar [[r.ParticleLightQuality:2]]
[2020.06.28-16.28.35:586][  0]LogConfig: Setting CVar [[r.SkyAtmosphere.AerialPerspectiveLUT.FastApplyOnOpaque:1 ; Always have FastSkyLUT 1 in this case to avoid wrong sky]]
[2020.06.28-16.28.35:586][  0]LogConfig: Setting CVar [[r.SkyAtmosphere.AerialPerspectiveLUT.SampleCountPerSlice:1]]
[2020.06.28-16.28.35:586][  0]LogConfig: Setting CVar [[r.SkyAtmosphere.AerialPerspectiveLUT.DepthResolution:16.0]]
[2020.06.28-16.28.35:586][  0]LogConfig: Setting CVar [[r.SkyAtmosphere.FastSkyLUT:1]]
[2020.06.28-16.28.35:586][  0]LogConfig: Setting CVar [[r.SkyAtmosphere.FastSkyLUT.SampleCountMin:4.0]]
[2020.06.28-16.28.35:586][  0]LogConfig: Setting CVar [[r.SkyAtmosphere.FastSkyLUT.SampleCountMax:32.0]]
[2020.06.28-16.28.35:586][  0]LogConfig: Setting CVar [[r.SkyAtmosphere.SampleCountMin:4.0]]
[2020.06.28-16.28.35:586][  0]LogConfig: Setting CVar [[r.SkyAtmosphere.SampleCountMax:32.0]]
[2020.06.28-16.28.35:586][  0]LogConfig: Setting CVar [[r.SkyAtmosphere.TransmittanceLUT.UseSmallFormat:0]]
[2020.06.28-16.28.35:586][  0]LogConfig: Setting CVar [[r.SkyAtmosphere.TransmittanceLUT.SampleCount:10.0]]
[2020.06.28-16.28.35:586][  0]LogConfig: Setting CVar [[r.SkyAtmosphere.MultiScatteringLUT.SampleCount:15.0]]
[2020.06.28-16.28.35:586][  0]LogConfig: Applying CVar settings from Section [FoliageQuality@3] File [C:/Users/Marc/Documents/GitHub/H-Hour/H_Hour/Saved/Config/Windows/Scalability.ini]
[2020.06.28-16.28.35:586][  0]LogConfig: Setting CVar [[foliage.DensityScale:1.0]]
[2020.06.28-16.28.35:586][  0]LogConfig: Setting CVar [[grass.DensityScale:1.0]]
[2020.06.28-16.28.35:586][  0]LogConfig: Applying CVar settings from Section [ShadingQuality@3] File [C:/Users/Marc/Documents/GitHub/H-Hour/H_Hour/Saved/Config/Windows/Scalability.ini]
[2020.06.28-16.28.35:586][  0]LogConfig: Setting CVar [[r.HairStrands.SkyLighting.SampleCount:16]]
[2020.06.28-16.28.35:586][  0]LogConfig: Setting CVar [[r.HairStrands.SkyLighting.JitterIntegration:0]]
[2020.06.28-16.28.35:586][  0]LogConfig: Setting CVar [[r.HairStrands.SkyAO.SampleCount:16]]
[2020.06.28-16.28.35:586][  0]LogConfig: Setting CVar [[r.HairStrands.DeepShadow.SuperSampling:0]]
[2020.06.28-16.28.35:586][  0]LogConfig: Setting CVar [[r.HairStrands.VisibilityPPLL:0]]
[2020.06.28-16.28.35:586][  0]LogConfig: Setting CVar [[r.HairStrands.RasterizationScale:0.5]]
[2020.06.28-16.28.35:586][  0]LogConfig: Setting CVar [[r.HairStrands.VelocityRasterizationScale:1]]
[2020.06.28-16.28.35:586][  0]LogConfig: Applying CVar settings from Section [Startup] File [../../../Engine/Config/ConsoleVariables.ini]
[2020.06.28-16.28.35:586][  0]LogConfig: Setting CVar [[net.UseAdaptiveNetUpdateFrequency:0]]
[2020.06.28-16.28.35:586][  0]LogConfig: Setting CVar [[p.chaos.AllowCreatePhysxBodies:1]]
[2020.06.28-16.28.35:586][  0]LogConfig: Setting CVar [[fx.SkipVectorVMBackendOptimizations:1]]
[2020.06.28-16.28.35:586][  0]LogConfig: Applying CVar settings from Section [ConsoleVariables] File [C:/Users/Marc/Documents/GitHub/H-Hour/H_Hour/Saved/Config/Windows/Engine.ini]
[2020.06.28-16.28.35:586][  0]LogInit: Computer: DESKTOP-GLJLR1B
[2020.06.28-16.28.35:586][  0]LogInit: User: Marc
[2020.06.28-16.28.35:586][  0]LogInit: CPU Page size=4096, Cores=6
[2020.06.28-16.28.35:586][  0]LogInit: High frequency timer resolution =10.000000 MHz
[2020.06.28-16.28.35:586][  0]LogMemory: Memory total: Physical=16.0GB (16GB approx)
[2020.06.28-16.28.35:586][  0]LogMemory: Platform Memory Stats for Windows
[2020.06.28-16.28.35:586][  0]LogMemory: Process Physical Memory: 116.42 MB used, 116.42 MB peak
[2020.06.28-16.28.35:586][  0]LogMemory: Process Virtual Memory: 97.26 MB used, 97.26 MB peak
[2020.06.28-16.28.35:587][  0]LogMemory: Physical Memory: 8592.85 MB used,  7742.05 MB free, 16334.91 MB total
[2020.06.28-16.28.35:587][  0]LogMemory: Virtual Memory: 5167.66 MB used,  134212560.00 MB free, 134217728.00 MB total
[2020.06.28-16.28.35:591][  0]LogWindows: WindowsPlatformFeatures enabled
[2020.06.28-16.28.35:614][  0]LogInit: Physics initialised using underlying interface: PhysX
[2020.06.28-16.28.35:614][  0]LogInit: Using OS detected language (es-ES).
[2020.06.28-16.28.35:614][  0]LogInit: Using OS detected locale (es-ES).
[2020.06.28-16.28.35:619][  0]LogTextLocalizationManager: No specific localization for 'es-ES' exists, so the 'es' localization will be used.
[2020.06.28-16.28.35:688][  0]LogInit: Setting process to per monitor DPI aware
[2020.06.28-16.28.35:745][  0]LogSlate: New Slate User Created.  User Index 0, Is Virtual User: 0
[2020.06.28-16.28.35:745][  0]LogSlate: Slate User Registered.  User Index 0, Is Virtual User: 0
[2020.06.28-16.28.37:643][  0]LogD3D12RHI: Aftermath initialized
[2020.06.28-16.28.37:643][  0]LogD3D12RHI: Loading WinPixEventRuntime.dll for PIX profiling (from ../../../Engine/Binaries/ThirdParty/Windows/WinPixEventRuntime/x64).
[2020.06.28-16.28.37:647][  0]LogHMD: Failed to initialize OpenVR with code 110
[2020.06.28-16.28.37:732][  0]LogD3D12RHI: Found D3D12 adapter 0: AMD Radeon RX 5600 XT (Max supported Feature Level 12_1)
[2020.06.28-16.28.37:732][  0]LogD3D12RHI: Adapter has 6103MB of dedicated video memory, 0MB of dedicated system memory, and 8167MB of shared system memory, 1 output[s]
[2020.06.28-16.28.37:740][  0]LogD3D12RHI: Found D3D12 adapter 1: Microsoft Basic Render Driver (Max supported Feature Level 12_1)
[2020.06.28-16.28.37:740][  0]LogD3D12RHI: Adapter has 0MB of dedicated video memory, 0MB of dedicated system memory, and 8167MB of shared system memory, 0 output[s]
[2020.06.28-16.28.37:740][  0]LogD3D12RHI: Chosen D3D12 Adapter Id = 0
[2020.06.28-16.28.37:759][  0]LogD3D12RHI: Emitting draw events for PIX profiling.
[2020.06.28-16.28.37:822][  0]LogD3D12RHI: The system supports ID3D12Device1.
[2020.06.28-16.28.37:822][  0]LogD3D12RHI: The system supports ID3D12Device2.
[2020.06.28-16.28.37:848][  0]LogD3D12RHI: [GPUBreadCrumb] Successfully setup breadcrumb resource for 3D Queue 0
[2020.06.28-16.28.37:849][  0]LogD3D12RHI: [GPUBreadCrumb] Successfully setup breadcrumb resource for Copy Queue 0
[2020.06.28-16.28.37:850][  0]LogD3D12RHI: [GPUBreadCrumb] Successfully setup breadcrumb resource for Compute Queue 0
[2020.06.28-16.28.37:856][  0]LogD3D12RHI: Display: Not using pipeline state disk cache per r.D3D12.PSO.DiskCache=0
[2020.06.28-16.28.37:856][  0]LogD3D12RHI: Display: Not using driver-optimized pipeline state disk cache per r.D3D12.PSO.DriverOptimizedDiskCache=0
[2020.06.28-16.28.37:856][  0]LogD3D12RHI:     GPU DeviceId: 0x731f (for the marketing name, search the web for "GPU Device Id")
[2020.06.28-16.28.37:856][  0]LogWindows: EnumDisplayDevices:
[2020.06.28-16.28.37:856][  0]LogWindows:    0. 'AMD Radeon RX 5600 XT' (P:1 D:1)
[2020.06.28-16.28.37:857][  0]LogWindows:    1. 'AMD Radeon RX 5600 XT' (P:0 D:0)
[2020.06.28-16.28.37:857][  0]LogWindows:    2. 'AMD Radeon RX 5600 XT' (P:0 D:0)
[2020.06.28-16.28.37:858][  0]LogWindows:    3. 'AMD Radeon RX 5600 XT' (P:0 D:0)
[2020.06.28-16.28.37:858][  0]LogWindows:    4. 'AMD Radeon RX 5600 XT' (P:0 D:0)
[2020.06.28-16.28.37:858][  0]LogWindows:    5. 'AMD Radeon RX 5600 XT' (P:0 D:0)
[2020.06.28-16.28.37:858][  0]LogWindows:    6. 'AMD Radeon RX 5600 XT' (P:0 D:0)
[2020.06.28-16.28.37:859][  0]LogWindows:    7. 'AMD Radeon RX 5600 XT' (P:0 D:0)
[2020.06.28-16.28.37:859][  0]LogWindows: DebugString: FoundDriverCount:8 
[2020.06.28-16.28.37:859][  0]LogD3D12RHI:     Adapter Name: AMD Radeon RX 5600 XT
[2020.06.28-16.28.37:859][  0]LogD3D12RHI:   Driver Version: Adrenalin 2020 20.4.2 (internal:26.20.15029.27017, unified:26.20.15029.27017)
[2020.06.28-16.28.37:859][  0]LogD3D12RHI:      Driver Date: 5-15-2020
[2020.06.28-16.28.37:859][  0]LogRHI: Texture pool is 3361 MB (70% of 4801 MB)
[2020.06.28-16.28.37:859][  0]LogD3D12RHI: Async texture creation enabled
[2020.06.28-16.28.37:859][  0]LogD3D12RHI: RHI has support for 64 bit atomics
[2020.06.28-16.28.38:089][  0]LogTargetPlatformManager: Display: Loaded TargetPlatform 'AllDesktop'
[2020.06.28-16.28.38:109][  0]LogTargetPlatformManager: Display: Loaded TargetPlatform 'Android'
[2020.06.28-16.28.38:109][  0]LogTargetPlatformManager: Display: Loaded TargetPlatform 'Android_ASTC'
[2020.06.28-16.28.38:109][  0]LogTargetPlatformManager: Display: Loaded TargetPlatform 'Android_DXT'
[2020.06.28-16.28.38:109][  0]LogTargetPlatformManager: Display: Loaded TargetPlatform 'Android_ETC2'
[2020.06.28-16.28.38:109][  0]LogTargetPlatformManager: Display: Loaded TargetPlatform 'AndroidClient'
[2020.06.28-16.28.38:109][  0]LogTargetPlatformManager: Display: Loaded TargetPlatform 'Android_ASTCClient'
[2020.06.28-16.28.38:109][  0]LogTargetPlatformManager: Display: Loaded TargetPlatform 'Android_DXTClient'
[2020.06.28-16.28.38:109][  0]LogTargetPlatformManager: Display: Loaded TargetPlatform 'Android_ETC2Client'
[2020.06.28-16.28.38:109][  0]LogTargetPlatformManager: Display: Loaded TargetPlatform 'Android_Multi'
[2020.06.28-16.28.38:109][  0]LogTargetPlatformManager: Display: Loaded TargetPlatform 'Android_MultiClient'
[2020.06.28-16.28.38:136][  0]LogTargetPlatformManager: Display: Loaded TargetPlatform 'IOSClient'
[2020.06.28-16.28.38:136][  0]LogTargetPlatformManager: Display: Loaded TargetPlatform 'IOS'
[2020.06.28-16.28.38:151][  0]LogTargetPlatformManager: Display: Loaded TargetPlatform 'Linux'
[2020.06.28-16.28.38:159][  0]LogTargetPlatformManager: Display: Loaded TargetPlatform 'LinuxNoEditor'
[2020.06.28-16.28.38:168][  0]LogTargetPlatformManager: Display: Loaded TargetPlatform 'LinuxClient'
[2020.06.28-16.28.38:176][  0]LogTargetPlatformManager: Display: Loaded TargetPlatform 'LinuxServer'
[2020.06.28-16.28.38:184][  0]LogTargetPlatformManager: Display: Loaded TargetPlatform 'LinuxAArch64NoEditor'
[2020.06.28-16.28.38:191][  0]LogTargetPlatformManager: Display: Loaded TargetPlatform 'LinuxAArch64Client'
[2020.06.28-16.28.38:200][  0]LogTargetPlatformManager: Display: Loaded TargetPlatform 'LinuxAArch64Server'
[2020.06.28-16.28.38:227][  0]LogTargetPlatformManager: Display: Loaded TargetPlatform 'Lumin'
[2020.06.28-16.28.38:227][  0]LogTargetPlatformManager: Display: Loaded TargetPlatform 'LuminClient'
[2020.06.28-16.28.38:241][  0]LogTargetPlatformManager: Display: Loaded TargetPlatform 'TVOSClient'
[2020.06.28-16.28.38:241][  0]LogTargetPlatformManager: Display: Loaded TargetPlatform 'TVOS'
[2020.06.28-16.28.38:249][  0]LogTargetPlatformManager: Display: Loaded TargetPlatform 'WindowsNoEditor'
[2020.06.28-16.28.38:257][  0]LogTargetPlatformManager: Display: Loaded TargetPlatform 'Windows'
[2020.06.28-16.28.38:265][  0]LogTargetPlatformManager: Display: Loaded TargetPlatform 'WindowsClient'
[2020.06.28-16.28.38:272][  0]LogTargetPlatformManager: Display: Loaded TargetPlatform 'WindowsServer'
[2020.06.28-16.28.38:272][  0]LogTargetPlatformManager: Display: Building Assets For Windows
[2020.06.28-16.28.38:278][  0]LogAudioDebug: Display: Lib vorbis DLL was dynamically loaded.
[2020.06.28-16.28.38:337][  0]LogShaderCompilers: Guid format shader working directory is -14 characters bigger than the processId version (../../../../../../Users/Marc/Documents/GitHub/H-Hour/H_Hour/Intermediate/Shaders/WorkingDirectory/9184/).
[2020.06.28-16.28.38:337][  0]LogShaderCompilers: Cleaned the shader compiler working directory 'C:/Users/Marc/AppData/Local/Temp/UnrealShaderWorkingDir/F6166540415A5ADABB47A18098E5FAF2/'.
[2020.06.28-16.28.38:338][  0]LogXGEController: Cannot use XGE Controller as Incredibuild is not installed on this machine.
[2020.06.28-16.28.38:338][  0]LogShaderCompilers: Cannot use XGE Shader Compiler as Incredibuild is not installed on this machine.
[2020.06.28-16.28.38:338][  0]LogShaderCompilers: Display: Using Local Shader Compiler.
[2020.06.28-16.28.40:317][  0]LogDerivedDataCache: Display: Max Cache Size: 512 MB
[2020.06.28-16.28.40:375][  0]LogDerivedDataCache: Loaded boot cache 0.06s 106MB C:/Users/Marc/AppData/Local/UnrealEngine/4.25/DerivedDataCache/Boot.ddc.
[2020.06.28-16.28.40:375][  0]LogDerivedDataCache: Display: Loaded Boot cache: C:/Users/Marc/AppData/Local/UnrealEngine/4.25/DerivedDataCache/Boot.ddc
[2020.06.28-16.28.40:376][  0]LogDerivedDataCache: FDerivedDataBackendGraph:  Pak pak cache file ../../../../../../Users/Marc/Documents/GitHub/H-Hour/H_Hour/DerivedDataCache/DDC.ddp not found, will not use a pak cache.
[2020.06.28-16.28.40:376][  0]LogDerivedDataCache: Unable to find inner node Pak for hierarchical cache Hierarchy.
[2020.06.28-16.28.40:376][  0]LogDerivedDataCache: FDerivedDataBackendGraph:  CompressedPak pak cache file ../../../../../../Users/Marc/Documents/GitHub/H-Hour/H_Hour/DerivedDataCache/Compressed.ddp not found, will not use a pak cache.
[2020.06.28-16.28.40:376][  0]LogDerivedDataCache: Unable to find inner node CompressedPak for hierarchical cache Hierarchy.
[2020.06.28-16.28.40:393][  0]LogDerivedDataCache: Display: Pak cache opened for reading ../../../Engine/DerivedDataCache/Compressed.ddp.
[2020.06.28-16.28.40:393][  0]LogDerivedDataCache: FDerivedDataBackendGraph:  EnterprisePak pak cache file ../../../Enterprise/DerivedDataCache/Compressed.ddp not found, will not use a pak cache.
[2020.06.28-16.28.40:393][  0]LogDerivedDataCache: Unable to find inner node EnterprisePak for hierarchical cache Hierarchy.
[2020.06.28-16.28.40:394][  0]LogDerivedDataCache: Using Local data cache path C:/Users/Marc/AppData/Local/UnrealEngine/Common/DerivedDataCache: Writable
[2020.06.28-16.28.40:394][  0]LogDerivedDataCache: Shared data cache path not found in *engine.ini, will not use an Shared cache.
[2020.06.28-16.28.40:394][  0]LogDerivedDataCache: Unable to find inner node Shared for hierarchical cache Hierarchy.
[2020.06.28-16.28.40:446][  0]LogSlate: Using FreeType 2.10.0
[2020.06.28-16.28.40:446][  0]LogSlate: SlateFontServices - WITH_FREETYPE: 1, WITH_HARFBUZZ: 1
[2020.06.28-16.28.40:470][  0]LogAssetRegistry: FAssetRegistry took 0.0022 seconds to start up
[2020.06.28-16.28.40:681][  0]LogInit: Selected Device Profile: [Windows]
[2020.06.28-16.28.40:835][  0]LogMeshReduction: Using QuadricMeshReduction for automatic static mesh reduction
[2020.06.28-16.28.40:835][  0]LogMeshReduction: Using SimplygonMeshReduction for automatic skeletal mesh reduction
[2020.06.28-16.28.40:835][  0]LogMeshReduction: Using ProxyLODMeshReduction for automatic mesh merging
[2020.06.28-16.28.40:835][  0]LogMeshReduction: No distributed automatic mesh merging module available
[2020.06.28-16.28.40:835][  0]LogMeshMerging: No distributed automatic mesh merging module available
[2020.06.28-16.28.40:866][  0]LogNetVersion: H_Hour 1.0.0, NetCL: 13144385, EngineNetVer: 14, GameNetVer: 0 (Checksum: 3706287019)
[2020.06.28-16.28.41:745][  0]LogAISub: UAISubsystem::UAISubsystem AISubsystem (000001C629E533C0), frame # 0
[2020.06.28-16.28.41:745][  0]LogAISub: UAISubsystem::UAISubsystem AIPerceptionSystem (000001C62AD43EC0), frame # 0
[2020.06.28-16.28.41:746][  0]LogAISub: UAISubsystem::UAISubsystem EnvQueryManager (000001C629DD4A00), frame # 0
[2020.06.28-16.28.41:804][  0]LogPackageLocalizationCache: Processed 20 localized package path(s) for 1 prioritized culture(s) in 0.044559 seconds
[2020.06.28-16.28.41:810][  0]LogUObjectArray: 15917 objects as part of root set at end of initial load.
[2020.06.28-16.28.41:810][  0]LogUObjectAllocator: 3965568 out of 0 bytes used by permanent object pool.
[2020.06.28-16.28.41:810][  0]LogUObjectArray: CloseDisregardForGC: 0/0 objects in disregard for GC pool
[2020.06.28-16.28.42:272][  0]LogTcpMessaging: Initializing TcpMessaging bridge
[2020.06.28-16.28.42:276][  0]LogUdpMessaging: Initializing bridge on interface 0.0.0.0:0 to multicast group 230.0.0.1:6666.
[2020.06.28-16.28.42:414][  0]SourceControl: El control de código fuente está desactivado
[2020.06.28-16.28.42:414][  0]SourceControl: El control de código fuente está desactivado
[2020.06.28-16.28.42:417][  0]SourceControl: El control de código fuente está desactivado
[2020.06.28-16.28.42:419][  0]SourceControl: El control de código fuente está desactivado
[2020.06.28-16.28.42:424][  0]SourceControl: El control de código fuente está desactivado
[2020.06.28-16.28.42:653][  0]LogAndroidPermission: UAndroidPermissionCallbackProxy::GetInstance
[2020.06.28-16.28.42:669][  0]LogAudioCaptureCore: Display: No Audio Capture implementations found. Audio input will be silent.
[2020.06.28-16.28.42:669][  0]LogAudioCaptureCore: Display: No Audio Capture implementations found. Audio input will be silent.
[2020.06.28-16.28.42:732][  0]LogOcInput: OculusInput pre-init called
[2020.06.28-16.28.42:741][  0]LogWindows: Failed to load 'OVRPlugin.dll' (GetLastError=126)
[2020.06.28-16.28.42:742][  0]LogWindows: File 'OVRPlugin.dll' does not exist
[2020.06.28-16.28.42:816][  0]LogEngine: Initializing Engine...
[2020.06.28-16.28.42:817][  0]LogHMD: Failed to initialize OpenVR with code 110
[2020.06.28-16.28.42:817][  0]LogMagicLeap: Warning: VR disabled because ZI is not enabled.  To enable, in the editor, Edit -> Project Settings -> Plugins -> Magic Leap Plugin -> Enable Zero Iteration
[2020.06.28-16.28.42:817][  0]LogStats: UGameplayTagsManager::InitializeManager -  0.000 s
[2020.06.28-16.28.43:062][  0]LogInit: Initializing FReadOnlyCVARCache
[2020.06.28-16.28.43:069][  0]LogAIModule: Creating AISystem for world Untitled
[2020.06.28-16.28.43:069][  0]LogAISub: UAISubsystem::UAISubsystem EnvQueryManager (000001C6307CBC00), frame # 0
[2020.06.28-16.28.43:069][  0]LogAISub: UAISubsystem::UAISubsystem AIPerceptionSystem (000001C6307C7B00), frame # 0
[2020.06.28-16.28.43:073][  0]LogAudioMixer: Display: Audio Mixer Platform Settings:
[2020.06.28-16.28.43:073][  0]LogAudioMixer: Display: 	Sample Rate:						  48000
[2020.06.28-16.28.43:073][  0]LogAudioMixer: Display: 	Callback Buffer Frame Size Requested: 1024
[2020.06.28-16.28.43:073][  0]LogAudioMixer: Display: 	Callback Buffer Frame Size To Use:	  1024
[2020.06.28-16.28.43:073][  0]LogAudioMixer: Display: 	Number of buffers to queue:			  2
[2020.06.28-16.28.43:073][  0]LogAudioMixer: Display: 	Max Channels (voices):				  32
[2020.06.28-16.28.43:073][  0]LogAudioMixer: Display: 	Number of Async Source Workers:		  0
[2020.06.28-16.28.43:073][  0]LogAudio: Display: AudioDevice MaxSources: 32
[2020.06.28-16.28.43:073][  0]LogAudio: Display: Using built-in audio occlusion.
[2020.06.28-16.28.43:073][  0]LogAudioMixer: Display: Initializing audio mixer.
[2020.06.28-16.28.43:082][  0]LogAudioMixer: Display: 0: FrontLeft
[2020.06.28-16.28.43:082][  0]LogAudioMixer: Display: 1: FrontRight
[2020.06.28-16.28.43:131][  0]LogAudioMixer: Display: Using Audio Device 3 - ED242QR A (AMD High Definition Audio Device)
[2020.06.28-16.28.43:131][  0]LogAudioMixer: Display: Initializing Sound Submixes...
[2020.06.28-16.28.43:140][  0]LogAudioMixer: Display: Creating Master Submix 'MasterSubmixDefault'
[2020.06.28-16.28.43:140][  0]LogAudioMixer: Display: Creating Master Submix 'MasterReverbSubmixDefault'
[2020.06.28-16.28.43:144][  0]LogAudioMixer: Display: Creating Master Submix 'MasterEQSubmixDefault'
[2020.06.28-16.28.43:145][  0]LogInit: FAudioDevice initialized.
[2020.06.28-16.28.43:145][  0]LogNetVersion: Set ProjectVersion to 1.0.0.0. Version Checksum will be recalculated on next use.
[2020.06.28-16.28.43:238][  0]LogDerivedDataCache: Saved boot cache 0.09s 106MB C:/Users/Marc/AppData/Local/UnrealEngine/4.25/DerivedDataCache/Boot.ddc.
[2020.06.28-16.28.43:247][  0]LogInit: Texture streaming: Enabled
[2020.06.28-16.28.43:260][  0]LogEngineSessionManager: EngineSessionManager initialized
[2020.06.28-16.28.43:260][  0]LogEditorSessionSummary: Verbose: Initializing EditorSessionSummaryWriter for editor session tracking
[2020.06.28-16.28.43:261][  0]LogEditorSessionSummary: EditorSessionSummaryWriter initialized
[2020.06.28-16.28.43:316][  0]LogInit: Transaction tracking system initialized
[2020.06.28-16.28.43:334][  0]BlueprintLog: New page: Cargar el editor
[2020.06.28-16.28.43:396][  0]LocalizationService: Localization service is disabled
[2020.06.28-16.28.43:755][  0]LogCook: Display: Max memory allowance for cook 16384mb min free memory 0mb
[2020.06.28-16.28.43:755][  0]LogCook: Display: Mobile HDR setting 1
[2020.06.28-16.28.43:901][  0]LogFileCache: Scanning file cache for directory 'C:/Users/Marc/Documents/GitHub/H-Hour/H_Hour/Content/' took 0.03s
[2020.06.28-16.28.44:048][  0]SourceControl: El control de código fuente está desactivado
[2020.06.28-16.28.44:048][  0]LogUnrealEdMisc: Loading editor; pre map load, took 12.406
[2020.06.28-16.28.44:049][  0]Cmd: MAP LOAD FILE="../../../../../../Users/Marc/Documents/GitHub/H-Hour/H_Hour/Content/FirstPersonBP/Maps/FirstPersonExampleMap.umap" TEMPLATE=0 SHOWPROGRESS=1 FEATURELEVEL=3
[2020.06.28-16.28.44:049][  0]LightingResults: New page: Diseñar la iluminación
[2020.06.28-16.28.44:049][  0]LogWorld: UWorld::CleanupWorld for Untitled, bSessionEnded=true, bCleanupResources=true
[2020.06.28-16.28.44:050][  0]LogSlate: InvalidateAllWidgets triggered.  All widgets were invalidated
[2020.06.28-16.28.44:050][  0]MapCheck: New page: Revisión del mapa
[2020.06.28-16.28.44:050][  0]LightingResults: New page: Diseñar la iluminación
[2020.06.28-16.28.44:060][  0]LogAISub: UAISubsystem::~UAISubsystem EnvQueryManager (000001C6307CBC00), frame # 0
[2020.06.28-16.28.44:060][  0]LogAISub: UAISubsystem::~UAISubsystem AIPerceptionSystem (000001C6307C7B00), frame # 0
[2020.06.28-16.28.44:061][  0]LogUObjectHash: Compacting FUObjectHashTables data took   0.70ms
[2020.06.28-16.28.52:326][  0]LogStaticMesh: Generando la malla estática 0_BT_Shark_...
[2020.06.28-16.28.52:464][  0]LogStaticMesh: Built static mesh [0.14s] /Game/Assets/Creatures/Fish/Model_9A_-_Blacktip_Shark/0_BT_Shark_.0_BT_Shark_
[2020.06.28-16.28.52:505][  0]LogStaticMesh: Generando la malla estática 0_scene_mesh_...
[2020.06.28-16.28.52:647][  0]LogStaticMesh: Built static mesh [0.14s] /Game/Assets/Creatures/Fish/Model_66A_-_Atlantic_Sturgeon/0_scene_mesh_.0_scene_mesh_
[2020.06.28-16.28.52:697][  0]LogStaticMesh: Generando la malla estática 0_scene_mesh_...
[2020.06.28-16.28.52:758][  0]LogStaticMesh: Built static mesh [0.06s] /Game/Assets/Creatures/Fish/Model_62A_-_Shortfin_Mako_Shark/0_scene_mesh_.0_scene_mesh_
[2020.06.28-16.28.52:774][  0]LogStaticMesh: Generando la malla estática 0_scene_mesh_...
[2020.06.28-16.28.52:870][  0]LogStaticMesh: Built static mesh [0.10s] /Game/Assets/Creatures/Fish/Leatherback_Sea_Turtle/0_scene_mesh_.0_scene_mesh_
[2020.06.28-16.28.53:184][  0]LogStaticMesh: Generando la malla estática 3_Plane_1...
[2020.06.28-16.28.53:237][  0]LogStaticMesh: Built static mesh [0.05s] /Game/Assets/Synthetic/Crates_Containers/Containers/Shipping_Container/3_Plane_1.3_Plane_1
[2020.06.28-16.28.59:744][  0]LogAIModule: Creating AISystem for world FirstPersonExampleMap
[2020.06.28-16.28.59:744][  0]LogAISub: UAISubsystem::UAISubsystem EnvQueryManager (000001C6A0474400), frame # 0
[2020.06.28-16.28.59:744][  0]LogAISub: UAISubsystem::UAISubsystem AIPerceptionSystem (000001C6A0169300), frame # 0
[2020.06.28-16.28.59:976][  0]LogEditorServer: Finished looking for orphan Actors (0.000 secs)
[2020.06.28-16.29.00:002][  0]LogUObjectHash: Compacting FUObjectHashTables data took   1.24ms
[2020.06.28-16.29.00:003][  0]Cmd: MAP CHECKDEP NOCLEARLOG
[2020.06.28-16.29.00:003][  0]MapCheck: Map check complete: 0 Error(s), 0 Warning(s), took 0,249ms to complete.
[2020.06.28-16.29.00:003][  0]LogFileHelpers: Loading map 'FirstPersonExampleMap' took 15.955
[2020.06.28-16.29.00:005][  0]LogUnrealEdMisc: Total Editor Startup Time, took 28.363
[2020.06.28-16.29.00:118][  0]LogSlate: Updating window title bar state: overlay mode, drag disabled, window buttons hidden, title bar hidden
[2020.06.28-16.29.00:125][  0]LogSlate: Updating window title bar state: overlay mode, drag disabled, window buttons hidden, title bar hidden
[2020.06.28-16.29.00:130][  0]LogSlate: Updating window title bar state: overlay mode, drag disabled, window buttons hidden, title bar hidden
[2020.06.28-16.29.00:136][  0]LogSlate: Updating window title bar state: overlay mode, drag disabled, window buttons hidden, title bar hidden
[2020.06.28-16.29.00:146][  0]LogCollectionManager: Loaded 0 collections in 0.001543 seconds
[2020.06.28-16.29.00:159][  0]LogFileCache: Scanning file cache for directory 'C:/Users/Marc/Documents/GitHub/H-Hour/H_Hour/Saved/Collections/' took 0.00s
[2020.06.28-16.29.00:159][  0]LogFileCache: Scanning file cache for directory 'C:/Users/Marc/Documents/GitHub/H-Hour/H_Hour/Content/Developers/Marc/Collections/' took 0.00s
[2020.06.28-16.29.00:159][  0]LogFileCache: Scanning file cache for directory 'C:/Users/Marc/Documents/GitHub/H-Hour/H_Hour/Content/Collections/' took 0.00s
[2020.06.28-16.29.00:159][  0]LogContentBrowser: Native class hierarchy populated in 0.0089 seconds. Added 3429 classes and 824 folders.
[2020.06.28-16.29.00:162][  0]LogContentBrowser: Native class hierarchy updated for 'WidgetCarousel' in 0.0002 seconds. Added 0 classes and 0 folders.
[2020.06.28-16.29.00:376][  0]LogContentBrowser: Native class hierarchy updated for 'AddContentDialog' in 0.0003 seconds. Added 0 classes and 0 folders.
[2020.06.28-16.29.00:377][  0]LogContentBrowser: Native class hierarchy updated for 'SceneOutliner' in 0.0002 seconds. Added 2 classes and 0 folders.
[2020.06.28-16.29.01:225][  0]LogSlate: Took 0.000155 seconds to synchronously load lazily loaded font '../../../Engine/Content/Slate/Fonts/Roboto-Regular.ttf' (155K)
[2020.06.28-16.29.01:227][  0]LogSlate: Took 0.000093 seconds to synchronously load lazily loaded font '../../../Engine/Content/Slate/Fonts/Roboto-Bold.ttf' (160K)
[2020.06.28-16.29.01:235][  0]LogSlate: Took 0.004506 seconds to synchronously load lazily loaded font '../../../Engine/Content/Editor/Slate/Fonts/FontAwesome.ttf' (139K)
[2020.06.28-16.29.01:360][  0]LogRenderer: Reallocating scene render targets to support 1312x552 Format 10 NumSamples 1 (Frame:1).
[2020.06.28-16.29.02:228][  0]LogContentBrowser: Native class hierarchy updated for 'HierarchicalLODOutliner' in 0.0003 seconds. Added 0 classes and 0 folders.
[2020.06.28-16.29.02:228][  0]LogLoad: (Engine Initialization) Total time: 30.59 seconds
[2020.06.28-16.29.02:228][  0]LogLoad: (Engine Initialization) Total Blueprint compile time: 0.00 seconds
[2020.06.28-16.29.02:297][  0]LogContentStreaming: Texture pool size now 1000 MB
[2020.06.28-16.29.02:342][  0]LogSlate: Took 0.003907 seconds to synchronously load lazily loaded font '../../../Engine/Content/Slate/Fonts/Roboto-Light.ttf' (167K)
[2020.06.28-16.29.02:366][  1]LogAssetRegistry: Asset discovery search completed in 21.8960 seconds
[2020.06.28-16.29.02:369][  1]LogCollectionManager: Fixed up redirectors for 0 collections in 0.000002 seconds (updated 0 objects)
[2020.06.28-16.29.03:263][ 79]LogSlate: Took 0.000193 seconds to synchronously load lazily loaded font '../../../Engine/Content/Slate/Fonts/Roboto-Light.ttf' (167K)
[2020.06.28-16.29.40:990][499]LogEditorViewport: Clicking on Actor (LMB): Landscape (Landscape)
[2020.06.28-16.29.56:095][ 61]LogTexture: Display: Building textures: Texture2D_2 (G8, 128X128)
[2020.06.28-16.29.56:117][ 61]LogSlate: Took 0.000167 seconds to synchronously load lazily loaded font '../../../Engine/Content/Slate/Fonts/Roboto-Italic.ttf' (157K)
[2020.06.28-16.29.58:413][307]LogRenderer: Reallocating scene render targets to support 1312x560 Format 10 NumSamples 1 (Frame:6197).
[2020.06.28-16.29.58:471][308]LogRenderer: Reallocating scene render targets to support 1312x588 Format 10 NumSamples 1 (Frame:6199).
[2020.06.28-16.29.58:530][309]LogRenderer: Reallocating scene render targets to support 1312x632 Format 10 NumSamples 1 (Frame:6201).
[2020.06.28-16.29.58:612][311]LogRenderer: Reallocating scene render targets to support 1312x644 Format 10 NumSamples 1 (Frame:6205).
[2020.06.28-16.29.58:671][312]LogRenderer: Reallocating scene render targets to support 1312x652 Format 10 NumSamples 1 (Frame:6207).
[2020.06.28-16.29.58:732][313]LogRenderer: Reallocating scene render targets to support 1312x680 Format 10 NumSamples 1 (Frame:6209).
[2020.06.28-16.30.00:724][533]LogRenderer: Reallocating scene render targets to support 1316x680 Format 10 NumSamples 1 (Frame:6415).
[2020.06.28-16.30.00:783][534]LogRenderer: Reallocating scene render targets to support 1324x680 Format 10 NumSamples 1 (Frame:6417).
[2020.06.28-16.30.00:848][535]LogRenderer: Reallocating scene render targets to support 1340x680 Format 10 NumSamples 1 (Frame:6419).
[2020.06.28-16.30.00:908][536]LogRenderer: Reallocating scene render targets to support 1376x680 Format 10 NumSamples 1 (Frame:6421).
[2020.06.28-16.30.00:972][537]LogRenderer: Reallocating scene render targets to support 1400x680 Format 10 NumSamples 1 (Frame:6423).
[2020.06.28-16.30.01:034][538]LogRenderer: Reallocating scene render targets to support 1404x680 Format 10 NumSamples 1 (Frame:6425).
[2020.06.28-16.30.01:096][539]LogRenderer: Reallocating scene render targets to support 1424x680 Format 10 NumSamples 1 (Frame:6427).
[2020.06.28-16.30.01:159][540]LogRenderer: Reallocating scene render targets to support 1452x680 Format 10 NumSamples 1 (Frame:6429).
[2020.06.28-16.30.01:233][541]LogRenderer: Reallocating scene render targets to support 1456x680 Format 10 NumSamples 1 (Frame:6431).
[2020.06.28-16.30.01:294][542]LogRenderer: Reallocating scene render targets to support 1472x680 Format 10 NumSamples 1 (Frame:6433).
[2020.06.28-16.30.05:906][ 25]Cmd: POLY SELECT ALL
[2020.06.28-16.30.07:120][165]Cmd: TRANSACTION UNDO
[2020.06.28-16.30.07:120][165]LogEditorTransaction: Undo Seleccionar todo
[2020.06.28-16.30.08:747][320]Cmd: TRANSACTION UNDO
[2020.06.28-16.30.08:747][320]LogEditorTransaction: Undo Edición del terreno: Esculpir
[2020.06.28-16.30.08:785][320]LogTexture: Display: Building textures: Texture2D_0 (BGRA8, 512X512)
[2020.06.28-16.30.21:770][740]Cmd: TRANSACTION UNDO
[2020.06.28-16.30.21:770][740]LogEditorTransaction: Undo Edición del terreno: Esculpir
[2020.06.28-16.30.21:796][740]LogTexture: Display: Building textures: Texture2D_0 (BGRA8, 512X512)
[2020.06.28-16.30.24:649][ 36]Cmd: TRANSACTION UNDO
[2020.06.28-16.30.24:649][ 36]LogEditorTransaction: Undo Edición del terreno: Esculpir
[2020.06.28-16.30.24:673][ 36]LogTexture: Display: Building textures: Texture2D_0 (BGRA8, 512X512)
[2020.06.28-16.30.25:974][179]Cmd: TRANSACTION UNDO
[2020.06.28-16.30.25:974][179]LogEditorTransaction: Undo Edición del terreno: Esculpir
[2020.06.28-16.30.48:892][784]Cmd: TRANSACTION UNDO
[2020.06.28-16.30.48:892][784]LogEditorTransaction: Undo Edición del terreno: Esculpir
[2020.06.28-16.30.48:922][784]LogTexture: Display: Building textures: Texture2D_0 (BGRA8, 512X512)
[2020.06.28-16.30.51:374][ 42]Cmd: TRANSACTION UNDO
[2020.06.28-16.30.51:374][ 42]LogEditorTransaction: Undo Edición del terreno: Esculpir
[2020.06.28-16.30.58:491][820]LogSlate: WidgetSwitcher ('None') active index changed to 1
[2020.06.28-16.31.13:756][528]Cmd: TRANSACTION UNDO
[2020.06.28-16.31.13:756][528]LogEditorTransaction: Undo Edición del terreno: Allanar
[2020.06.28-16.31.13:808][528]LogTexture: Display: Building textures: Texture2D_0 (BGRA8, 512X512)
[2020.06.28-16.31.16:987][852]Cmd: TRANSACTION UNDO
[2020.06.28-16.31.16:987][852]LogEditorTransaction: Undo Edición del terreno: Allanar
[2020.06.28-16.31.26:275][824]Cmd: TRANSACTION UNDO
[2020.06.28-16.31.26:275][824]LogEditorTransaction: Undo Edición del terreno: Allanar
[2020.06.28-16.31.26:314][824]LogTexture: Display: Building textures: Texture2D_0 (BGRA8, 512X512)
[2020.06.28-16.32.31:423][ 95]LogUObjectHash: Compacting FUObjectHashTables data took   0.93ms
[2020.06.28-16.32.31:475][ 95]LogUObjectHash: Compacting FUObjectHashTables data took   0.35ms
[2020.06.28-16.32.31:506][ 95]LogTexture: Display: Building textures: Texture2D_0 (BGRA8, 512X512)
[2020.06.28-16.32.31:776][ 95]LogSavePackage: Moving '../../../../../../Users/Marc/Documents/GitHub/H-Hour/H_Hour/Saved/FirstPersonExampleMapBA1E432A4165F75AEE39D38A52A0A76E.tmp' to '../../../../../../Users/Marc/Documents/GitHub/H-Hour/H_Hour/Content/FirstPersonBP/Maps/FirstPersonExampleMap.umap'
[2020.06.28-16.32.31:813][ 95]LogFileHelpers: Saving map 'FirstPersonExampleMap' took 0.352
[2020.06.28-16.32.33:205][ 95]LogSavePackage: Moving '../../../../../../Users/Marc/Documents/GitHub/H-Hour/H_Hour/Saved/FirstPersonExampleMap_BuiltData3DD7AE064CB42822A106429BD1343A4D.tmp' to '../../../../../../Users/Marc/Documents/GitHub/H-Hour/H_Hour/Content/FirstPersonBP/Maps/FirstPersonExampleMap_BuiltData.uasset'
[2020.06.28-16.32.33:252][ 95]AssetCheck: New page: Asset Save: multiple assets
[2020.06.28-16.32.33:252][ 95]LogContentValidation: Display: Validating World /Game/FirstPersonBP/Maps/FirstPersonExampleMap.FirstPersonExampleMap
[2020.06.28-16.32.33:252][ 95]LogContentValidation: Display: Validating MapBuildDataRegistry /Game/FirstPersonBP/Maps/FirstPersonExampleMap_BuiltData.FirstPersonExampleMap_BuiltData
[2020.06.28-16.33.00:846][193]LogEditorViewport: Clicking Background
[2020.06.28-16.33.03:394][486]Cmd: TRANSACTION UNDO
[2020.06.28-16.33.03:394][486]LogEditorTransaction: Undo Edición del terreno: Esculpir
[2020.06.28-16.33.03:418][486]LogTexture: Display: Building textures: Texture2D_0 (BGRA8, 512X512)
[2020.06.28-16.33.06:284][783]LogRenderer: Reallocating scene render targets to support 1472x752 Format 10 NumSamples 1 (Frame:26244).
[2020.06.28-16.33.07:681][941]LogEditorViewport: Clicking on Actor (LMB): StaticMeshActor (0_scene_mesh_4)
[2020.06.28-16.33.33:402][743]LogEditorViewport: Clicking on Actor (LMB): Landscape (Landscape)
[2020.06.28-16.33.34:161][825]LogEditorViewport: Clicking on Actor (LMB): StaticMeshActor (0_scene_mesh_4)
[2020.06.28-16.33.36:820][104]LogEditorViewport: Clicking on Actor (LMB): Landscape (Landscape)
[2020.06.28-16.33.46:475][230]Cmd: TRANSACTION UNDO
[2020.06.28-16.33.46:475][230]LogEditorTransaction: Undo Edición del terreno: Esculpir
[2020.06.28-16.33.46:488][230]LogTexture: Display: Building textures: Texture2D_0 (BGRA8, 512X512)
[2020.06.28-16.33.50:924][724]LogSlate: WidgetSwitcher ('None') active index changed to 1
[2020.06.28-16.33.59:131][679]LogEditorViewport: Clicking on Actor (LMB): StaticMeshActor (0_scene_mesh_4)
[2020.06.28-16.34.04:343][273]LogEditorViewport: Clicking on Actor (LMB): Landscape (Landscape)
[2020.06.28-16.34.05:070][353]LogEditorViewport: Clicking on Actor (LMB): StaticMeshActor (0_scene_mesh_4)
[2020.06.28-16.34.09:350][835]LogEditorViewport: Clicking on Actor (LMB): BP_Sky_Sphere_C (SkySphereBlueprint)
[2020.06.28-16.34.11:201][ 42]LogUObjectHash: Compacting FUObjectHashTables data took   0.87ms
[2020.06.28-16.34.11:243][ 42]LogUObjectHash: Compacting FUObjectHashTables data took   0.35ms
[2020.06.28-16.34.11:284][ 42]LogTexture: Display: Building textures: Texture2D_0 (BGRA8, 512X512)
[2020.06.28-16.34.11:552][ 42]LogSavePackage: Moving '../../../../../../Users/Marc/Documents/GitHub/H-Hour/H_Hour/Saved/FirstPersonExampleMapE8FE990442257D0E7501CB8F07A6FC32.tmp' to '../../../../../../Users/Marc/Documents/GitHub/H-Hour/H_Hour/Content/FirstPersonBP/Maps/FirstPersonExampleMap.umap'
[2020.06.28-16.34.11:585][ 42]LogFileHelpers: Saving map 'FirstPersonExampleMap' took 0.356
[2020.06.28-16.34.12:524][ 42]LogSavePackage: Moving '../../../../../../Users/Marc/Documents/GitHub/H-Hour/H_Hour/Saved/FirstPersonExampleMap_BuiltDataF5EE99E14F7626B68C488ABC0F0C3BDF.tmp' to '../../../../../../Users/Marc/Documents/GitHub/H-Hour/H_Hour/Content/FirstPersonBP/Maps/FirstPersonExampleMap_BuiltData.uasset'
[2020.06.28-16.34.12:554][ 42]AssetCheck: New page: Asset Save: multiple assets
[2020.06.28-16.34.12:554][ 42]LogContentValidation: Display: Validating World /Game/FirstPersonBP/Maps/FirstPersonExampleMap.FirstPersonExampleMap
[2020.06.28-16.34.12:554][ 42]LogContentValidation: Display: Validating MapBuildDataRegistry /Game/FirstPersonBP/Maps/FirstPersonExampleMap_BuiltData.FirstPersonExampleMap_BuiltData
[2020.06.28-16.34.19:500][826]LogTemp: Repeating last play command: Selected Viewport
[2020.06.28-16.34.19:516][826]LogPlayLevel: PlayLevel: No blueprints needed recompiling
[2020.06.28-16.34.19:516][826]PIE: New page: Sesión PIE (reproducción en el editor): FirstPersonExampleMap (28 jun. 2020 20:34:19)
[2020.06.28-16.34.19:517][826]LogOnline: OSS: Creating online subsystem instance for: NULL
[2020.06.28-16.34.19:518][826]LogOnline: OSS: TryLoadSubsystemAndSetDefault: Loaded subsystem for module [NULL]
[2020.06.28-16.34.19:518][826]LogPlayLevel: Creating play world package: /Game/FirstPersonBP/Maps/UEDPIE_0_FirstPersonExampleMap
[2020.06.28-16.34.19:587][826]LogPlayLevel: PIE: StaticDuplicateObject took: (0.068984s)
[2020.06.28-16.34.19:588][826]LogAIModule: Creating AISystem for world FirstPersonExampleMap
[2020.06.28-16.34.19:588][826]LogAISub: UAISubsystem::UAISubsystem EnvQueryManager (000001C6CD02A600), frame # 34826
[2020.06.28-16.34.19:588][826]LogAISub: UAISubsystem::UAISubsystem AIPerceptionSystem (000001C6A9A29BC0), frame # 34826
[2020.06.28-16.34.19:588][826]LogPlayLevel: PIE: World Init took: (0.001258s)
[2020.06.28-16.34.19:588][826]LogPlayLevel: PIE: Created PIE world by copying editor world from /Game/FirstPersonBP/Maps/FirstPersonExampleMap.FirstPersonExampleMap to /Game/FirstPersonBP/Maps/UEDPIE_0_FirstPersonExampleMap.FirstPersonExampleMap (0.070474s)
[2020.06.28-16.34.19:602][826]LogUObjectHash: Compacting FUObjectHashTables data took   0.89ms
[2020.06.28-16.34.19:605][826]LogAudioMixer: Display: Audio Mixer Platform Settings:
[2020.06.28-16.34.19:605][826]LogAudioMixer: Display: 	Sample Rate:						  48000
[2020.06.28-16.34.19:605][826]LogAudioMixer: Display: 	Callback Buffer Frame Size Requested: 1024
[2020.06.28-16.34.19:605][826]LogAudioMixer: Display: 	Callback Buffer Frame Size To Use:	  1024
[2020.06.28-16.34.19:605][826]LogAudioMixer: Display: 	Number of buffers to queue:			  2
[2020.06.28-16.34.19:605][826]LogAudioMixer: Display: 	Max Channels (voices):				  32
[2020.06.28-16.34.19:605][826]LogAudioMixer: Display: 	Number of Async Source Workers:		  0
[2020.06.28-16.34.19:605][826]LogAudio: Display: AudioDevice MaxSources: 32
[2020.06.28-16.34.19:605][826]LogAudio: Display: Using built-in audio occlusion.
[2020.06.28-16.34.19:606][826]LogAudioMixer: Display: Initializing audio mixer.
[2020.06.28-16.34.19:608][826]LogAudioMixer: Display: 0: FrontLeft
[2020.06.28-16.34.19:608][826]LogAudioMixer: Display: 1: FrontRight
[2020.06.28-16.34.19:620][826]LogAudioMixer: Display: Using Audio Device 3 - ED242QR A (AMD High Definition Audio Device)
[2020.06.28-16.34.19:621][826]LogAudioMixer: Display: Initializing Sound Submixes...
[2020.06.28-16.34.19:621][826]LogAudioMixer: Display: Creating Master Submix 'MasterSubmixDefault'
[2020.06.28-16.34.19:621][826]LogAudioMixer: Display: Creating Master Submix 'MasterReverbSubmixDefault'
[2020.06.28-16.34.19:621][826]LogAudioMixer: Display: Creating Master Submix 'MasterEQSubmixDefault'
[2020.06.28-16.34.19:630][826]LogInit: FAudioDevice initialized.
[2020.06.28-16.34.19:639][826]LogLoad: Game class is 'FirstPersonGameMode_C'
[2020.06.28-16.34.19:655][826]LogWorld: Bringing World /Game/FirstPersonBP/Maps/UEDPIE_0_FirstPersonExampleMap.FirstPersonExampleMap up for play (max tick rate 0) at 2020.06.28-18.34.19
[2020.06.28-16.34.19:656][826]LogWorld: Bringing up level for play took: 0.015882
[2020.06.28-16.34.19:656][826]LogOnline: OSS: Creating online subsystem instance for: :Context_3
[2020.06.28-16.34.19:659][826]LogContentBrowser: Native class hierarchy updated for 'MovieSceneCapture' in 0.0003 seconds. Added 20 classes and 0 folders.
[2020.06.28-16.34.19:660][826]PIE: El servidor ha iniciado la sesión
[2020.06.28-16.34.19:661][826]PIE: Play in editor total start time 0,146 seconds.
[2020.06.28-16.34.42:605][541]LogSlate: Updating window title bar state: overlay mode, drag disabled, window buttons hidden, title bar hidden
[2020.06.28-16.34.42:605][541]LogWorld: BeginTearingDown for /Game/FirstPersonBP/Maps/UEDPIE_0_FirstPersonExampleMap
[2020.06.28-16.34.42:606][541]LogWorld: UWorld::CleanupWorld for FirstPersonExampleMap, bSessionEnded=true, bCleanupResources=true
[2020.06.28-16.34.42:611][541]LogSlate: InvalidateAllWidgets triggered.  All widgets were invalidated
[2020.06.28-16.34.42:622][541]LogPlayLevel: Display: Shutting down PIE online subsystems
[2020.06.28-16.34.42:625][541]LogSlate: InvalidateAllWidgets triggered.  All widgets were invalidated
[2020.06.28-16.34.42:652][541]LogSlate: Updating window title bar state: overlay mode, drag disabled, window buttons hidden, title bar hidden
[2020.06.28-16.34.42:657][541]LogAISub: UAISubsystem::~UAISubsystem EnvQueryManager (000001C6CD02A600), frame # 37541
[2020.06.28-16.34.42:657][541]LogAISub: UAISubsystem::~UAISubsystem AIPerceptionSystem (000001C6A9A29BC0), frame # 37541
[2020.06.28-16.34.42:658][541]LogUObjectHash: Compacting FUObjectHashTables data took   0.95ms
[2020.06.28-16.34.42:692][542]LogPlayLevel: Display: Destroying online subsystem :Context_3
[2020.06.28-16.35.17:683][300]LogEditorViewport: Clicking on Actor (LMB): Landscape (Landscape)
[2020.06.28-16.35.22:915][817]LogEditorViewport: Clicking on Actor (LMB): StaticMeshActor (SM_Cave_Rock_Path_Single)
[2020.06.28-16.35.23:677][885]LogEditorViewport: Clicking on Actor (LMB): StaticMeshActor (SM_Cave_Rock_Small3)
[2020.06.28-16.35.25:278][ 34]Cmd: DUPLICATE
[2020.06.28-16.35.25:278][ 34]Cmd: ACTOR DUPLICATE
[2020.06.28-16.35.36:107][ 48]LogEditorViewport: Clicking on Actor (LMB): StaticMeshActor (MapBlockout_Rock_Small_T3_1x2x1)
[2020.06.28-16.35.37:261][156]Cmd: DELETE
[2020.06.28-16.35.37:261][156]Cmd: ACTOR DELETE
[2020.06.28-16.35.37:281][156]LogEditorActor: Deleted Actor: StaticMeshActor
[2020.06.28-16.35.37:293][156]LogUObjectHash: Compacting FUObjectHashTables data took   0.84ms
[2020.06.28-16.35.37:295][156]LogEditorActor: Deleted 1 Actors (0.034 secs)
[2020.06.28-16.35.37:765][208]LogEditorViewport: Clicking on Actor (LMB): StaticMeshActor (MapBlockout_Rock_large_T1_4x6x4__19_)
[2020.06.28-16.35.38:137][239]Cmd: DELETE
[2020.06.28-16.35.38:137][239]Cmd: ACTOR DELETE
[2020.06.28-16.35.38:156][239]LogEditorActor: Deleted Actor: StaticMeshActor
[2020.06.28-16.35.38:167][239]LogUObjectHash: Compacting FUObjectHashTables data took   0.34ms
[2020.06.28-16.35.38:169][239]LogEditorActor: Deleted 1 Actors (0.032 secs)
[2020.06.28-16.35.38:824][313]LogEditorViewport: Clicking on Actor (LMB): StaticMeshActor (SM_Cave_Rock_Small5)
[2020.06.28-16.35.55:994][175]Cmd: DUPLICATE
[2020.06.28-16.35.55:994][175]Cmd: ACTOR DUPLICATE
[2020.06.28-16.36.08:674][641]LogEditorViewport: Clicking on Actor (LMB): StaticMeshActor (MapBlockout_Rock_Small_T4_1x2x002)
[2020.06.28-16.36.09:752][763]Cmd: DELETE
[2020.06.28-16.36.09:753][763]Cmd: ACTOR DELETE
[2020.06.28-16.36.09:771][763]LogEditorActor: Deleted Actor: StaticMeshActor
[2020.06.28-16.36.09:783][763]LogUObjectHash: Compacting FUObjectHashTables data took   0.87ms
[2020.06.28-16.36.09:785][763]LogEditorActor: Deleted 1 Actors (0.032 secs)
[2020.06.28-16.36.13:159][147]LogEditorViewport: Clicking on Actor (LMB): StaticMeshActor (MapBlockout_Rock_Small_T4_1x2x002__2_)
[2020.06.28-16.36.13:496][177]Cmd: DELETE
[2020.06.28-16.36.13:496][177]Cmd: ACTOR DELETE
[2020.06.28-16.36.13:515][177]LogEditorActor: Deleted Actor: StaticMeshActor
[2020.06.28-16.36.13:526][177]LogUObjectHash: Compacting FUObjectHashTables data took   0.34ms
[2020.06.28-16.36.13:528][177]LogEditorActor: Deleted 1 Actors (0.032 secs)
[2020.06.28-16.36.14:047][236]LogEditorViewport: Clicking on Actor (LMB): StaticMeshActor (MapBlockout_Rock_Flatbottom_large_T1_8x8x8__9_)
[2020.06.28-16.36.14:417][269]Cmd: DELETE
[2020.06.28-16.36.14:417][269]Cmd: ACTOR DELETE
[2020.06.28-16.36.14:436][269]LogEditorActor: Deleted Actor: StaticMeshActor
[2020.06.28-16.36.14:447][269]LogUObjectHash: Compacting FUObjectHashTables data took   0.35ms
[2020.06.28-16.36.14:449][269]LogEditorActor: Deleted 1 Actors (0.031 secs)
[2020.06.28-16.36.14:888][319]LogEditorViewport: Clicking on Actor (LMB): StaticMeshActor (MapBlockout_Rock_Small_T4_1x2x002__1_)
[2020.06.28-16.36.15:064][332]Cmd: DELETE
[2020.06.28-16.36.15:064][332]Cmd: ACTOR DELETE
[2020.06.28-16.36.15:083][332]LogEditorActor: Deleted Actor: StaticMeshActor
[2020.06.28-16.36.15:095][332]LogUObjectHash: Compacting FUObjectHashTables data took   0.35ms
[2020.06.28-16.36.15:096][332]LogEditorActor: Deleted 1 Actors (0.032 secs)
[2020.06.28-16.36.15:511][379]LogEditorViewport: Clicking on Actor (LMB): StaticMeshActor (MapBlockout_Rock_Flatbottom_large_T1_8x8x8__7_)
[2020.06.28-16.36.15:737][397]Cmd: DELETE
[2020.06.28-16.36.15:737][397]Cmd: ACTOR DELETE
[2020.06.28-16.36.15:757][397]LogEditorActor: Deleted Actor: StaticMeshActor
[2020.06.28-16.36.15:768][397]LogUObjectHash: Compacting FUObjectHashTables data took   0.34ms
[2020.06.28-16.36.15:770][397]LogEditorActor: Deleted 1 Actors (0.032 secs)
[2020.06.28-16.36.16:856][522]LogEditorViewport: Clicking on Actor (LMB): StaticMeshActor (MapBlockout_Rock_Flatbottom_large_T1_8x8x8__6_)
[2020.06.28-16.36.17:242][557]Cmd: DELETE
[2020.06.28-16.36.17:242][557]Cmd: ACTOR DELETE
[2020.06.28-16.36.17:262][557]LogEditorActor: Deleted Actor: StaticMeshActor
[2020.06.28-16.36.17:273][557]LogUObjectHash: Compacting FUObjectHashTables data took   0.37ms
[2020.06.28-16.36.17:274][557]LogEditorActor: Deleted 1 Actors (0.032 secs)
[2020.06.28-16.36.18:348][664]LogEditorViewport: Clicking on Actor (LMB): StaticMeshActor (MapBlockout_Rock_Flatbottom_large_T1_8x8x8__5_)
[2020.06.28-16.36.18:667][691]Cmd: DELETE
[2020.06.28-16.36.18:667][691]Cmd: ACTOR DELETE
[2020.06.28-16.36.18:685][691]LogEditorActor: Deleted Actor: StaticMeshActor
[2020.06.28-16.36.18:696][691]LogUObjectHash: Compacting FUObjectHashTables data took   0.34ms
[2020.06.28-16.36.18:698][691]LogEditorActor: Deleted 1 Actors (0.031 secs)
[2020.06.28-16.36.24:677][334]LogEditorViewport: Clicking on Actor (LMB): StaticMeshActor (SM_Cave_Rock_Large02)
[2020.06.28-16.36.29:526][863]LogEditorViewport: Clicking on Actor (LMB): StaticMeshActor (SM_Cave_Rock_Small01)
[2020.06.28-16.36.31:569][ 87]Cmd: DUPLICATE
[2020.06.28-16.36.31:569][ 87]Cmd: ACTOR DUPLICATE
[2020.06.28-16.36.47:615][716]Cmd: CAMERA ALIGN ACTIVEVIEWPORTONLY
[2020.06.28-16.37.03:750][480]LogEditorViewport: Clicking on Actor (LMB): StaticMeshActor (SM_Cave_Rock_Medium5)
[2020.06.28-16.37.05:103][635]Cmd: DUPLICATE
[2020.06.28-16.37.05:103][635]Cmd: ACTOR DUPLICATE
[2020.06.28-16.37.19:629][253]LogEditorViewport: Clicking on Actor (LMB): StaticMeshActor (SM_Cave_Rock_Small2)
[2020.06.28-16.37.29:025][171]LogEditorViewport: Clicking on Actor (LMB): StaticMeshActor (SM_Cave_Rock_Small6)
[2020.06.28-16.37.42:060][444]LogEditorViewport: Clicking on Actor (LMB): Landscape (Landscape)
[2020.06.28-16.38.01:317][453]LogTemp: Repeating last play command: Selected Viewport
[2020.06.28-16.38.01:333][453]LogPlayLevel: PlayLevel: No blueprints needed recompiling
[2020.06.28-16.38.01:333][453]PIE: New page: Sesión PIE (reproducción en el editor): FirstPersonExampleMap (28 jun. 2020 20:38:01)
[2020.06.28-16.38.01:333][453]LogPlayLevel: Creating play world package: /Game/FirstPersonBP/Maps/UEDPIE_0_FirstPersonExampleMap
[2020.06.28-16.38.01:404][453]LogPlayLevel: PIE: StaticDuplicateObject took: (0.069982s)
[2020.06.28-16.38.01:405][453]LogAIModule: Creating AISystem for world FirstPersonExampleMap
[2020.06.28-16.38.01:405][453]LogAISub: UAISubsystem::UAISubsystem EnvQueryManager (000001C69D9CAE00), frame # 58453
[2020.06.28-16.38.01:405][453]LogAISub: UAISubsystem::UAISubsystem AIPerceptionSystem (000001C6235C07C0), frame # 58453
[2020.06.28-16.38.01:406][453]LogPlayLevel: PIE: World Init took: (0.001444s)
[2020.06.28-16.38.01:406][453]LogPlayLevel: PIE: Created PIE world by copying editor world from /Game/FirstPersonBP/Maps/FirstPersonExampleMap.FirstPersonExampleMap to /Game/FirstPersonBP/Maps/UEDPIE_0_FirstPersonExampleMap.FirstPersonExampleMap (0.071641s)
[2020.06.28-16.38.01:418][453]LogUObjectHash: Compacting FUObjectHashTables data took   0.93ms
[2020.06.28-16.38.01:421][453]LogAudioMixer: Display: Audio Mixer Platform Settings:
[2020.06.28-16.38.01:421][453]LogAudioMixer: Display: 	Sample Rate:						  48000
[2020.06.28-16.38.01:421][453]LogAudioMixer: Display: 	Callback Buffer Frame Size Requested: 1024
[2020.06.28-16.38.01:421][453]LogAudioMixer: Display: 	Callback Buffer Frame Size To Use:	  1024
[2020.06.28-16.38.01:421][453]LogAudioMixer: Display: 	Number of buffers to queue:			  2
[2020.06.28-16.38.01:422][453]LogAudioMixer: Display: 	Max Channels (voices):				  32
[2020.06.28-16.38.01:422][453]LogAudioMixer: Display: 	Number of Async Source Workers:		  0
[2020.06.28-16.38.01:422][453]LogAudio: Display: AudioDevice MaxSources: 32
[2020.06.28-16.38.01:422][453]LogAudio: Display: Using built-in audio occlusion.
[2020.06.28-16.38.01:422][453]LogAudioMixer: Display: Initializing audio mixer.
[2020.06.28-16.38.01:424][453]LogAudioMixer: Display: 0: FrontLeft
[2020.06.28-16.38.01:424][453]LogAudioMixer: Display: 1: FrontRight
[2020.06.28-16.38.01:437][453]LogAudioMixer: Display: Using Audio Device 3 - ED242QR A (AMD High Definition Audio Device)
[2020.06.28-16.38.01:437][453]LogAudioMixer: Display: Initializing Sound Submixes...
[2020.06.28-16.38.01:437][453]LogAudioMixer: Display: Creating Master Submix 'MasterSubmixDefault'
[2020.06.28-16.38.01:437][453]LogAudioMixer: Display: Creating Master Submix 'MasterReverbSubmixDefault'
[2020.06.28-16.38.01:437][453]LogAudioMixer: Display: Creating Master Submix 'MasterEQSubmixDefault'
[2020.06.28-16.38.01:447][453]LogInit: FAudioDevice initialized.
[2020.06.28-16.38.01:457][453]LogLoad: Game class is 'FirstPersonGameMode_C'
[2020.06.28-16.38.01:473][453]LogWorld: Bringing World /Game/FirstPersonBP/Maps/UEDPIE_0_FirstPersonExampleMap.FirstPersonExampleMap up for play (max tick rate 0) at 2020.06.28-18.38.01
[2020.06.28-16.38.01:474][453]LogWorld: Bringing up level for play took: 0.016400
[2020.06.28-16.38.01:474][453]LogOnline: OSS: Creating online subsystem instance for: :Context_4
[2020.06.28-16.38.01:476][453]PIE: El servidor ha iniciado la sesión
[2020.06.28-16.38.01:477][453]PIE: Play in editor total start time 0,144 seconds.
[2020.06.28-16.38.11:863][667]LogSlate: Updating window title bar state: overlay mode, drag disabled, window buttons hidden, title bar hidden
[2020.06.28-16.38.11:863][667]LogWorld: BeginTearingDown for /Game/FirstPersonBP/Maps/UEDPIE_0_FirstPersonExampleMap
[2020.06.28-16.38.11:863][667]LogWorld: UWorld::CleanupWorld for FirstPersonExampleMap, bSessionEnded=true, bCleanupResources=true
[2020.06.28-16.38.11:868][667]LogSlate: InvalidateAllWidgets triggered.  All widgets were invalidated
[2020.06.28-16.38.11:876][667]LogPlayLevel: Display: Shutting down PIE online subsystems
[2020.06.28-16.38.11:879][667]LogSlate: InvalidateAllWidgets triggered.  All widgets were invalidated
[2020.06.28-16.38.11:905][667]LogSlate: Updating window title bar state: overlay mode, drag disabled, window buttons hidden, title bar hidden
[2020.06.28-16.38.11:907][667]LogAISub: UAISubsystem::~UAISubsystem AIPerceptionSystem (000001C6235C07C0), frame # 59667
[2020.06.28-16.38.11:907][667]LogAISub: UAISubsystem::~UAISubsystem EnvQueryManager (000001C69D9CAE00), frame # 59667
[2020.06.28-16.38.11:910][667]LogUObjectHash: Compacting FUObjectHashTables data took   0.87ms
[2020.06.28-16.38.11:962][668]LogPlayLevel: Display: Destroying online subsystem :Context_4
[2020.06.28-16.38.22:677][904]LogTemp: Repeating last play command: Selected Viewport
[2020.06.28-16.38.22:693][904]LogPlayLevel: PlayLevel: No blueprints needed recompiling
[2020.06.28-16.38.22:693][904]PIE: New page: Sesión PIE (reproducción en el editor): FirstPersonExampleMap (28 jun. 2020 20:38:22)
[2020.06.28-16.38.22:721][904]LogPlayLevel: Creating play world package: /Game/FirstPersonBP/Maps/UEDPIE_0_FirstPersonExampleMap
[2020.06.28-16.38.22:791][904]LogPlayLevel: PIE: StaticDuplicateObject took: (0.068911s)
[2020.06.28-16.38.22:792][904]LogAIModule: Creating AISystem for world FirstPersonExampleMap
[2020.06.28-16.38.22:792][904]LogAISub: UAISubsystem::UAISubsystem EnvQueryManager (000001C6CC5C8800), frame # 60904
[2020.06.28-16.38.22:792][904]LogAISub: UAISubsystem::UAISubsystem AIPerceptionSystem (000001C6B2BF1580), frame # 60904
[2020.06.28-16.38.22:792][904]LogPlayLevel: PIE: World Init took: (0.001227s)
[2020.06.28-16.38.22:792][904]LogPlayLevel: PIE: Created PIE world by copying editor world from /Game/FirstPersonBP/Maps/FirstPersonExampleMap.FirstPersonExampleMap to /Game/FirstPersonBP/Maps/UEDPIE_0_FirstPersonExampleMap.FirstPersonExampleMap (0.070377s)
[2020.06.28-16.38.22:804][904]LogUObjectHash: Compacting FUObjectHashTables data took   0.93ms
[2020.06.28-16.38.22:807][904]LogAudioMixer: Display: Audio Mixer Platform Settings:
[2020.06.28-16.38.22:807][904]LogAudioMixer: Display: 	Sample Rate:						  48000
[2020.06.28-16.38.22:807][904]LogAudioMixer: Display: 	Callback Buffer Frame Size Requested: 1024
[2020.06.28-16.38.22:807][904]LogAudioMixer: Display: 	Callback Buffer Frame Size To Use:	  1024
[2020.06.28-16.38.22:807][904]LogAudioMixer: Display: 	Number of buffers to queue:			  2
[2020.06.28-16.38.22:807][904]LogAudioMixer: Display: 	Max Channels (voices):				  32
[2020.06.28-16.38.22:807][904]LogAudioMixer: Display: 	Number of Async Source Workers:		  0
[2020.06.28-16.38.22:807][904]LogAudio: Display: AudioDevice MaxSources: 32
[2020.06.28-16.38.22:807][904]LogAudio: Display: Using built-in audio occlusion.
[2020.06.28-16.38.22:807][904]LogAudioMixer: Display: Initializing audio mixer.
[2020.06.28-16.38.22:809][904]LogAudioMixer: Display: 0: FrontLeft
[2020.06.28-16.38.22:809][904]LogAudioMixer: Display: 1: FrontRight
[2020.06.28-16.38.22:820][904]LogAudioMixer: Display: Using Audio Device 3 - ED242QR A (AMD High Definition Audio Device)
[2020.06.28-16.38.22:820][904]LogAudioMixer: Display: Initializing Sound Submixes...
[2020.06.28-16.38.22:820][904]LogAudioMixer: Display: Creating Master Submix 'MasterSubmixDefault'
[2020.06.28-16.38.22:820][904]LogAudioMixer: Display: Creating Master Submix 'MasterReverbSubmixDefault'
[2020.06.28-16.38.22:820][904]LogAudioMixer: Display: Creating Master Submix 'MasterEQSubmixDefault'
[2020.06.28-16.38.22:830][904]LogInit: FAudioDevice initialized.
[2020.06.28-16.38.22:837][904]LogLoad: Game class is 'FirstPersonGameMode_C'
[2020.06.28-16.38.22:853][904]LogWorld: Bringing World /Game/FirstPersonBP/Maps/UEDPIE_0_FirstPersonExampleMap.FirstPersonExampleMap up for play (max tick rate 0) at 2020.06.28-18.38.22
[2020.06.28-16.38.22:854][904]LogWorld: Bringing up level for play took: 0.016493
[2020.06.28-16.38.22:854][904]LogOnline: OSS: Creating online subsystem instance for: :Context_5
[2020.06.28-16.38.22:856][904]PIE: El servidor ha iniciado la sesión
[2020.06.28-16.38.22:857][904]PIE: Play in editor total start time 0,164 seconds.
[2020.06.28-16.38.25:282][179]LogSlate: Updating window title bar state: overlay mode, drag disabled, window buttons hidden, title bar hidden
[2020.06.28-16.38.25:282][179]LogWorld: BeginTearingDown for /Game/FirstPersonBP/Maps/UEDPIE_0_FirstPersonExampleMap
[2020.06.28-16.38.25:283][179]LogWorld: UWorld::CleanupWorld for FirstPersonExampleMap, bSessionEnded=true, bCleanupResources=true
[2020.06.28-16.38.25:288][179]LogSlate: InvalidateAllWidgets triggered.  All widgets were invalidated
[2020.06.28-16.38.25:299][179]LogPlayLevel: Display: Shutting down PIE online subsystems
[2020.06.28-16.38.25:302][179]LogSlate: InvalidateAllWidgets triggered.  All widgets were invalidated
[2020.06.28-16.38.25:317][179]LogSlate: Updating window title bar state: overlay mode, drag disabled, window buttons hidden, title bar hidden
[2020.06.28-16.38.25:331][179]LogAISub: UAISubsystem::~UAISubsystem AIPerceptionSystem (000001C6B2BF1580), frame # 61179
[2020.06.28-16.38.25:331][179]LogAISub: UAISubsystem::~UAISubsystem EnvQueryManager (000001C6CC5C8800), frame # 61179
[2020.06.28-16.38.25:334][179]LogUObjectHash: Compacting FUObjectHashTables data took   0.88ms
[2020.06.28-16.38.25:384][180]LogPlayLevel: Display: Destroying online subsystem :Context_5
