Log file open, 07/01/20 11:25:07
LogInit: Display: Running engine for game: H_Hour
LogPlatformFile: Not using cached read wrapper
LogTaskGraph: Started task graph with 5 named threads and 35 total threads with 3 sets of task threads.
LogStats: Stats thread started at 0.381663
LogD3D11RHI: Loaded GFSDK_Aftermath_Lib.x64.dll
LogICUInternationalization: ICU TimeZone Detection - Raw Offset: +1:00, Platform Override: ''
LogPluginManager: Mounting plugin Paper2D
LogPluginManager: Mounting plugin AISupport
LogPluginManager: Mounting plugin LightPropagationVolume
LogPluginManager: Mounting plugin CameraShakePreviewer
LogPluginManager: Mounting plugin ActorLayerUtilities
LogPluginManager: Mounting plugin AnimationSharing
LogPluginManager: Mounting plugin CLionSourceCodeAccess
LogPluginManager: Mounting plugin CodeLiteSourceCodeAccess
LogPluginManager: Mounting plugin GitSourceControl
LogPluginManager: Mounting plugin KDevelopSourceCodeAccess
LogPluginManager: Mounting plugin NullSourceCodeAccess
LogPluginManager: Mounting plugin PerforceSourceControl
LogPluginManager: Mounting plugin PlasticSourceControl
LogPluginManager: Mounting plugin RiderSourceCodeAccess
LogPluginManager: Mounting plugin SubversionSourceControl
LogPluginManager: Mounting plugin UObjectPlugin
LogPluginManager: Mounting plugin VisualStudioCodeSourceCodeAccess
LogPluginManager: Mounting plugin VisualStudioSourceCodeAccess
LogPluginManager: Mounting plugin XCodeSourceCodeAccess
LogPluginManager: Mounting plugin AssetManagerEditor
LogPluginManager: Mounting plugin CryptoKeys
LogPluginManager: Mounting plugin CurveEditorTools
LogPluginManager: Mounting plugin DataValidation
LogPluginManager: Mounting plugin EditorScriptingUtilities
LogPluginManager: Mounting plugin FacialAnimation
LogPluginManager: Mounting plugin GameplayTagsEditor
LogPluginManager: Mounting plugin GeometryMode
LogPluginManager: Mounting plugin GLTFImporter
LogPluginManager: Mounting plugin MacGraphicsSwitching
LogPluginManager: Mounting plugin MaterialAnalyzer
LogPluginManager: Mounting plugin MobileLauncherProfileWizard
LogPluginManager: Mounting plugin PluginBrowser
LogPluginManager: Mounting plugin SpeedTreeImporter
LogPluginManager: Mounting plugin DatasmithContent
LogPluginManager: Mounting plugin VariantManagerContent
LogPluginManager: Mounting plugin AlembicImporter
LogPluginManager: Mounting plugin AutomationUtils
LogPluginManager: Mounting plugin BackChannel
LogPluginManager: Mounting plugin ChaosCloth
LogPluginManager: Mounting plugin ChaosClothEditor
LogPluginManager: Mounting plugin ChaosEditor
LogPluginManager: Mounting plugin ChaosNiagara
LogPluginManager: Mounting plugin ChaosSolverPlugin
LogPluginManager: Mounting plugin CharacterAI
LogPluginManager: Mounting plugin GeometryCache
LogPluginManager: Mounting plugin GeometryCollectionPlugin
LogPluginManager: Mounting plugin GeometryProcessing
LogPluginManager: Mounting plugin PlanarCut
LogPluginManager: Mounting plugin PlatformCrypto
LogPluginManager: Mounting plugin ProxyLODPlugin
LogPluginManager: Mounting plugin SkeletalReduction
LogPluginManager: Mounting plugin Niagara
LogPluginManager: Mounting plugin MagicLeap
LogPluginManager: Mounting plugin MagicLeapLightEstimation
LogPluginManager: Mounting plugin MagicLeapMedia
LogPluginManager: Mounting plugin MagicLeapPassableWorld
LogPluginManager: Mounting plugin MLSDK
LogPluginManager: Mounting plugin Substance
LogPluginManager: Mounting plugin AndroidMedia
LogPluginManager: Mounting plugin AvfMedia
LogPluginManager: Mounting plugin ImgMedia
LogPluginManager: Mounting plugin MediaCompositing
LogPluginManager: Mounting plugin MediaPlayerEditor
LogPluginManager: Mounting plugin WebMMedia
LogPluginManager: Mounting plugin WmfMedia
LogPluginManager: Mounting plugin MeshPainting
LogPluginManager: Mounting plugin TcpMessaging
LogPluginManager: Mounting plugin UdpMessaging
LogPluginManager: Mounting plugin ActorSequence
LogPluginManager: Mounting plugin LevelSequenceEditor
LogPluginManager: Mounting plugin MatineeToLevelSequence
LogPluginManager: Mounting plugin MovieRenderPipeline
LogPluginManager: Mounting plugin TemplateSequence
LogPluginManager: Mounting plugin NetcodeUnitTest
LogPluginManager: Mounting plugin NUTUnrealEngine4
LogPluginManager: Mounting plugin OnlineSubsystemGooglePlay
LogPluginManager: Mounting plugin OnlineSubsystemIOS
LogPluginManager: Mounting plugin OnlineSubsystem
LogPluginManager: Mounting plugin OnlineSubsystemNull
LogPluginManager: Mounting plugin OnlineSubsystemUtils
LogPluginManager: Mounting plugin LauncherChunkInstaller
LogPluginManager: Mounting plugin AndroidDeviceProfileSelector
LogPluginManager: Mounting plugin AndroidMoviePlayer
LogPluginManager: Mounting plugin AndroidPermission
LogPluginManager: Mounting plugin AppleImageUtils
LogPluginManager: Mounting plugin AppleMoviePlayer
LogPluginManager: Mounting plugin ArchVisCharacter
LogPluginManager: Mounting plugin AssetTags
LogPluginManager: Mounting plugin AudioCapture
LogPluginManager: Mounting plugin CableComponent
LogPluginManager: Mounting plugin CustomMeshComponent
LogPluginManager: Mounting plugin EditableMesh
LogPluginManager: Mounting plugin ExampleDeviceProfileSelector
LogPluginManager: Mounting plugin GoogleCloudMessaging
LogPluginManager: Mounting plugin GooglePAD
LogPluginManager: Mounting plugin IOSDeviceProfileSelector
LogPluginManager: Mounting plugin LinuxDeviceProfileSelector
LogPluginManager: Mounting plugin LocationServicesBPLibrary
LogPluginManager: Mounting plugin MobilePatchingUtils
LogPluginManager: Mounting plugin OculusVR
LogPluginManager: Mounting plugin PhysXVehicles
LogPluginManager: Mounting plugin PostSplashScreen
LogPluginManager: Mounting plugin ProceduralMeshComponent
LogPluginManager: Mounting plugin RuntimePhysXCooking
LogPluginManager: Mounting plugin SignificanceManager
LogPluginManager: Mounting plugin SoundFields
LogPluginManager: Mounting plugin SteamVR
LogPluginManager: Mounting plugin Synthesis
LogPluginManager: Mounting plugin WebMMoviePlayer
LogPluginManager: Mounting plugin WindowsMoviePlayer
LogPluginManager: Mounting plugin ScreenshotTools
LogInit: Using libcurl 7.55.1-DEV
LogInit:  - built for x86_64-pc-win32
LogInit:  - supports SSL with OpenSSL/1.1.1
LogInit:  - supports HTTP deflate (compression) using libz 1.2.8
LogInit:  - other features:
LogInit:      CURL_VERSION_SSL
LogInit:      CURL_VERSION_LIBZ
LogInit:      CURL_VERSION_IPV6
LogInit:      CURL_VERSION_ASYNCHDNS
LogInit:      CURL_VERSION_LARGEFILE
LogInit:      CURL_VERSION_IDN
LogInit:  CurlRequestOptions (configurable via config and command line):
LogInit:  - bVerifyPeer = true  - Libcurl will verify peer certificate
LogInit:  - bUseHttpProxy = false  - Libcurl will NOT use HTTP proxy
LogInit:  - bDontReuseConnections = false  - Libcurl will reuse connections
LogInit:  - MaxHostConnections = 16  - Libcurl will limit the number of connections to a host
LogInit:  - LocalHostAddr = Default
LogInit:  - BufferSize = 65536
LogOnline: OSS: Creating online subsystem instance for: NULL
LogInit: WinSock: version 1.1 (2.2), MaxSocks=32767, MaxUdp=65467
LogOnline: OSS: TryLoadSubsystemAndSetDefault: Loaded subsystem for module [NULL]
LogInit: Build: ++UE4+Release-4.25-CL-13594126
LogInit: Engine Version: 4.25.1-13594126+++UE4+Release-4.25
LogInit: Compatible Engine Version: 4.25.0-13144385+++UE4+Release-4.25
LogInit: Net CL: 13144385
LogInit: OS: Windows 10 (Release 2004) (), CPU: AMD Ryzen 5 3600X 6-Core Processor             , GPU: AMD Radeon RX 5600 XT
LogInit: Compiled (64-bit): Jun  2 2020 02:10:36
LogInit: Compiled with Visual C++: 19.24.28315.00
LogInit: Build Configuration: Development
LogInit: Branch Name: ++UE4+Release-4.25
LogInit: Command Line: 
LogInit: Base Directory: C:/Program Files/Epic Games/UE_4.25/Engine/Binaries/Win64/
LogInit: Allocator: TBB
LogInit: Installed Engine Build: 1
LogDevObjectVersion: Number of dev versions registered: 26
LogDevObjectVersion:   Dev-Blueprints (B0D832E4-1F89-4F0D-ACCF-7EB736FD4AA2): 10
LogDevObjectVersion:   Dev-Build (E1C64328-A22C-4D53-A36C-8E866417BD8C): 0
LogDevObjectVersion:   Dev-Core (375EC13C-06E4-48FB-B500-84F0262A717E): 4
LogDevObjectVersion:   Dev-Editor (E4B068ED-F494-42E9-A231-DA0B2E46BB41): 38
LogDevObjectVersion:   Dev-Framework (CFFC743F-43B0-4480-9391-14DF171D2073): 37
LogDevObjectVersion:   Dev-Mobile (B02B49B5-BB20-44E9-A304-32B752E40360): 2
LogDevObjectVersion:   Dev-Networking (A4E4105C-59A1-49B5-A7C5-40C4547EDFEE): 0
LogDevObjectVersion:   Dev-Online (39C831C9-5AE6-47DC-9A44-9C173E1C8E7C): 0
LogDevObjectVersion:   Dev-Physics (78F01B33-EBEA-4F98-B9B4-84EACCB95AA2): 4
LogDevObjectVersion:   Dev-Platform (6631380F-2D4D-43E0-8009-CF276956A95A): 0
LogDevObjectVersion:   Dev-Rendering (12F88B9F-8875-4AFC-A67C-D90C383ABD29): 43
LogDevObjectVersion:   Dev-Sequencer (7B5AE74C-D270-4C10-A958-57980B212A5A): 12
LogDevObjectVersion:   Dev-VR (D7296918-1DD6-4BDD-9DE2-64A83CC13884): 3
LogDevObjectVersion:   Dev-LoadTimes (C2A15278-BFE7-4AFE-6C17-90FF531DF755): 1
LogDevObjectVersion:   Private-Geometry (6EACA3D4-40EC-4CC1-B786-8BED09428FC5): 3
LogDevObjectVersion:   Dev-AnimPhys (29E575DD-E0A3-4627-9D10-D276232CDCEA): 17
LogDevObjectVersion:   Dev-Anim (AF43A65D-7FD3-4947-9873-3E8ED9C1BB05): 7
LogDevObjectVersion:   Dev-ReflectionCapture (6B266CEC-1EC7-4B8F-A30B-E4D90942FC07): 1
LogDevObjectVersion:   Dev-Automation (0DF73D61-A23F-47EA-B727-89E90C41499A): 1
LogDevObjectVersion:   FortniteMain (601D1886-AC64-4F84-AA16-D3DE0DEAC7D6): 31
LogDevObjectVersion:   Dev-Enterprise (9DFFBCD6-494F-0158-E221-12823C92A888): 10
LogDevObjectVersion:   Dev-Niagara (F2AED0AC-9AFE-416F-8664-AA7FFA26D6FC): 1
LogDevObjectVersion:   Dev-Destruction (174F1F0B-B4C6-45A5-B13F-2EE8D0FB917D): 10
LogDevObjectVersion:   Dev-Physics-Ext (35F94A83-E258-406C-A318-09F59610247C): 37
LogDevObjectVersion:   Dev-PhysicsMaterial-Chaos (B68FC16E-8B1B-42E2-B453-215C058844FE): 1
LogDevObjectVersion:   Dev-CineCamera (B2E18506-4273-CFC2-A54E-F4BB758BBA07): 1
LogInit: Presizing for max 25165824 objects, including 0 objects not considered by GC, pre-allocating 0 bytes for permanent pool.
LogConfig: Applying CVar settings from Section [/Script/Engine.StreamingSettings] File [C:/Users/Marc/Documents/GitHub/H-Hour/H_Hour/Saved/Config/Windows/Engine.ini]
LogConfig: Setting CVar [[s.MinBulkDataSizeForAsyncLoading:131072]]
LogConfig: Setting CVar [[s.AsyncLoadingThreadEnabled:0]]
LogConfig: Setting CVar [[s.EventDrivenLoaderEnabled:1]]
LogConfig: Setting CVar [[s.WarnIfTimeLimitExceeded:0]]
LogConfig: Setting CVar [[s.TimeLimitExceededMultiplier:1.5]]
LogConfig: Setting CVar [[s.TimeLimitExceededMinTime:0.005]]
LogConfig: Setting CVar [[s.UseBackgroundLevelStreaming:1]]
LogConfig: Setting CVar [[s.PriorityAsyncLoadingExtraTime:15.0]]
LogConfig: Setting CVar [[s.LevelStreamingActorsUpdateTimeLimit:5.0]]
LogConfig: Setting CVar [[s.PriorityLevelStreamingActorsUpdateExtraTime:5.0]]
LogConfig: Setting CVar [[s.LevelStreamingComponentsRegistrationGranularity:10]]
LogConfig: Setting CVar [[s.UnregisterComponentsTimeLimit:1.0]]
LogConfig: Setting CVar [[s.LevelStreamingComponentsUnregistrationGranularity:5]]
LogConfig: Setting CVar [[s.FlushStreamingOnExit:1]]
LogInit: Object subsystem initialized
LogConfig: Setting CVar [[con.DebugEarlyDefault:1]]
LogConfig: Setting CVar [[r.setres:1280x720]]
[2020.07.01-09.25.07:837][  0]LogConfig: Setting CVar [[r.VSync:0]]
[2020.07.01-09.25.07:837][  0]LogConfig: Setting CVar [[r.RHICmdBypass:0]]
[2020.07.01-09.25.07:837][  0]LogConfig: Applying CVar settings from Section [/Script/Engine.RendererSettings] File [C:/Users/Marc/Documents/GitHub/H-Hour/H_Hour/Saved/Config/Windows/Engine.ini]
[2020.07.01-09.25.07:837][  0]LogConfig: Setting CVar [[r.GPUCrashDebugging:0]]
[2020.07.01-09.25.07:837][  0]LogConfig: Setting CVar [[r.SkinCache.CompileShaders:1]]
[2020.07.01-09.25.07:837][  0]LogConfig: Setting CVar [[r.RayTracing:1]]
[2020.07.01-09.25.07:837][  0]LogConfig: Applying CVar settings from Section [/Script/Engine.RendererOverrideSettings] File [C:/Users/Marc/Documents/GitHub/H-Hour/H_Hour/Saved/Config/Windows/Engine.ini]
[2020.07.01-09.25.07:837][  0]LogConfig: Applying CVar settings from Section [/Script/Engine.StreamingSettings] File [C:/Users/Marc/Documents/GitHub/H-Hour/H_Hour/Saved/Config/Windows/Engine.ini]
[2020.07.01-09.25.07:837][  0]LogConfig: Setting CVar [[s.MinBulkDataSizeForAsyncLoading:131072]]
[2020.07.01-09.25.07:837][  0]LogConfig: Setting CVar [[s.AsyncLoadingThreadEnabled:0]]
[2020.07.01-09.25.07:837][  0]LogConfig: Setting CVar [[s.EventDrivenLoaderEnabled:1]]
[2020.07.01-09.25.07:837][  0]LogConfig: Setting CVar [[s.WarnIfTimeLimitExceeded:0]]
[2020.07.01-09.25.07:837][  0]LogConfig: Setting CVar [[s.TimeLimitExceededMultiplier:1.5]]
[2020.07.01-09.25.07:837][  0]LogConfig: Setting CVar [[s.TimeLimitExceededMinTime:0.005]]
[2020.07.01-09.25.07:837][  0]LogConfig: Setting CVar [[s.UseBackgroundLevelStreaming:1]]
[2020.07.01-09.25.07:837][  0]LogConfig: Setting CVar [[s.PriorityAsyncLoadingExtraTime:15.0]]
[2020.07.01-09.25.07:837][  0]LogConfig: Setting CVar [[s.LevelStreamingActorsUpdateTimeLimit:5.0]]
[2020.07.01-09.25.07:837][  0]LogConfig: Setting CVar [[s.PriorityLevelStreamingActorsUpdateExtraTime:5.0]]
[2020.07.01-09.25.07:837][  0]LogConfig: Setting CVar [[s.LevelStreamingComponentsRegistrationGranularity:10]]
[2020.07.01-09.25.07:837][  0]LogConfig: Setting CVar [[s.UnregisterComponentsTimeLimit:1.0]]
[2020.07.01-09.25.07:837][  0]LogConfig: Setting CVar [[s.LevelStreamingComponentsUnregistrationGranularity:5]]
[2020.07.01-09.25.07:837][  0]LogConfig: Setting CVar [[s.FlushStreamingOnExit:1]]
[2020.07.01-09.25.07:838][  0]LogConfig: Applying CVar settings from Section [/Script/Engine.GarbageCollectionSettings] File [C:/Users/Marc/Documents/GitHub/H-Hour/H_Hour/Saved/Config/Windows/Engine.ini]
[2020.07.01-09.25.07:838][  0]LogConfig: Setting CVar [[gc.MaxObjectsNotConsideredByGC:1]]
[2020.07.01-09.25.07:838][  0]LogConfig: Setting CVar [[gc.SizeOfPermanentObjectPool:0]]
[2020.07.01-09.25.07:838][  0]LogConfig: Setting CVar [[gc.FlushStreamingOnGC:0]]
[2020.07.01-09.25.07:838][  0]LogConfig: Setting CVar [[gc.NumRetriesBeforeForcingGC:10]]
[2020.07.01-09.25.07:838][  0]LogConfig: Setting CVar [[gc.AllowParallelGC:1]]
[2020.07.01-09.25.07:838][  0]LogConfig: Setting CVar [[gc.TimeBetweenPurgingPendingKillObjects:61.1]]
[2020.07.01-09.25.07:838][  0]LogConfig: Setting CVar [[gc.MaxObjectsInEditor:25165824]]
[2020.07.01-09.25.07:838][  0]LogConfig: Setting CVar [[gc.IncrementalBeginDestroyEnabled:1]]
[2020.07.01-09.25.07:838][  0]LogConfig: Setting CVar [[gc.CreateGCClusters:1]]
[2020.07.01-09.25.07:838][  0]LogConfig: Setting CVar [[gc.MinGCClusterSize:5]]
[2020.07.01-09.25.07:838][  0]LogConfig: Setting CVar [[gc.ActorClusteringEnabled:0]]
[2020.07.01-09.25.07:838][  0]LogConfig: Setting CVar [[gc.BlueprintClusteringEnabled:0]]
[2020.07.01-09.25.07:838][  0]LogConfig: Setting CVar [[gc.UseDisregardForGCOnDedicatedServers:0]]
[2020.07.01-09.25.07:838][  0]LogConfig: Applying CVar settings from Section [/Script/Engine.NetworkSettings] File [C:/Users/Marc/Documents/GitHub/H-Hour/H_Hour/Saved/Config/Windows/Engine.ini]
[2020.07.01-09.25.07:838][  0]LogConfig: Applying CVar settings from Section [/Script/UnrealEd.CookerSettings] File [C:/Users/Marc/Documents/GitHub/H-Hour/H_Hour/Saved/Config/Windows/Engine.ini]
[2020.07.01-09.25.07:840][  0]LogConfig: Applying CVar settings from Section [ViewDistanceQuality@3] File [C:/Users/Marc/Documents/GitHub/H-Hour/H_Hour/Saved/Config/Windows/Scalability.ini]
[2020.07.01-09.25.07:840][  0]LogConfig: Setting CVar [[r.SkeletalMeshLODBias:0]]
[2020.07.01-09.25.07:840][  0]LogConfig: Setting CVar [[r.ViewDistanceScale:1.0]]
[2020.07.01-09.25.07:840][  0]LogConfig: Applying CVar settings from Section [AntiAliasingQuality@3] File [C:/Users/Marc/Documents/GitHub/H-Hour/H_Hour/Saved/Config/Windows/Scalability.ini]
[2020.07.01-09.25.07:840][  0]LogConfig: Setting CVar [[r.PostProcessAAQuality:4]]
[2020.07.01-09.25.07:840][  0]LogConfig: Applying CVar settings from Section [ShadowQuality@3] File [C:/Users/Marc/Documents/GitHub/H-Hour/H_Hour/Saved/Config/Windows/Scalability.ini]
[2020.07.01-09.25.07:840][  0]LogConfig: Setting CVar [[r.LightFunctionQuality:1]]
[2020.07.01-09.25.07:840][  0]LogConfig: Setting CVar [[r.ShadowQuality:5]]
[2020.07.01-09.25.07:840][  0]LogConfig: Setting CVar [[r.Shadow.CSM.MaxCascades:10]]
[2020.07.01-09.25.07:840][  0]LogConfig: Setting CVar [[r.Shadow.MaxResolution:2048]]
[2020.07.01-09.25.07:840][  0]LogConfig: Setting CVar [[r.Shadow.MaxCSMResolution:2048]]
[2020.07.01-09.25.07:840][  0]LogConfig: Setting CVar [[r.Shadow.RadiusThreshold:0.01]]
[2020.07.01-09.25.07:840][  0]LogConfig: Setting CVar [[r.Shadow.DistanceScale:1.0]]
[2020.07.01-09.25.07:840][  0]LogConfig: Setting CVar [[r.Shadow.CSM.TransitionScale:1.0]]
[2020.07.01-09.25.07:840][  0]LogConfig: Setting CVar [[r.Shadow.PreShadowResolutionFactor:1.0]]
[2020.07.01-09.25.07:840][  0]LogConfig: Setting CVar [[r.DistanceFieldShadowing:1]]
[2020.07.01-09.25.07:840][  0]LogConfig: Setting CVar [[r.DistanceFieldAO:1]]
[2020.07.01-09.25.07:840][  0]LogConfig: Setting CVar [[r.AOQuality:2]]
[2020.07.01-09.25.07:840][  0]LogConfig: Setting CVar [[r.VolumetricFog:1]]
[2020.07.01-09.25.07:840][  0]LogConfig: Setting CVar [[r.VolumetricFog.GridPixelSize:8]]
[2020.07.01-09.25.07:840][  0]LogConfig: Setting CVar [[r.VolumetricFog.GridSizeZ:128]]
[2020.07.01-09.25.07:840][  0]LogConfig: Setting CVar [[r.VolumetricFog.HistoryMissSupersampleCount:4]]
[2020.07.01-09.25.07:840][  0]LogConfig: Setting CVar [[r.LightMaxDrawDistanceScale:1]]
[2020.07.01-09.25.07:840][  0]LogConfig: Setting CVar [[r.CapsuleShadows:1]]
[2020.07.01-09.25.07:840][  0]LogConfig: Applying CVar settings from Section [PostProcessQuality@3] File [C:/Users/Marc/Documents/GitHub/H-Hour/H_Hour/Saved/Config/Windows/Scalability.ini]
[2020.07.01-09.25.07:840][  0]LogConfig: Setting CVar [[r.MotionBlurQuality:4]]
[2020.07.01-09.25.07:840][  0]LogConfig: Setting CVar [[r.AmbientOcclusionMipLevelFactor:0.4]]
[2020.07.01-09.25.07:840][  0]LogConfig: Setting CVar [[r.AmbientOcclusionMaxQuality:100]]
[2020.07.01-09.25.07:840][  0]LogConfig: Setting CVar [[r.AmbientOcclusionLevels:-1]]
[2020.07.01-09.25.07:840][  0]LogConfig: Setting CVar [[r.AmbientOcclusionRadiusScale:1.0]]
[2020.07.01-09.25.07:840][  0]LogConfig: Setting CVar [[r.DepthOfFieldQuality:2]]
[2020.07.01-09.25.07:840][  0]LogConfig: Setting CVar [[r.RenderTargetPoolMin:400]]
[2020.07.01-09.25.07:840][  0]LogConfig: Setting CVar [[r.LensFlareQuality:2]]
[2020.07.01-09.25.07:840][  0]LogConfig: Setting CVar [[r.SceneColorFringeQuality:1]]
[2020.07.01-09.25.07:840][  0]LogConfig: Setting CVar [[r.EyeAdaptationQuality:2]]
[2020.07.01-09.25.07:840][  0]LogConfig: Setting CVar [[r.BloomQuality:5]]
[2020.07.01-09.25.07:840][  0]LogConfig: Setting CVar [[r.FastBlurThreshold:100]]
[2020.07.01-09.25.07:840][  0]LogConfig: Setting CVar [[r.Upscale.Quality:3]]
[2020.07.01-09.25.07:840][  0]LogConfig: Setting CVar [[r.Tonemapper.GrainQuantization:1]]
[2020.07.01-09.25.07:840][  0]LogConfig: Setting CVar [[r.LightShaftQuality:1]]
[2020.07.01-09.25.07:840][  0]LogConfig: Setting CVar [[r.Filter.SizeScale:1]]
[2020.07.01-09.25.07:840][  0]LogConfig: Setting CVar [[r.Tonemapper.Quality:5]]
[2020.07.01-09.25.07:840][  0]LogConfig: Setting CVar [[r.DOF.Gather.AccumulatorQuality:1        ; higher gathering accumulator quality]]
[2020.07.01-09.25.07:840][  0]LogConfig: Setting CVar [[r.DOF.Gather.PostfilterMethod:1          ; Median3x3 postfilering method]]
[2020.07.01-09.25.07:840][  0]LogConfig: Setting CVar [[r.DOF.Gather.EnableBokehSettings:0       ; no bokeh simulation when gathering]]
[2020.07.01-09.25.07:840][  0]LogConfig: Setting CVar [[r.DOF.Gather.RingCount:4                 ; medium number of samples when gathering]]
[2020.07.01-09.25.07:840][  0]LogConfig: Setting CVar [[r.DOF.Scatter.ForegroundCompositing:1    ; additive foreground scattering]]
[2020.07.01-09.25.07:840][  0]LogConfig: Setting CVar [[r.DOF.Scatter.BackgroundCompositing:2    ; additive background scattering]]
[2020.07.01-09.25.07:840][  0]LogConfig: Setting CVar [[r.DOF.Scatter.EnableBokehSettings:1      ; bokeh simulation when scattering]]
[2020.07.01-09.25.07:840][  0]LogConfig: Setting CVar [[r.DOF.Scatter.MaxSpriteRatio:0.1         ; only a maximum of 10% of scattered bokeh]]
[2020.07.01-09.25.07:840][  0]LogConfig: Setting CVar [[r.DOF.Recombine.Quality:1                ; cheap slight out of focus]]
[2020.07.01-09.25.07:840][  0]LogConfig: Setting CVar [[r.DOF.Recombine.EnableBokehSettings:0    ; no bokeh simulation on slight out of focus]]
[2020.07.01-09.25.07:840][  0]LogConfig: Setting CVar [[r.DOF.TemporalAAQuality:1                ; more stable temporal accumulation]]
[2020.07.01-09.25.07:840][  0]LogConfig: Setting CVar [[r.DOF.Kernel.MaxForegroundRadius:0.025]]
[2020.07.01-09.25.07:840][  0]LogConfig: Setting CVar [[r.DOF.Kernel.MaxBackgroundRadius:0.025]]
[2020.07.01-09.25.07:840][  0]LogConfig: Applying CVar settings from Section [TextureQuality@3] File [C:/Users/Marc/Documents/GitHub/H-Hour/H_Hour/Saved/Config/Windows/Scalability.ini]
[2020.07.01-09.25.07:840][  0]LogConfig: Setting CVar [[r.Streaming.MipBias:0]]
[2020.07.01-09.25.07:841][  0]LogConfig: Setting CVar [[r.Streaming.AmortizeCPUToGPUCopy:0]]
[2020.07.01-09.25.07:841][  0]LogConfig: Setting CVar [[r.Streaming.MaxNumTexturesToStreamPerFrame:0]]
[2020.07.01-09.25.07:841][  0]LogConfig: Setting CVar [[r.Streaming.Boost:1]]
[2020.07.01-09.25.07:841][  0]LogConfig: Setting CVar [[r.MaxAnisotropy:8]]
[2020.07.01-09.25.07:841][  0]LogConfig: Setting CVar [[r.VT.MaxAnisotropy:8]]
[2020.07.01-09.25.07:841][  0]LogConfig: Setting CVar [[r.Streaming.LimitPoolSizeToVRAM:0]]
[2020.07.01-09.25.07:841][  0]LogConfig: Setting CVar [[r.Streaming.PoolSize:1000]]
[2020.07.01-09.25.07:841][  0]LogConfig: Setting CVar [[r.Streaming.MaxEffectiveScreenSize:0]]
[2020.07.01-09.25.07:841][  0]LogConfig: Applying CVar settings from Section [EffectsQuality@3] File [C:/Users/Marc/Documents/GitHub/H-Hour/H_Hour/Saved/Config/Windows/Scalability.ini]
[2020.07.01-09.25.07:841][  0]LogConfig: Setting CVar [[r.TranslucencyLightingVolumeDim:64]]
[2020.07.01-09.25.07:841][  0]LogConfig: Setting CVar [[r.RefractionQuality:2]]
[2020.07.01-09.25.07:841][  0]LogConfig: Setting CVar [[r.SSR.Quality:3]]
[2020.07.01-09.25.07:841][  0]LogConfig: Setting CVar [[r.SSR.HalfResSceneColor:0]]
[2020.07.01-09.25.07:841][  0]LogConfig: Setting CVar [[r.SceneColorFormat:4]]
[2020.07.01-09.25.07:841][  0]LogConfig: Setting CVar [[r.DetailMode:2]]
[2020.07.01-09.25.07:841][  0]LogConfig: Setting CVar [[r.TranslucencyVolumeBlur:1]]
[2020.07.01-09.25.07:841][  0]LogConfig: Setting CVar [[r.MaterialQualityLevel:1 ; High quality]]
[2020.07.01-09.25.07:841][  0]LogConfig: Setting CVar [[r.SSS.Scale:1]]
[2020.07.01-09.25.07:841][  0]LogConfig: Setting CVar [[r.SSS.SampleSet:2]]
[2020.07.01-09.25.07:841][  0]LogConfig: Setting CVar [[r.SSS.Quality:1]]
[2020.07.01-09.25.07:841][  0]LogConfig: Setting CVar [[r.SSS.HalfRes:0]]
[2020.07.01-09.25.07:841][  0]LogConfig: Setting CVar [[r.SSGI.Quality:3]]
[2020.07.01-09.25.07:841][  0]LogConfig: Setting CVar [[r.EmitterSpawnRateScale:1.0]]
[2020.07.01-09.25.07:841][  0]LogConfig: Setting CVar [[r.ParticleLightQuality:2]]
[2020.07.01-09.25.07:841][  0]LogConfig: Setting CVar [[r.SkyAtmosphere.AerialPerspectiveLUT.FastApplyOnOpaque:1 ; Always have FastSkyLUT 1 in this case to avoid wrong sky]]
[2020.07.01-09.25.07:841][  0]LogConfig: Setting CVar [[r.SkyAtmosphere.AerialPerspectiveLUT.SampleCountPerSlice:1]]
[2020.07.01-09.25.07:841][  0]LogConfig: Setting CVar [[r.SkyAtmosphere.AerialPerspectiveLUT.DepthResolution:16.0]]
[2020.07.01-09.25.07:841][  0]LogConfig: Setting CVar [[r.SkyAtmosphere.FastSkyLUT:1]]
[2020.07.01-09.25.07:841][  0]LogConfig: Setting CVar [[r.SkyAtmosphere.FastSkyLUT.SampleCountMin:4.0]]
[2020.07.01-09.25.07:841][  0]LogConfig: Setting CVar [[r.SkyAtmosphere.FastSkyLUT.SampleCountMax:32.0]]
[2020.07.01-09.25.07:841][  0]LogConfig: Setting CVar [[r.SkyAtmosphere.SampleCountMin:4.0]]
[2020.07.01-09.25.07:841][  0]LogConfig: Setting CVar [[r.SkyAtmosphere.SampleCountMax:32.0]]
[2020.07.01-09.25.07:841][  0]LogConfig: Setting CVar [[r.SkyAtmosphere.TransmittanceLUT.UseSmallFormat:0]]
[2020.07.01-09.25.07:841][  0]LogConfig: Setting CVar [[r.SkyAtmosphere.TransmittanceLUT.SampleCount:10.0]]
[2020.07.01-09.25.07:841][  0]LogConfig: Setting CVar [[r.SkyAtmosphere.MultiScatteringLUT.SampleCount:15.0]]
[2020.07.01-09.25.07:841][  0]LogConfig: Applying CVar settings from Section [FoliageQuality@3] File [C:/Users/Marc/Documents/GitHub/H-Hour/H_Hour/Saved/Config/Windows/Scalability.ini]
[2020.07.01-09.25.07:841][  0]LogConfig: Setting CVar [[foliage.DensityScale:1.0]]
[2020.07.01-09.25.07:841][  0]LogConfig: Setting CVar [[grass.DensityScale:1.0]]
[2020.07.01-09.25.07:841][  0]LogConfig: Applying CVar settings from Section [ShadingQuality@3] File [C:/Users/Marc/Documents/GitHub/H-Hour/H_Hour/Saved/Config/Windows/Scalability.ini]
[2020.07.01-09.25.07:841][  0]LogConfig: Setting CVar [[r.HairStrands.SkyLighting.SampleCount:16]]
[2020.07.01-09.25.07:841][  0]LogConfig: Setting CVar [[r.HairStrands.SkyLighting.JitterIntegration:0]]
[2020.07.01-09.25.07:841][  0]LogConfig: Setting CVar [[r.HairStrands.SkyAO.SampleCount:16]]
[2020.07.01-09.25.07:841][  0]LogConfig: Setting CVar [[r.HairStrands.DeepShadow.SuperSampling:0]]
[2020.07.01-09.25.07:841][  0]LogConfig: Setting CVar [[r.HairStrands.VisibilityPPLL:0]]
[2020.07.01-09.25.07:841][  0]LogConfig: Setting CVar [[r.HairStrands.RasterizationScale:0.5]]
[2020.07.01-09.25.07:841][  0]LogConfig: Setting CVar [[r.HairStrands.VelocityRasterizationScale:1]]
[2020.07.01-09.25.07:841][  0]LogInit: Selected Device Profile: [Windows]
[2020.07.01-09.25.07:841][  0]LogInit: Applying CVar settings loaded from the selected device profile: [Windows]
[2020.07.01-09.25.07:841][  0]LogHAL: Display: Platform has ~ 16 GB [17128390656 / 17179869184 / 16], which maps to Larger [LargestMinGB=32, LargerMinGB=12, DefaultMinGB=8, SmallerMinGB=6, SmallestMinGB=0)
[2020.07.01-09.25.07:841][  0]LogInit: Going up to parent DeviceProfile []
[2020.07.01-09.25.07:841][  0]LogConfig: Applying CVar settings from Section [ViewDistanceQuality@3] File [C:/Users/Marc/Documents/GitHub/H-Hour/H_Hour/Saved/Config/Windows/Scalability.ini]
[2020.07.01-09.25.07:841][  0]LogConfig: Setting CVar [[r.SkeletalMeshLODBias:0]]
[2020.07.01-09.25.07:841][  0]LogConfig: Setting CVar [[r.ViewDistanceScale:1.0]]
[2020.07.01-09.25.07:841][  0]LogConfig: Applying CVar settings from Section [AntiAliasingQuality@3] File [C:/Users/Marc/Documents/GitHub/H-Hour/H_Hour/Saved/Config/Windows/Scalability.ini]
[2020.07.01-09.25.07:841][  0]LogConfig: Setting CVar [[r.PostProcessAAQuality:4]]
[2020.07.01-09.25.07:841][  0]LogConfig: Applying CVar settings from Section [ShadowQuality@3] File [C:/Users/Marc/Documents/GitHub/H-Hour/H_Hour/Saved/Config/Windows/Scalability.ini]
[2020.07.01-09.25.07:841][  0]LogConfig: Setting CVar [[r.LightFunctionQuality:1]]
[2020.07.01-09.25.07:841][  0]LogConfig: Setting CVar [[r.ShadowQuality:5]]
[2020.07.01-09.25.07:841][  0]LogConfig: Setting CVar [[r.Shadow.CSM.MaxCascades:10]]
[2020.07.01-09.25.07:841][  0]LogConfig: Setting CVar [[r.Shadow.MaxResolution:2048]]
[2020.07.01-09.25.07:841][  0]LogConfig: Setting CVar [[r.Shadow.MaxCSMResolution:2048]]
[2020.07.01-09.25.07:841][  0]LogConfig: Setting CVar [[r.Shadow.RadiusThreshold:0.01]]
[2020.07.01-09.25.07:841][  0]LogConfig: Setting CVar [[r.Shadow.DistanceScale:1.0]]
[2020.07.01-09.25.07:841][  0]LogConfig: Setting CVar [[r.Shadow.CSM.TransitionScale:1.0]]
[2020.07.01-09.25.07:841][  0]LogConfig: Setting CVar [[r.Shadow.PreShadowResolutionFactor:1.0]]
[2020.07.01-09.25.07:841][  0]LogConfig: Setting CVar [[r.DistanceFieldShadowing:1]]
[2020.07.01-09.25.07:841][  0]LogConfig: Setting CVar [[r.DistanceFieldAO:1]]
[2020.07.01-09.25.07:841][  0]LogConfig: Setting CVar [[r.AOQuality:2]]
[2020.07.01-09.25.07:841][  0]LogConfig: Setting CVar [[r.VolumetricFog:1]]
[2020.07.01-09.25.07:841][  0]LogConfig: Setting CVar [[r.VolumetricFog.GridPixelSize:8]]
[2020.07.01-09.25.07:841][  0]LogConfig: Setting CVar [[r.VolumetricFog.GridSizeZ:128]]
[2020.07.01-09.25.07:841][  0]LogConfig: Setting CVar [[r.VolumetricFog.HistoryMissSupersampleCount:4]]
[2020.07.01-09.25.07:841][  0]LogConfig: Setting CVar [[r.LightMaxDrawDistanceScale:1]]
[2020.07.01-09.25.07:841][  0]LogConfig: Setting CVar [[r.CapsuleShadows:1]]
[2020.07.01-09.25.07:841][  0]LogConfig: Applying CVar settings from Section [PostProcessQuality@3] File [C:/Users/Marc/Documents/GitHub/H-Hour/H_Hour/Saved/Config/Windows/Scalability.ini]
[2020.07.01-09.25.07:841][  0]LogConfig: Setting CVar [[r.MotionBlurQuality:4]]
[2020.07.01-09.25.07:841][  0]LogConfig: Setting CVar [[r.AmbientOcclusionMipLevelFactor:0.4]]
[2020.07.01-09.25.07:841][  0]LogConfig: Setting CVar [[r.AmbientOcclusionMaxQuality:100]]
[2020.07.01-09.25.07:841][  0]LogConfig: Setting CVar [[r.AmbientOcclusionLevels:-1]]
[2020.07.01-09.25.07:841][  0]LogConfig: Setting CVar [[r.AmbientOcclusionRadiusScale:1.0]]
[2020.07.01-09.25.07:841][  0]LogConfig: Setting CVar [[r.DepthOfFieldQuality:2]]
[2020.07.01-09.25.07:841][  0]LogConfig: Setting CVar [[r.RenderTargetPoolMin:400]]
[2020.07.01-09.25.07:841][  0]LogConfig: Setting CVar [[r.LensFlareQuality:2]]
[2020.07.01-09.25.07:841][  0]LogConfig: Setting CVar [[r.SceneColorFringeQuality:1]]
[2020.07.01-09.25.07:841][  0]LogConfig: Setting CVar [[r.EyeAdaptationQuality:2]]
[2020.07.01-09.25.07:841][  0]LogConfig: Setting CVar [[r.BloomQuality:5]]
[2020.07.01-09.25.07:841][  0]LogConfig: Setting CVar [[r.FastBlurThreshold:100]]
[2020.07.01-09.25.07:841][  0]LogConfig: Setting CVar [[r.Upscale.Quality:3]]
[2020.07.01-09.25.07:841][  0]LogConfig: Setting CVar [[r.Tonemapper.GrainQuantization:1]]
[2020.07.01-09.25.07:841][  0]LogConfig: Setting CVar [[r.LightShaftQuality:1]]
[2020.07.01-09.25.07:841][  0]LogConfig: Setting CVar [[r.Filter.SizeScale:1]]
[2020.07.01-09.25.07:842][  0]LogConfig: Setting CVar [[r.Tonemapper.Quality:5]]
[2020.07.01-09.25.07:842][  0]LogConfig: Setting CVar [[r.DOF.Gather.AccumulatorQuality:1        ; higher gathering accumulator quality]]
[2020.07.01-09.25.07:842][  0]LogConfig: Setting CVar [[r.DOF.Gather.PostfilterMethod:1          ; Median3x3 postfilering method]]
[2020.07.01-09.25.07:842][  0]LogConfig: Setting CVar [[r.DOF.Gather.EnableBokehSettings:0       ; no bokeh simulation when gathering]]
[2020.07.01-09.25.07:842][  0]LogConfig: Setting CVar [[r.DOF.Gather.RingCount:4                 ; medium number of samples when gathering]]
[2020.07.01-09.25.07:842][  0]LogConfig: Setting CVar [[r.DOF.Scatter.ForegroundCompositing:1    ; additive foreground scattering]]
[2020.07.01-09.25.07:842][  0]LogConfig: Setting CVar [[r.DOF.Scatter.BackgroundCompositing:2    ; additive background scattering]]
[2020.07.01-09.25.07:842][  0]LogConfig: Setting CVar [[r.DOF.Scatter.EnableBokehSettings:1      ; bokeh simulation when scattering]]
[2020.07.01-09.25.07:842][  0]LogConfig: Setting CVar [[r.DOF.Scatter.MaxSpriteRatio:0.1         ; only a maximum of 10% of scattered bokeh]]
[2020.07.01-09.25.07:842][  0]LogConfig: Setting CVar [[r.DOF.Recombine.Quality:1                ; cheap slight out of focus]]
[2020.07.01-09.25.07:842][  0]LogConfig: Setting CVar [[r.DOF.Recombine.EnableBokehSettings:0    ; no bokeh simulation on slight out of focus]]
[2020.07.01-09.25.07:842][  0]LogConfig: Setting CVar [[r.DOF.TemporalAAQuality:1                ; more stable temporal accumulation]]
[2020.07.01-09.25.07:842][  0]LogConfig: Setting CVar [[r.DOF.Kernel.MaxForegroundRadius:0.025]]
[2020.07.01-09.25.07:842][  0]LogConfig: Setting CVar [[r.DOF.Kernel.MaxBackgroundRadius:0.025]]
[2020.07.01-09.25.07:842][  0]LogConfig: Applying CVar settings from Section [TextureQuality@3] File [C:/Users/Marc/Documents/GitHub/H-Hour/H_Hour/Saved/Config/Windows/Scalability.ini]
[2020.07.01-09.25.07:842][  0]LogConfig: Setting CVar [[r.Streaming.MipBias:0]]
[2020.07.01-09.25.07:842][  0]LogConfig: Setting CVar [[r.Streaming.AmortizeCPUToGPUCopy:0]]
[2020.07.01-09.25.07:842][  0]LogConfig: Setting CVar [[r.Streaming.MaxNumTexturesToStreamPerFrame:0]]
[2020.07.01-09.25.07:842][  0]LogConfig: Setting CVar [[r.Streaming.Boost:1]]
[2020.07.01-09.25.07:842][  0]LogConfig: Setting CVar [[r.MaxAnisotropy:8]]
[2020.07.01-09.25.07:842][  0]LogConfig: Setting CVar [[r.VT.MaxAnisotropy:8]]
[2020.07.01-09.25.07:842][  0]LogConfig: Setting CVar [[r.Streaming.LimitPoolSizeToVRAM:0]]
[2020.07.01-09.25.07:842][  0]LogConfig: Setting CVar [[r.Streaming.PoolSize:1000]]
[2020.07.01-09.25.07:842][  0]LogConfig: Setting CVar [[r.Streaming.MaxEffectiveScreenSize:0]]
[2020.07.01-09.25.07:842][  0]LogConfig: Applying CVar settings from Section [EffectsQuality@3] File [C:/Users/Marc/Documents/GitHub/H-Hour/H_Hour/Saved/Config/Windows/Scalability.ini]
[2020.07.01-09.25.07:842][  0]LogConfig: Setting CVar [[r.TranslucencyLightingVolumeDim:64]]
[2020.07.01-09.25.07:842][  0]LogConfig: Setting CVar [[r.RefractionQuality:2]]
[2020.07.01-09.25.07:842][  0]LogConfig: Setting CVar [[r.SSR.Quality:3]]
[2020.07.01-09.25.07:842][  0]LogConfig: Setting CVar [[r.SSR.HalfResSceneColor:0]]
[2020.07.01-09.25.07:842][  0]LogConfig: Setting CVar [[r.SceneColorFormat:4]]
[2020.07.01-09.25.07:842][  0]LogConfig: Setting CVar [[r.DetailMode:2]]
[2020.07.01-09.25.07:842][  0]LogConfig: Setting CVar [[r.TranslucencyVolumeBlur:1]]
[2020.07.01-09.25.07:842][  0]LogConfig: Setting CVar [[r.MaterialQualityLevel:1 ; High quality]]
[2020.07.01-09.25.07:842][  0]LogConfig: Setting CVar [[r.SSS.Scale:1]]
[2020.07.01-09.25.07:842][  0]LogConfig: Setting CVar [[r.SSS.SampleSet:2]]
[2020.07.01-09.25.07:842][  0]LogConfig: Setting CVar [[r.SSS.Quality:1]]
[2020.07.01-09.25.07:842][  0]LogConfig: Setting CVar [[r.SSS.HalfRes:0]]
[2020.07.01-09.25.07:842][  0]LogConfig: Setting CVar [[r.SSGI.Quality:3]]
[2020.07.01-09.25.07:842][  0]LogConfig: Setting CVar [[r.EmitterSpawnRateScale:1.0]]
[2020.07.01-09.25.07:842][  0]LogConfig: Setting CVar [[r.ParticleLightQuality:2]]
[2020.07.01-09.25.07:842][  0]LogConfig: Setting CVar [[r.SkyAtmosphere.AerialPerspectiveLUT.FastApplyOnOpaque:1 ; Always have FastSkyLUT 1 in this case to avoid wrong sky]]
[2020.07.01-09.25.07:842][  0]LogConfig: Setting CVar [[r.SkyAtmosphere.AerialPerspectiveLUT.SampleCountPerSlice:1]]
[2020.07.01-09.25.07:842][  0]LogConfig: Setting CVar [[r.SkyAtmosphere.AerialPerspectiveLUT.DepthResolution:16.0]]
[2020.07.01-09.25.07:842][  0]LogConfig: Setting CVar [[r.SkyAtmosphere.FastSkyLUT:1]]
[2020.07.01-09.25.07:842][  0]LogConfig: Setting CVar [[r.SkyAtmosphere.FastSkyLUT.SampleCountMin:4.0]]
[2020.07.01-09.25.07:842][  0]LogConfig: Setting CVar [[r.SkyAtmosphere.FastSkyLUT.SampleCountMax:32.0]]
[2020.07.01-09.25.07:842][  0]LogConfig: Setting CVar [[r.SkyAtmosphere.SampleCountMin:4.0]]
[2020.07.01-09.25.07:842][  0]LogConfig: Setting CVar [[r.SkyAtmosphere.SampleCountMax:32.0]]
[2020.07.01-09.25.07:842][  0]LogConfig: Setting CVar [[r.SkyAtmosphere.TransmittanceLUT.UseSmallFormat:0]]
[2020.07.01-09.25.07:842][  0]LogConfig: Setting CVar [[r.SkyAtmosphere.TransmittanceLUT.SampleCount:10.0]]
[2020.07.01-09.25.07:842][  0]LogConfig: Setting CVar [[r.SkyAtmosphere.MultiScatteringLUT.SampleCount:15.0]]
[2020.07.01-09.25.07:842][  0]LogConfig: Applying CVar settings from Section [FoliageQuality@3] File [C:/Users/Marc/Documents/GitHub/H-Hour/H_Hour/Saved/Config/Windows/Scalability.ini]
[2020.07.01-09.25.07:842][  0]LogConfig: Setting CVar [[foliage.DensityScale:1.0]]
[2020.07.01-09.25.07:842][  0]LogConfig: Setting CVar [[grass.DensityScale:1.0]]
[2020.07.01-09.25.07:842][  0]LogConfig: Applying CVar settings from Section [ShadingQuality@3] File [C:/Users/Marc/Documents/GitHub/H-Hour/H_Hour/Saved/Config/Windows/Scalability.ini]
[2020.07.01-09.25.07:842][  0]LogConfig: Setting CVar [[r.HairStrands.SkyLighting.SampleCount:16]]
[2020.07.01-09.25.07:842][  0]LogConfig: Setting CVar [[r.HairStrands.SkyLighting.JitterIntegration:0]]
[2020.07.01-09.25.07:842][  0]LogConfig: Setting CVar [[r.HairStrands.SkyAO.SampleCount:16]]
[2020.07.01-09.25.07:842][  0]LogConfig: Setting CVar [[r.HairStrands.DeepShadow.SuperSampling:0]]
[2020.07.01-09.25.07:842][  0]LogConfig: Setting CVar [[r.HairStrands.VisibilityPPLL:0]]
[2020.07.01-09.25.07:842][  0]LogConfig: Setting CVar [[r.HairStrands.RasterizationScale:0.5]]
[2020.07.01-09.25.07:842][  0]LogConfig: Setting CVar [[r.HairStrands.VelocityRasterizationScale:1]]
[2020.07.01-09.25.07:842][  0]LogConfig: Applying CVar settings from Section [Startup] File [../../../Engine/Config/ConsoleVariables.ini]
[2020.07.01-09.25.07:842][  0]LogConfig: Setting CVar [[net.UseAdaptiveNetUpdateFrequency:0]]
[2020.07.01-09.25.07:842][  0]LogConfig: Setting CVar [[p.chaos.AllowCreatePhysxBodies:1]]
[2020.07.01-09.25.07:842][  0]LogConfig: Setting CVar [[fx.SkipVectorVMBackendOptimizations:1]]
[2020.07.01-09.25.07:842][  0]LogConfig: Applying CVar settings from Section [ConsoleVariables] File [C:/Users/Marc/Documents/GitHub/H-Hour/H_Hour/Saved/Config/Windows/Engine.ini]
[2020.07.01-09.25.07:842][  0]LogInit: Computer: DESKTOP-GLJLR1B
[2020.07.01-09.25.07:842][  0]LogInit: User: Marc
[2020.07.01-09.25.07:842][  0]LogInit: CPU Page size=4096, Cores=6
[2020.07.01-09.25.07:842][  0]LogInit: High frequency timer resolution =10.000000 MHz
[2020.07.01-09.25.07:843][  0]LogMemory: Memory total: Physical=16.0GB (16GB approx)
[2020.07.01-09.25.07:843][  0]LogMemory: Platform Memory Stats for Windows
[2020.07.01-09.25.07:843][  0]LogMemory: Process Physical Memory: 116.14 MB used, 116.14 MB peak
[2020.07.01-09.25.07:843][  0]LogMemory: Process Virtual Memory: 97.16 MB used, 97.16 MB peak
[2020.07.01-09.25.07:843][  0]LogMemory: Physical Memory: 4531.18 MB used,  11803.73 MB free, 16334.91 MB total
[2020.07.01-09.25.07:843][  0]LogMemory: Virtual Memory: 5167.66 MB used,  134212560.00 MB free, 134217728.00 MB total
[2020.07.01-09.25.07:847][  0]LogWindows: WindowsPlatformFeatures enabled
[2020.07.01-09.25.07:870][  0]LogInit: Physics initialised using underlying interface: PhysX
[2020.07.01-09.25.07:874][  0]LogInit: Using OS detected language (es-ES).
[2020.07.01-09.25.07:874][  0]LogInit: Using OS detected locale (es-ES).
[2020.07.01-09.25.07:879][  0]LogTextLocalizationManager: No specific localization for 'es-ES' exists, so the 'es' localization will be used.
[2020.07.01-09.25.07:908][  0]LogInit: Setting process to per monitor DPI aware
[2020.07.01-09.25.07:939][  0]LogSlate: New Slate User Created.  User Index 0, Is Virtual User: 0
[2020.07.01-09.25.07:939][  0]LogSlate: Slate User Registered.  User Index 0, Is Virtual User: 0
[2020.07.01-09.25.08:066][  0]LogD3D12RHI: Aftermath initialized
[2020.07.01-09.25.08:066][  0]LogD3D12RHI: Loading WinPixEventRuntime.dll for PIX profiling (from ../../../Engine/Binaries/ThirdParty/Windows/WinPixEventRuntime/x64).
[2020.07.01-09.25.08:070][  0]LogHMD: Failed to initialize OpenVR with code 110
[2020.07.01-09.25.08:155][  0]LogD3D12RHI: Found D3D12 adapter 0: AMD Radeon RX 5600 XT (Max supported Feature Level 12_1)
[2020.07.01-09.25.08:155][  0]LogD3D12RHI: Adapter has 6103MB of dedicated video memory, 0MB of dedicated system memory, and 8167MB of shared system memory, 1 output[s]
[2020.07.01-09.25.08:172][  0]LogD3D12RHI: Found D3D12 adapter 1: Microsoft Basic Render Driver (Max supported Feature Level 12_1)
[2020.07.01-09.25.08:172][  0]LogD3D12RHI: Adapter has 0MB of dedicated video memory, 0MB of dedicated system memory, and 8167MB of shared system memory, 0 output[s]
[2020.07.01-09.25.08:172][  0]LogD3D12RHI: Chosen D3D12 Adapter Id = 0
[2020.07.01-09.25.08:182][  0]LogD3D12RHI: Emitting draw events for PIX profiling.
[2020.07.01-09.25.08:247][  0]LogD3D12RHI: The system supports ID3D12Device1.
[2020.07.01-09.25.08:247][  0]LogD3D12RHI: The system supports ID3D12Device2.
[2020.07.01-09.25.08:328][  0]LogD3D12RHI: [GPUBreadCrumb] Successfully setup breadcrumb resource for 3D Queue 0
[2020.07.01-09.25.08:329][  0]LogD3D12RHI: [GPUBreadCrumb] Successfully setup breadcrumb resource for Copy Queue 0
[2020.07.01-09.25.08:330][  0]LogD3D12RHI: [GPUBreadCrumb] Successfully setup breadcrumb resource for Compute Queue 0
[2020.07.01-09.25.08:337][  0]LogD3D12RHI: Display: Not using pipeline state disk cache per r.D3D12.PSO.DiskCache=0
[2020.07.01-09.25.08:337][  0]LogD3D12RHI: Display: Not using driver-optimized pipeline state disk cache per r.D3D12.PSO.DriverOptimizedDiskCache=0
[2020.07.01-09.25.08:337][  0]LogD3D12RHI:     GPU DeviceId: 0x731f (for the marketing name, search the web for "GPU Device Id")
[2020.07.01-09.25.08:337][  0]LogWindows: EnumDisplayDevices:
[2020.07.01-09.25.08:337][  0]LogWindows:    0. 'AMD Radeon RX 5600 XT' (P:1 D:1)
[2020.07.01-09.25.08:337][  0]LogWindows:    1. 'AMD Radeon RX 5600 XT' (P:0 D:0)
[2020.07.01-09.25.08:337][  0]LogWindows:    2. 'AMD Radeon RX 5600 XT' (P:0 D:0)
[2020.07.01-09.25.08:338][  0]LogWindows:    3. 'AMD Radeon RX 5600 XT' (P:0 D:0)
[2020.07.01-09.25.08:338][  0]LogWindows:    4. 'AMD Radeon RX 5600 XT' (P:0 D:0)
[2020.07.01-09.25.08:338][  0]LogWindows:    5. 'AMD Radeon RX 5600 XT' (P:0 D:0)
[2020.07.01-09.25.08:338][  0]LogWindows:    6. 'AMD Radeon RX 5600 XT' (P:0 D:0)
[2020.07.01-09.25.08:338][  0]LogWindows:    7. 'AMD Radeon RX 5600 XT' (P:0 D:0)
[2020.07.01-09.25.08:339][  0]LogWindows: DebugString: FoundDriverCount:8 
[2020.07.01-09.25.08:339][  0]LogD3D12RHI:     Adapter Name: AMD Radeon RX 5600 XT
[2020.07.01-09.25.08:339][  0]LogD3D12RHI:   Driver Version: Adrenalin 2020 20.4.2 (internal:26.20.15029.27017, unified:26.20.15029.27017)
[2020.07.01-09.25.08:339][  0]LogD3D12RHI:      Driver Date: 5-15-2020
[2020.07.01-09.25.08:339][  0]LogRHI: Texture pool is 3361 MB (70% of 4801 MB)
[2020.07.01-09.25.08:339][  0]LogD3D12RHI: Async texture creation enabled
[2020.07.01-09.25.08:339][  0]LogD3D12RHI: RHI has support for 64 bit atomics
[2020.07.01-09.25.08:566][  0]LogTargetPlatformManager: Display: Loaded TargetPlatform 'AllDesktop'
[2020.07.01-09.25.08:586][  0]LogTargetPlatformManager: Display: Loaded TargetPlatform 'Android'
[2020.07.01-09.25.08:586][  0]LogTargetPlatformManager: Display: Loaded TargetPlatform 'Android_ASTC'
[2020.07.01-09.25.08:586][  0]LogTargetPlatformManager: Display: Loaded TargetPlatform 'Android_DXT'
[2020.07.01-09.25.08:586][  0]LogTargetPlatformManager: Display: Loaded TargetPlatform 'Android_ETC2'
[2020.07.01-09.25.08:586][  0]LogTargetPlatformManager: Display: Loaded TargetPlatform 'AndroidClient'
[2020.07.01-09.25.08:586][  0]LogTargetPlatformManager: Display: Loaded TargetPlatform 'Android_ASTCClient'
[2020.07.01-09.25.08:586][  0]LogTargetPlatformManager: Display: Loaded TargetPlatform 'Android_DXTClient'
[2020.07.01-09.25.08:586][  0]LogTargetPlatformManager: Display: Loaded TargetPlatform 'Android_ETC2Client'
[2020.07.01-09.25.08:586][  0]LogTargetPlatformManager: Display: Loaded TargetPlatform 'Android_Multi'
[2020.07.01-09.25.08:586][  0]LogTargetPlatformManager: Display: Loaded TargetPlatform 'Android_MultiClient'
[2020.07.01-09.25.08:606][  0]LogTargetPlatformManager: Display: Loaded TargetPlatform 'IOSClient'
[2020.07.01-09.25.08:606][  0]LogTargetPlatformManager: Display: Loaded TargetPlatform 'IOS'
[2020.07.01-09.25.08:615][  0]LogTargetPlatformManager: Display: Loaded TargetPlatform 'Linux'
[2020.07.01-09.25.08:624][  0]LogTargetPlatformManager: Display: Loaded TargetPlatform 'LinuxNoEditor'
[2020.07.01-09.25.08:633][  0]LogTargetPlatformManager: Display: Loaded TargetPlatform 'LinuxClient'
[2020.07.01-09.25.08:641][  0]LogTargetPlatformManager: Display: Loaded TargetPlatform 'LinuxServer'
[2020.07.01-09.25.08:648][  0]LogTargetPlatformManager: Display: Loaded TargetPlatform 'LinuxAArch64NoEditor'
[2020.07.01-09.25.08:656][  0]LogTargetPlatformManager: Display: Loaded TargetPlatform 'LinuxAArch64Client'
[2020.07.01-09.25.08:664][  0]LogTargetPlatformManager: Display: Loaded TargetPlatform 'LinuxAArch64Server'
[2020.07.01-09.25.08:687][  0]LogTargetPlatformManager: Display: Loaded TargetPlatform 'Lumin'
[2020.07.01-09.25.08:687][  0]LogTargetPlatformManager: Display: Loaded TargetPlatform 'LuminClient'
[2020.07.01-09.25.08:701][  0]LogTargetPlatformManager: Display: Loaded TargetPlatform 'TVOSClient'
[2020.07.01-09.25.08:701][  0]LogTargetPlatformManager: Display: Loaded TargetPlatform 'TVOS'
[2020.07.01-09.25.08:709][  0]LogTargetPlatformManager: Display: Loaded TargetPlatform 'WindowsNoEditor'
[2020.07.01-09.25.08:717][  0]LogTargetPlatformManager: Display: Loaded TargetPlatform 'Windows'
[2020.07.01-09.25.08:725][  0]LogTargetPlatformManager: Display: Loaded TargetPlatform 'WindowsClient'
[2020.07.01-09.25.08:732][  0]LogTargetPlatformManager: Display: Loaded TargetPlatform 'WindowsServer'
[2020.07.01-09.25.08:733][  0]LogTargetPlatformManager: Display: Building Assets For Windows
[2020.07.01-09.25.08:738][  0]LogAudioDebug: Display: Lib vorbis DLL was dynamically loaded.
[2020.07.01-09.25.08:783][  0]LogShaderCompilers: Guid format shader working directory is -14 characters bigger than the processId version (../../../../../../Users/Marc/Documents/GitHub/H-Hour/H_Hour/Intermediate/Shaders/WorkingDirectory/2868/).
[2020.07.01-09.25.08:783][  0]LogShaderCompilers: Cleaned the shader compiler working directory 'C:/Users/Marc/AppData/Local/Temp/UnrealShaderWorkingDir/061FA7DC4CE419EC075830B61E126CF7/'.
[2020.07.01-09.25.08:784][  0]LogXGEController: Cleaning working directory: C:/Users/Marc/AppData/Local/Temp/UnrealXGEWorkingDir/
[2020.07.01-09.25.08:784][  0]LogXGEController: Cannot use XGE Controller as Incredibuild is not installed on this machine.
[2020.07.01-09.25.08:784][  0]LogShaderCompilers: Cannot use XGE Shader Compiler as Incredibuild is not installed on this machine.
[2020.07.01-09.25.08:784][  0]LogShaderCompilers: Display: Using Local Shader Compiler.
[2020.07.01-09.25.09:459][  0]LogDerivedDataCache: Display: Max Cache Size: 512 MB
[2020.07.01-09.25.09:516][  0]LogDerivedDataCache: Loaded boot cache 0.06s 124MB C:/Users/Marc/AppData/Local/UnrealEngine/4.25/DerivedDataCache/Boot.ddc.
[2020.07.01-09.25.09:517][  0]LogDerivedDataCache: Display: Loaded Boot cache: C:/Users/Marc/AppData/Local/UnrealEngine/4.25/DerivedDataCache/Boot.ddc
[2020.07.01-09.25.09:517][  0]LogDerivedDataCache: FDerivedDataBackendGraph:  Pak pak cache file ../../../../../../Users/Marc/Documents/GitHub/H-Hour/H_Hour/DerivedDataCache/DDC.ddp not found, will not use a pak cache.
[2020.07.01-09.25.09:517][  0]LogDerivedDataCache: Unable to find inner node Pak for hierarchical cache Hierarchy.
[2020.07.01-09.25.09:517][  0]LogDerivedDataCache: FDerivedDataBackendGraph:  CompressedPak pak cache file ../../../../../../Users/Marc/Documents/GitHub/H-Hour/H_Hour/DerivedDataCache/Compressed.ddp not found, will not use a pak cache.
[2020.07.01-09.25.09:517][  0]LogDerivedDataCache: Unable to find inner node CompressedPak for hierarchical cache Hierarchy.
[2020.07.01-09.25.09:527][  0]LogDerivedDataCache: Display: Pak cache opened for reading ../../../Engine/DerivedDataCache/Compressed.ddp.
[2020.07.01-09.25.09:527][  0]LogDerivedDataCache: FDerivedDataBackendGraph:  EnterprisePak pak cache file ../../../Enterprise/DerivedDataCache/Compressed.ddp not found, will not use a pak cache.
[2020.07.01-09.25.09:527][  0]LogDerivedDataCache: Unable to find inner node EnterprisePak for hierarchical cache Hierarchy.
[2020.07.01-09.25.09:528][  0]LogDerivedDataCache: Using Local data cache path C:/Users/Marc/AppData/Local/UnrealEngine/Common/DerivedDataCache: Writable
[2020.07.01-09.25.09:528][  0]LogDerivedDataCache: Shared data cache path not found in *engine.ini, will not use an Shared cache.
[2020.07.01-09.25.09:528][  0]LogDerivedDataCache: Unable to find inner node Shared for hierarchical cache Hierarchy.
[2020.07.01-09.25.09:579][  0]LogSlate: Using FreeType 2.10.0
[2020.07.01-09.25.09:579][  0]LogSlate: SlateFontServices - WITH_FREETYPE: 1, WITH_HARFBUZZ: 1
[2020.07.01-09.25.09:602][  0]LogAssetRegistry: FAssetRegistry took 0.0025 seconds to start up
[2020.07.01-09.25.09:810][  0]LogInit: Selected Device Profile: [Windows]
[2020.07.01-09.25.09:907][  0]LogMeshReduction: Using QuadricMeshReduction for automatic static mesh reduction
[2020.07.01-09.25.09:907][  0]LogMeshReduction: Using SimplygonMeshReduction for automatic skeletal mesh reduction
[2020.07.01-09.25.09:907][  0]LogMeshReduction: Using ProxyLODMeshReduction for automatic mesh merging
[2020.07.01-09.25.09:907][  0]LogMeshReduction: No distributed automatic mesh merging module available
[2020.07.01-09.25.09:907][  0]LogMeshMerging: No distributed automatic mesh merging module available
[2020.07.01-09.25.09:917][  0]LogNetVersion: H_Hour 1.0.0, NetCL: 13144385, EngineNetVer: 14, GameNetVer: 0 (Checksum: 3706287019)
[2020.07.01-09.25.10:259][  0]LogAISub: UAISubsystem::UAISubsystem AISubsystem (00000202EB13F440), frame # 0
[2020.07.01-09.25.10:259][  0]LogAISub: UAISubsystem::UAISubsystem AIPerceptionSystem (00000202EB062C00), frame # 0
[2020.07.01-09.25.10:260][  0]LogAISub: UAISubsystem::UAISubsystem EnvQueryManager (00000202EB0DCA00), frame # 0
[2020.07.01-09.25.10:311][  0]LogPackageLocalizationCache: Processed 21 localized package path(s) for 1 prioritized culture(s) in 0.046606 seconds
[2020.07.01-09.25.10:316][  0]LogUObjectArray: 15917 objects as part of root set at end of initial load.
[2020.07.01-09.25.10:316][  0]LogUObjectAllocator: 3965568 out of 0 bytes used by permanent object pool.
[2020.07.01-09.25.10:316][  0]LogUObjectArray: CloseDisregardForGC: 0/0 objects in disregard for GC pool
[2020.07.01-09.25.10:603][  0]LogSubstanceCoreModule: Substance [CPU] Engine Loaded, Max Texture Size = 2048
[2020.07.01-09.25.10:611][  0]LogTcpMessaging: Initializing TcpMessaging bridge
[2020.07.01-09.25.10:615][  0]LogUdpMessaging: Initializing bridge on interface 0.0.0.0:0 to multicast group 230.0.0.1:6666.
[2020.07.01-09.25.10:710][  0]SourceControl: El control de código fuente está desactivado
[2020.07.01-09.25.10:710][  0]SourceControl: El control de código fuente está desactivado
[2020.07.01-09.25.10:713][  0]SourceControl: El control de código fuente está desactivado
[2020.07.01-09.25.10:715][  0]SourceControl: El control de código fuente está desactivado
[2020.07.01-09.25.10:720][  0]SourceControl: El control de código fuente está desactivado
[2020.07.01-09.25.10:916][  0]LogAndroidPermission: UAndroidPermissionCallbackProxy::GetInstance
[2020.07.01-09.25.10:932][  0]LogAudioCaptureCore: Display: No Audio Capture implementations found. Audio input will be silent.
[2020.07.01-09.25.10:932][  0]LogAudioCaptureCore: Display: No Audio Capture implementations found. Audio input will be silent.
[2020.07.01-09.25.10:972][  0]LogOcInput: OculusInput pre-init called
[2020.07.01-09.25.10:981][  0]LogWindows: Failed to load 'OVRPlugin.dll' (GetLastError=126)
[2020.07.01-09.25.10:981][  0]LogWindows: File 'OVRPlugin.dll' does not exist
[2020.07.01-09.25.11:084][  0]LogEngine: Initializing Engine...
[2020.07.01-09.25.11:085][  0]LogHMD: Failed to initialize OpenVR with code 110
[2020.07.01-09.25.11:085][  0]LogMagicLeap: Warning: VR disabled because ZI is not enabled.  To enable, in the editor, Edit -> Project Settings -> Plugins -> Magic Leap Plugin -> Enable Zero Iteration
[2020.07.01-09.25.11:085][  0]LogStats: UGameplayTagsManager::InitializeManager -  0.000 s
[2020.07.01-09.25.11:183][  0]LogInit: Initializing FReadOnlyCVARCache
[2020.07.01-09.25.11:190][  0]LogAIModule: Creating AISystem for world Untitled
[2020.07.01-09.25.11:190][  0]LogAISub: UAISubsystem::UAISubsystem EnvQueryManager (00000202F2089E00), frame # 0
[2020.07.01-09.25.11:191][  0]LogAISub: UAISubsystem::UAISubsystem AIPerceptionSystem (00000202F207F100), frame # 0
[2020.07.01-09.25.11:206][  0]LogAudioMixer: Display: Audio Mixer Platform Settings:
[2020.07.01-09.25.11:206][  0]LogAudioMixer: Display: 	Sample Rate:						  48000
[2020.07.01-09.25.11:206][  0]LogAudioMixer: Display: 	Callback Buffer Frame Size Requested: 1024
[2020.07.01-09.25.11:206][  0]LogAudioMixer: Display: 	Callback Buffer Frame Size To Use:	  1024
[2020.07.01-09.25.11:206][  0]LogAudioMixer: Display: 	Number of buffers to queue:			  2
[2020.07.01-09.25.11:206][  0]LogAudioMixer: Display: 	Max Channels (voices):				  32
[2020.07.01-09.25.11:206][  0]LogAudioMixer: Display: 	Number of Async Source Workers:		  0
[2020.07.01-09.25.11:206][  0]LogAudio: Display: AudioDevice MaxSources: 32
[2020.07.01-09.25.11:206][  0]LogAudio: Display: Using built-in audio occlusion.
[2020.07.01-09.25.11:206][  0]LogAudioMixer: Display: Initializing audio mixer.
[2020.07.01-09.25.11:214][  0]LogAudioMixer: Display: 0: FrontLeft
[2020.07.01-09.25.11:214][  0]LogAudioMixer: Display: 1: FrontRight
[2020.07.01-09.25.11:264][  0]LogAudioMixer: Display: Using Audio Device Altavoces (Realtek(R) Audio)
[2020.07.01-09.25.11:264][  0]LogAudioMixer: Display: Initializing Sound Submixes...
[2020.07.01-09.25.11:266][  0]LogAudioMixer: Display: Creating Master Submix 'MasterSubmixDefault'
[2020.07.01-09.25.11:266][  0]LogAudioMixer: Display: Creating Master Submix 'MasterReverbSubmixDefault'
[2020.07.01-09.25.11:267][  0]LogAudioMixer: Display: Creating Master Submix 'MasterEQSubmixDefault'
[2020.07.01-09.25.11:268][  0]LogInit: FAudioDevice initialized.
[2020.07.01-09.25.11:268][  0]LogNetVersion: Set ProjectVersion to 1.0.0.0. Version Checksum will be recalculated on next use.
[2020.07.01-09.25.11:368][  0]LogDerivedDataCache: Saved boot cache 0.10s 124MB C:/Users/Marc/AppData/Local/UnrealEngine/4.25/DerivedDataCache/Boot.ddc.
[2020.07.01-09.25.11:375][  0]LogInit: Texture streaming: Enabled
[2020.07.01-09.25.11:390][  0]LogEngineSessionManager: EngineSessionManager initialized
[2020.07.01-09.25.11:390][  0]LogEditorSessionSummary: Verbose: Initializing EditorSessionSummaryWriter for editor session tracking
[2020.07.01-09.25.11:391][  0]LogEditorSessionSummary: EditorSessionSummaryWriter initialized
[2020.07.01-09.25.11:446][  0]LogInit: Transaction tracking system initialized
[2020.07.01-09.25.11:466][  0]BlueprintLog: New page: Cargar el editor
[2020.07.01-09.25.11:521][  0]LocalizationService: Localization service is disabled
[2020.07.01-09.25.11:715][  0]LogCook: Display: Max memory allowance for cook 16384mb min free memory 0mb
[2020.07.01-09.25.11:715][  0]LogCook: Display: Mobile HDR setting 1
[2020.07.01-09.25.11:816][  0]LogFileCache: Scanning file cache for directory 'C:/Users/Marc/Documents/GitHub/H-Hour/H_Hour/Content/' took 0.03s
[2020.07.01-09.25.11:990][  0]SourceControl: El control de código fuente está desactivado
[2020.07.01-09.25.12:409][  0]LogSlate: Took 0.000138 seconds to synchronously load lazily loaded font '../../../Engine/Content/Slate/Fonts/Roboto-Regular.ttf' (155K)
[2020.07.01-09.25.17:933][  0]LogSlate: Window 'Recuperar los paquetes' being destroyed
[2020.07.01-09.25.17:933][  0]LogWindowsTextInputMethodSystem: Display: IME system now deactivated.
[2020.07.01-09.25.17:946][  0]LogWindowsTextInputMethodSystem: Display: IME system now deactivated.
[2020.07.01-09.25.20:623][  0]LogSlate: Window '¡Imposible salir del control del código fuente!' being destroyed
[2020.07.01-09.25.20:623][  0]LogWindowsTextInputMethodSystem: Display: IME system now deactivated.
[2020.07.01-09.25.20:626][  0]Message dialog closed, result: Ok, title: ¡Imposible salir del control del código fuente!, text: Los siguientes activos no se han revisado correctamente en el control del código fuente: 
/Game/FirstPersonBP/Blueprints/FirstPersonCharacter
/Game/FirstPersonBP/Maps/FirstPersonExampleMap
[2020.07.01-09.25.20:652][  0]LogWindowsTextInputMethodSystem: Display: IME system now deactivated.
[2020.07.01-09.25.20:652][  0]LogUnrealEdMisc: Loading editor; pre map load, took 14.716
[2020.07.01-09.25.20:653][  0]Cmd: MAP LOAD FILE="../../../../../../Users/Marc/Documents/GitHub/H-Hour/H_Hour/Content/FirstPersonBP/Maps/FirstPersonExampleMap.umap" TEMPLATE=0 SHOWPROGRESS=1 FEATURELEVEL=3
[2020.07.01-09.25.20:653][  0]LightingResults: New page: Diseñar la iluminación
[2020.07.01-09.25.20:654][  0]LogWorld: UWorld::CleanupWorld for Untitled, bSessionEnded=true, bCleanupResources=true
[2020.07.01-09.25.20:654][  0]LogSlate: InvalidateAllWidgets triggered.  All widgets were invalidated
[2020.07.01-09.25.20:654][  0]MapCheck: New page: Revisión del mapa
[2020.07.01-09.25.20:654][  0]LightingResults: New page: Diseñar la iluminación
[2020.07.01-09.25.20:670][  0]LogAISub: UAISubsystem::~UAISubsystem EnvQueryManager (00000202F2089E00), frame # 0
[2020.07.01-09.25.20:670][  0]LogAISub: UAISubsystem::~UAISubsystem AIPerceptionSystem (00000202F207F100), frame # 0
[2020.07.01-09.25.20:670][  0]LogUObjectHash: Compacting FUObjectHashTables data took   0.72ms
[2020.07.01-09.25.24:572][  0]LogStaticMesh: Generando la malla estática 0_scene_mesh_...
[2020.07.01-09.25.24:719][  0]LogStaticMesh: Built static mesh [0.15s] /Game/Assets/Creatures/Fish/Model_66A_-_Atlantic_Sturgeon/0_scene_mesh_.0_scene_mesh_
[2020.07.01-09.25.24:906][  0]LogStaticMesh: Generando la malla estática 0_scene_mesh_...
[2020.07.01-09.25.24:967][  0]LogStaticMesh: Built static mesh [0.06s] /Game/Assets/Creatures/Fish/Model_62A_-_Shortfin_Mako_Shark/0_scene_mesh_.0_scene_mesh_
[2020.07.01-09.25.24:991][  0]LogStaticMesh: Generando la malla estática 0_scene_mesh_...
[2020.07.01-09.25.25:087][  0]LogStaticMesh: Built static mesh [0.09s] /Game/Assets/Creatures/Fish/Leatherback_Sea_Turtle/0_scene_mesh_.0_scene_mesh_
[2020.07.01-09.25.26:544][  0]LogStaticMesh: Generando la malla estática 0_defaultMaterial...
[2020.07.01-09.25.26:552][  0]LogStaticMesh: Built static mesh [0.01s] /Game/Assets/Synthetic/Crates_Containers/Containers/Container_(Low_Poly)/0_defaultMaterial.0_defaultMaterial
[2020.07.01-09.25.26:626][  0]LogStaticMesh: Generando la malla estática 0_Container_Container_0...
[2020.07.01-09.25.26:655][  0]LogStaticMesh: Built static mesh [0.03s] /Game/Assets/Synthetic/Crates_Containers/Containers/Cargo_Container/0_Container_Container_0.0_Container_Container_0
[2020.07.01-09.25.26:894][  0]LogStaticMesh: Generando la malla estática 0_BT_Shark_...
[2020.07.01-09.25.27:035][  0]LogStaticMesh: Built static mesh [0.14s] /Game/Assets/Creatures/Fish/Model_9A_-_Blacktip_Shark/0_BT_Shark_.0_BT_Shark_
[2020.07.01-09.25.28:275][  0]LogMaterial: Display: Missing cached shader map for material Substance_Basic_Template, compiling. 
[2020.07.01-09.25.30:869][  0]LogShaderCompilers: Display: Worker (1/9): shaders left to compile 58
[2020.07.01-09.25.30:869][  0]LogShaderCompilers: Display: Worker (2/9): shaders left to compile 51
[2020.07.01-09.25.30:869][  0]LogShaderCompilers: Display: Worker (3/9): shaders left to compile 44
[2020.07.01-09.25.30:869][  0]LogShaderCompilers: Display: Worker (4/9): shaders left to compile 37
[2020.07.01-09.25.30:869][  0]LogShaderCompilers: Display: Worker (5/9): shaders left to compile 30
[2020.07.01-09.25.30:869][  0]LogShaderCompilers: Display: Worker (6/9): shaders left to compile 23
[2020.07.01-09.25.30:869][  0]LogShaderCompilers: Display: Worker (7/9): shaders left to compile 16
[2020.07.01-09.25.30:869][  0]LogShaderCompilers: Display: Worker (8/9): shaders left to compile 9
[2020.07.01-09.25.30:869][  0]LogShaderCompilers: Display: Worker (9/9): shaders left to compile 2
[2020.07.01-09.25.30:871][  0]LogAIModule: Creating AISystem for world FirstPersonExampleMap
[2020.07.01-09.25.30:871][  0]LogAISub: UAISubsystem::UAISubsystem EnvQueryManager (000002030B6D3E00), frame # 0
[2020.07.01-09.25.30:871][  0]LogAISub: UAISubsystem::UAISubsystem AIPerceptionSystem (000002030B6F7380), frame # 0
[2020.07.01-09.25.31:426][  0]LogEditorServer: Finished looking for orphan Actors (0.000 secs)
[2020.07.01-09.25.31:453][  0]LogUObjectHash: Compacting FUObjectHashTables data took   1.25ms
[2020.07.01-09.25.31:453][  0]Cmd: MAP CHECKDEP NOCLEARLOG
[2020.07.01-09.25.31:454][  0]MapCheck: Map check complete: 0 Error(s), 0 Warning(s), took 0,312ms to complete.
[2020.07.01-09.25.31:454][  0]LogFileHelpers: Loading map 'FirstPersonExampleMap' took 10.801
[2020.07.01-09.25.31:454][  0]LogAssetRegistry: Flushing asset discovery search because of synchronous request, this can take several seconds...
[2020.07.01-09.25.31:496][  0]LogAssetRegistry: Asset discovery search completed in 0.0418 seconds
[2020.07.01-09.25.31:503][  0]LogCollectionManager: Loaded 0 collections in 0.001637 seconds
[2020.07.01-09.25.31:506][  0]LogFileCache: Scanning file cache for directory 'C:/Users/Marc/Documents/GitHub/H-Hour/H_Hour/Saved/Collections/' took 0.00s
[2020.07.01-09.25.31:506][  0]LogFileCache: Scanning file cache for directory 'C:/Users/Marc/Documents/GitHub/H-Hour/H_Hour/Content/Developers/Marc/Collections/' took 0.00s
[2020.07.01-09.25.31:506][  0]LogFileCache: Scanning file cache for directory 'C:/Users/Marc/Documents/GitHub/H-Hour/H_Hour/Content/Collections/' took 0.00s
[2020.07.01-09.25.31:506][  0]LogCollectionManager: Fixed up redirectors for 0 collections in 0.000002 seconds (updated 0 objects)
[2020.07.01-09.25.31:508][  0]LogUnrealEdMisc: Total Editor Startup Time, took 25.572
[2020.07.01-09.25.31:566][  0]LogSlate: Updating window title bar state: overlay mode, drag disabled, window buttons hidden, title bar hidden
[2020.07.01-09.25.31:572][  0]LogSlate: Updating window title bar state: overlay mode, drag disabled, window buttons hidden, title bar hidden
[2020.07.01-09.25.31:579][  0]LogSlate: Updating window title bar state: overlay mode, drag disabled, window buttons hidden, title bar hidden
[2020.07.01-09.25.31:585][  0]LogSlate: Updating window title bar state: overlay mode, drag disabled, window buttons hidden, title bar hidden
[2020.07.01-09.25.31:597][  0]LogContentBrowser: Native class hierarchy populated in 0.0088 seconds. Added 3439 classes and 830 folders.
[2020.07.01-09.25.31:602][  0]LogContentBrowser: Native class hierarchy updated for 'WidgetCarousel' in 0.0002 seconds. Added 0 classes and 0 folders.
[2020.07.01-09.25.31:652][  0]LogContentBrowser: Native class hierarchy updated for 'AddContentDialog' in 0.0003 seconds. Added 0 classes and 0 folders.
[2020.07.01-09.25.31:653][  0]LogContentBrowser: Native class hierarchy updated for 'SceneOutliner' in 0.0002 seconds. Added 2 classes and 0 folders.
[2020.07.01-09.25.32:105][  0]LogSlate: Took 0.000149 seconds to synchronously load lazily loaded font '../../../Engine/Content/Slate/Fonts/Roboto-Bold.ttf' (160K)
[2020.07.01-09.25.32:109][  0]LogSlate: Took 0.000138 seconds to synchronously load lazily loaded font '../../../Engine/Content/Editor/Slate/Fonts/FontAwesome.ttf' (139K)
[2020.07.01-09.25.32:165][  0]LogRenderer: Reallocating scene render targets to support 1208x572 Format 10 NumSamples 1 (Frame:1).
[2020.07.01-09.25.32:690][  0]LogSlate: Took 0.000137 seconds to synchronously load lazily loaded font '../../../Engine/Content/Slate/Fonts/Roboto-Light.ttf' (167K)
[2020.07.01-09.25.32:824][  0]LogContentBrowser: Native class hierarchy updated for 'HierarchicalLODOutliner' in 0.0003 seconds. Added 0 classes and 0 folders.
[2020.07.01-09.25.32:824][  0]LogLoad: (Engine Initialization) Total time: 26.89 seconds
[2020.07.01-09.25.32:824][  0]LogLoad: (Engine Initialization) Total Blueprint compile time: 0.00 seconds
[2020.07.01-09.25.33:209][  0]LogContentStreaming: Texture pool size now 1000 MB
[2020.07.01-09.25.33:265][  1]LogSubstanceLiveLink: Warning: Unable to send data along socket, closing connection
[2020.07.01-09.25.46:815][325]LogEditorViewport: Clicking on Actor (LMB): BP_TranslucentWater_C (BP_TranslucentWater)
[2020.07.01-09.26.57:611][558]LogSlate: Took 0.000233 seconds to synchronously load lazily loaded font '../../../Engine/Content/Slate/Fonts/Roboto-Italic.ttf' (157K)
[2020.07.01-09.27.32:647][375]LogTemp: Repeating last play command: Selected Viewport
[2020.07.01-09.27.32:665][375]LogPlayLevel: PlayLevel: No blueprints needed recompiling
[2020.07.01-09.27.32:666][375]PIE: New page: Sesión PIE (reproducción en el editor): FirstPersonExampleMap (1 jul. 2020 13:27:32)
[2020.07.01-09.27.32:667][375]LogOnline: OSS: Creating online subsystem instance for: NULL
[2020.07.01-09.27.32:667][375]LogOnline: OSS: TryLoadSubsystemAndSetDefault: Loaded subsystem for module [NULL]
[2020.07.01-09.27.32:668][375]LogPlayLevel: Creating play world package: /Game/FirstPersonBP/Maps/UEDPIE_0_FirstPersonExampleMap
[2020.07.01-09.27.32:750][375]LogPlayLevel: PIE: StaticDuplicateObject took: (0.082073s)
[2020.07.01-09.27.32:751][375]LogAIModule: Creating AISystem for world FirstPersonExampleMap
[2020.07.01-09.27.32:751][375]LogAISub: UAISubsystem::UAISubsystem EnvQueryManager (0000020348DDBE00), frame # 12375
[2020.07.01-09.27.32:751][375]LogAISub: UAISubsystem::UAISubsystem AIPerceptionSystem (000002030B6F6C00), frame # 12375
[2020.07.01-09.27.32:751][375]LogPlayLevel: PIE: World Init took: (0.001408s)
[2020.07.01-09.27.32:751][375]LogPlayLevel: PIE: Created PIE world by copying editor world from /Game/FirstPersonBP/Maps/FirstPersonExampleMap.FirstPersonExampleMap to /Game/FirstPersonBP/Maps/UEDPIE_0_FirstPersonExampleMap.FirstPersonExampleMap (0.083766s)
[2020.07.01-09.27.32:802][375]LogUObjectHash: Compacting FUObjectHashTables data took   1.08ms
[2020.07.01-09.27.32:804][375]LogAudioMixer: Display: Audio Mixer Platform Settings:
[2020.07.01-09.27.32:804][375]LogAudioMixer: Display: 	Sample Rate:						  48000
[2020.07.01-09.27.32:804][375]LogAudioMixer: Display: 	Callback Buffer Frame Size Requested: 1024
[2020.07.01-09.27.32:804][375]LogAudioMixer: Display: 	Callback Buffer Frame Size To Use:	  1024
[2020.07.01-09.27.32:804][375]LogAudioMixer: Display: 	Number of buffers to queue:			  2
[2020.07.01-09.27.32:804][375]LogAudioMixer: Display: 	Max Channels (voices):				  32
[2020.07.01-09.27.32:804][375]LogAudioMixer: Display: 	Number of Async Source Workers:		  0
[2020.07.01-09.27.32:804][375]LogAudio: Display: AudioDevice MaxSources: 32
[2020.07.01-09.27.32:804][375]LogAudio: Display: Using built-in audio occlusion.
[2020.07.01-09.27.32:804][375]LogAudioMixer: Display: Initializing audio mixer.
[2020.07.01-09.27.32:806][375]LogAudioMixer: Display: 0: FrontLeft
[2020.07.01-09.27.32:806][375]LogAudioMixer: Display: 1: FrontRight
[2020.07.01-09.27.32:825][375]LogAudioMixer: Display: Using Audio Device Altavoces (Realtek(R) Audio)
[2020.07.01-09.27.32:825][375]LogAudioMixer: Display: Initializing Sound Submixes...
[2020.07.01-09.27.32:825][375]LogAudioMixer: Display: Creating Master Submix 'MasterSubmixDefault'
[2020.07.01-09.27.32:825][375]LogAudioMixer: Display: Creating Master Submix 'MasterReverbSubmixDefault'
[2020.07.01-09.27.32:826][375]LogAudioMixer: Display: Creating Master Submix 'MasterEQSubmixDefault'
[2020.07.01-09.27.32:836][375]LogInit: FAudioDevice initialized.
[2020.07.01-09.27.32:843][375]LogLoad: Game class is 'FirstPersonGameMode_C'
[2020.07.01-09.27.32:867][375]LogWorld: Bringing World /Game/FirstPersonBP/Maps/UEDPIE_0_FirstPersonExampleMap.FirstPersonExampleMap up for play (max tick rate 0) at 2020.07.01-11.27.32
[2020.07.01-09.27.32:868][375]LogWorld: Bringing up level for play took: 0.024531
[2020.07.01-09.27.32:868][375]LogOnline: OSS: Creating online subsystem instance for: :Context_2
[2020.07.01-09.27.32:871][375]LogContentBrowser: Native class hierarchy updated for 'MovieSceneCapture' in 0.0003 seconds. Added 20 classes and 0 folders.
[2020.07.01-09.27.32:872][375]PIE: El servidor ha iniciado la sesión
[2020.07.01-09.27.32:874][375]PIE: Play in editor total start time 0,209 seconds.
[2020.07.01-09.27.34:244][504]LogSlate: Updating window title bar state: overlay mode, drag disabled, window buttons hidden, title bar hidden
[2020.07.01-09.27.34:244][504]LogWorld: BeginTearingDown for /Game/FirstPersonBP/Maps/UEDPIE_0_FirstPersonExampleMap
[2020.07.01-09.27.34:244][504]LogWorld: UWorld::CleanupWorld for FirstPersonExampleMap, bSessionEnded=true, bCleanupResources=true
[2020.07.01-09.27.34:250][504]LogSlate: InvalidateAllWidgets triggered.  All widgets were invalidated
[2020.07.01-09.27.34:260][504]LogPlayLevel: Display: Shutting down PIE online subsystems
[2020.07.01-09.27.34:263][504]LogSlate: InvalidateAllWidgets triggered.  All widgets were invalidated
[2020.07.01-09.27.34:272][504]LogSlate: Updating window title bar state: overlay mode, drag disabled, window buttons hidden, title bar hidden
[2020.07.01-09.27.34:298][504]LogAISub: UAISubsystem::~UAISubsystem EnvQueryManager (0000020348DDBE00), frame # 12504
[2020.07.01-09.27.34:298][504]LogAISub: UAISubsystem::~UAISubsystem AIPerceptionSystem (000002030B6F6C00), frame # 12504
[2020.07.01-09.27.34:299][504]LogUObjectHash: Compacting FUObjectHashTables data took   0.92ms
[2020.07.01-09.27.34:331][505]LogPlayLevel: Display: Destroying online subsystem :Context_2
[2020.07.01-09.27.36:230][724]LogUObjectHash: Compacting FUObjectHashTables data took   0.77ms
[2020.07.01-09.27.36:242][724]LogSlate: Took 0.000111 seconds to synchronously load lazily loaded font '../../../Engine/Content/Slate/Fonts/Roboto-Light.ttf' (167K)
[2020.07.01-09.27.36:278][724]LogUObjectHash: Compacting FUObjectHashTables data took   0.33ms
[2020.07.01-09.27.36:629][724]LogSavePackage: Moving '../../../../../../Users/Marc/Documents/GitHub/H-Hour/H_Hour/Saved/FirstPersonExampleMap097A304F415D1747A6E639BB8D2211AC.tmp' to '../../../../../../Users/Marc/Documents/GitHub/H-Hour/H_Hour/Content/FirstPersonBP/Maps/FirstPersonExampleMap.umap'
[2020.07.01-09.27.36:670][724]LogFileHelpers: Saving map 'FirstPersonExampleMap' took 0.403
[2020.07.01-09.27.38:335][724]LogSavePackage: Moving '../../../../../../Users/Marc/Documents/GitHub/H-Hour/H_Hour/Saved/FirstPersonExampleMap_BuiltDataBC0CFABC49AD2DCA242D3E8EC74215C4.tmp' to '../../../../../../Users/Marc/Documents/GitHub/H-Hour/H_Hour/Content/FirstPersonBP/Maps/FirstPersonExampleMap_BuiltData.uasset'
[2020.07.01-09.27.38:381][724]AssetCheck: New page: Asset Save: multiple assets
[2020.07.01-09.27.38:381][724]LogContentValidation: Display: Validating World /Game/FirstPersonBP/Maps/FirstPersonExampleMap.FirstPersonExampleMap
[2020.07.01-09.27.38:381][724]LogContentValidation: Display: Validating MapBuildDataRegistry /Game/FirstPersonBP/Maps/FirstPersonExampleMap_BuiltData.FirstPersonExampleMap_BuiltData
[2020.07.01-09.27.38:780][772]LogTemp: Repeating last play command: Selected Viewport
[2020.07.01-09.27.38:797][772]LogPlayLevel: PlayLevel: No blueprints needed recompiling
[2020.07.01-09.27.38:797][772]PIE: New page: Sesión PIE (reproducción en el editor): FirstPersonExampleMap (1 jul. 2020 13:27:38)
[2020.07.01-09.27.38:832][772]LogPlayLevel: Creating play world package: /Game/FirstPersonBP/Maps/UEDPIE_0_FirstPersonExampleMap
[2020.07.01-09.27.38:909][772]LogPlayLevel: PIE: StaticDuplicateObject took: (0.076309s)
[2020.07.01-09.27.38:910][772]LogAIModule: Creating AISystem for world FirstPersonExampleMap
[2020.07.01-09.27.38:910][772]LogAISub: UAISubsystem::UAISubsystem EnvQueryManager (000002030CDB5400), frame # 12772
[2020.07.01-09.27.38:910][772]LogAISub: UAISubsystem::UAISubsystem AIPerceptionSystem (000002030B277240), frame # 12772
[2020.07.01-09.27.38:910][772]LogPlayLevel: PIE: World Init took: (0.001256s)
[2020.07.01-09.27.38:910][772]LogPlayLevel: PIE: Created PIE world by copying editor world from /Game/FirstPersonBP/Maps/FirstPersonExampleMap.FirstPersonExampleMap to /Game/FirstPersonBP/Maps/UEDPIE_0_FirstPersonExampleMap.FirstPersonExampleMap (0.077831s)
[2020.07.01-09.27.38:924][772]LogUObjectHash: Compacting FUObjectHashTables data took   0.96ms
[2020.07.01-09.27.38:925][772]LogAudioMixer: Display: Audio Mixer Platform Settings:
[2020.07.01-09.27.38:925][772]LogAudioMixer: Display: 	Sample Rate:						  48000
[2020.07.01-09.27.38:925][772]LogAudioMixer: Display: 	Callback Buffer Frame Size Requested: 1024
[2020.07.01-09.27.38:925][772]LogAudioMixer: Display: 	Callback Buffer Frame Size To Use:	  1024
[2020.07.01-09.27.38:925][772]LogAudioMixer: Display: 	Number of buffers to queue:			  2
[2020.07.01-09.27.38:925][772]LogAudioMixer: Display: 	Max Channels (voices):				  32
[2020.07.01-09.27.38:925][772]LogAudioMixer: Display: 	Number of Async Source Workers:		  0
[2020.07.01-09.27.38:925][772]LogAudio: Display: AudioDevice MaxSources: 32
[2020.07.01-09.27.38:926][772]LogAudio: Display: Using built-in audio occlusion.
[2020.07.01-09.27.38:926][772]LogAudioMixer: Display: Initializing audio mixer.
[2020.07.01-09.27.38:928][772]LogAudioMixer: Display: 0: FrontLeft
[2020.07.01-09.27.38:928][772]LogAudioMixer: Display: 1: FrontRight
[2020.07.01-09.27.38:944][772]LogAudioMixer: Display: Using Audio Device Altavoces (Realtek(R) Audio)
[2020.07.01-09.27.38:944][772]LogAudioMixer: Display: Initializing Sound Submixes...
[2020.07.01-09.27.38:944][772]LogAudioMixer: Display: Creating Master Submix 'MasterSubmixDefault'
[2020.07.01-09.27.38:944][772]LogAudioMixer: Display: Creating Master Submix 'MasterReverbSubmixDefault'
[2020.07.01-09.27.38:945][772]LogAudioMixer: Display: Creating Master Submix 'MasterEQSubmixDefault'
[2020.07.01-09.27.38:955][772]LogInit: FAudioDevice initialized.
[2020.07.01-09.27.38:965][772]LogLoad: Game class is 'FirstPersonGameMode_C'
[2020.07.01-09.27.38:990][772]LogWorld: Bringing World /Game/FirstPersonBP/Maps/UEDPIE_0_FirstPersonExampleMap.FirstPersonExampleMap up for play (max tick rate 0) at 2020.07.01-11.27.38
[2020.07.01-09.27.38:990][772]LogWorld: Bringing up level for play took: 0.024608
[2020.07.01-09.27.38:991][772]LogOnline: OSS: Creating online subsystem instance for: :Context_3
[2020.07.01-09.27.38:993][772]PIE: El servidor ha iniciado la sesión
[2020.07.01-09.27.38:994][772]PIE: Play in editor total start time 0,198 seconds.
[2020.07.01-09.27.53:404][442]LogSlate: Updating window title bar state: overlay mode, drag disabled, window buttons hidden, title bar hidden
[2020.07.01-09.27.53:404][442]LogWorld: BeginTearingDown for /Game/FirstPersonBP/Maps/UEDPIE_0_FirstPersonExampleMap
[2020.07.01-09.27.53:404][442]LogWorld: UWorld::CleanupWorld for FirstPersonExampleMap, bSessionEnded=true, bCleanupResources=true
[2020.07.01-09.27.53:410][442]LogSlate: InvalidateAllWidgets triggered.  All widgets were invalidated
[2020.07.01-09.27.53:420][442]LogPlayLevel: Display: Shutting down PIE online subsystems
[2020.07.01-09.27.53:423][442]LogSlate: InvalidateAllWidgets triggered.  All widgets were invalidated
[2020.07.01-09.27.53:432][442]LogSlate: Updating window title bar state: overlay mode, drag disabled, window buttons hidden, title bar hidden
[2020.07.01-09.27.53:451][442]LogAISub: UAISubsystem::~UAISubsystem AIPerceptionSystem (000002030B277240), frame # 14442
[2020.07.01-09.27.53:451][442]LogAISub: UAISubsystem::~UAISubsystem EnvQueryManager (000002030CDB5400), frame # 14442
[2020.07.01-09.27.53:455][442]LogUObjectHash: Compacting FUObjectHashTables data took   0.92ms
[2020.07.01-09.27.53:498][443]LogPlayLevel: Display: Destroying online subsystem :Context_3
[2020.07.01-09.27.55:549][680]LogEditorViewport: Clicking on Actor (LMB): BP_TranslucentWater_C (BP_TranslucentWater)
[2020.07.01-09.28.10:452][391]LogAssetEditorSubsystem: Opening Asset editor for StaticMesh /Game/WaterPlane/Meshes/SM_OceanWater.SM_OceanWater
[2020.07.01-09.28.10:873][391]LogWorld: UWorld::CleanupWorld for World_2, bSessionEnded=true, bCleanupResources=true
[2020.07.01-09.28.10:873][391]LogSlate: InvalidateAllWidgets triggered.  All widgets were invalidated
[2020.07.01-09.28.11:062][392]LogRenderer: Reallocating scene render targets to support 1424x780 Format 10 NumSamples 1 (Frame:1).
[2020.07.01-09.28.15:313][721]LogSlate: Window 'SM_OceanWater' being destroyed
[2020.07.01-09.28.15:338][721]LogSlate: Window 'SM_OceanWater' being destroyed
[2020.07.01-09.28.15:355][721]LogWorld: UWorld::CleanupWorld for World_3, bSessionEnded=true, bCleanupResources=true
[2020.07.01-09.28.15:355][721]LogSlate: InvalidateAllWidgets triggered.  All widgets were invalidated
[2020.07.01-09.28.31:535][533]LogAssetEditorSubsystem: Opening Asset editor for Blueprint /Game/WaterPlane/Translucent/Blueprint/BP_TranslucentWater.BP_TranslucentWater
[2020.07.01-09.28.31:703][533]LogContentBrowser: Native class hierarchy updated for 'BlueprintGraph' in 0.0005 seconds. Added 125 classes and 0 folders.
[2020.07.01-09.28.32:449][533]LogSlate: Took 0.000223 seconds to synchronously load lazily loaded font '../../../Engine/Content/Slate/Fonts/Roboto-BoldCondensed.ttf' (158K)
[2020.07.01-09.28.42:673][427]LogAssetEditorSubsystem: Opening Asset editor for StaticMesh /Game/WaterPlane/Meshes/SM_OceanWater.SM_OceanWater
[2020.07.01-09.28.42:812][427]LogWorld: UWorld::CleanupWorld for World_6, bSessionEnded=true, bCleanupResources=true
[2020.07.01-09.28.42:812][427]LogSlate: InvalidateAllWidgets triggered.  All widgets were invalidated
[2020.07.01-09.29.02:365][968]Cmd: OBJ SAVEPACKAGE PACKAGE="/Game/WaterPlane/Meshes/SM_OceanWater" FILE="../../../../../../Users/Marc/Documents/GitHub/H-Hour/H_Hour/Content/WaterPlane/Meshes/SM_OceanWater.uasset" SILENT=true
[2020.07.01-09.29.02:400][968]LogSavePackage: Moving '../../../../../../Users/Marc/Documents/GitHub/H-Hour/H_Hour/Saved/SM_OceanWaterDD7E70684CCD07525022BDBA7DE39DEE.tmp' to '../../../../../../Users/Marc/Documents/GitHub/H-Hour/H_Hour/Content/WaterPlane/Meshes/SM_OceanWater.uasset'
[2020.07.01-09.29.02:423][968]AssetCheck: New page: Asset Save: SM_OceanWater
[2020.07.01-09.29.02:424][968]LogContentValidation: Display: Validating StaticMesh /Game/WaterPlane/Meshes/SM_OceanWater.SM_OceanWater
[2020.07.01-09.29.06:483][330]LogTemp: Repeating last play command: Selected Viewport
[2020.07.01-09.29.06:501][330]LogPlayLevel: PlayLevel: No blueprints needed recompiling
[2020.07.01-09.29.06:501][330]PIE: New page: Sesión PIE (reproducción en el editor): FirstPersonExampleMap (1 jul. 2020 13:29:06)
[2020.07.01-09.29.06:532][330]LogPlayLevel: Creating play world package: /Game/FirstPersonBP/Maps/UEDPIE_0_FirstPersonExampleMap
[2020.07.01-09.29.06:612][330]LogPlayLevel: PIE: StaticDuplicateObject took: (0.079317s)
[2020.07.01-09.29.06:613][330]LogAIModule: Creating AISystem for world FirstPersonExampleMap
[2020.07.01-09.29.06:613][330]LogAISub: UAISubsystem::UAISubsystem EnvQueryManager (00000203BD39A200), frame # 21330
[2020.07.01-09.29.06:613][330]LogAISub: UAISubsystem::UAISubsystem AIPerceptionSystem (00000203BCF23EC0), frame # 21330
[2020.07.01-09.29.06:614][330]LogPlayLevel: PIE: World Init took: (0.001357s)
[2020.07.01-09.29.06:614][330]LogPlayLevel: PIE: Created PIE world by copying editor world from /Game/FirstPersonBP/Maps/FirstPersonExampleMap.FirstPersonExampleMap to /Game/FirstPersonBP/Maps/UEDPIE_0_FirstPersonExampleMap.FirstPersonExampleMap (0.080943s)
[2020.07.01-09.29.06:639][330]LogUObjectHash: Compacting FUObjectHashTables data took   2.30ms
[2020.07.01-09.29.06:642][330]LogAudioMixer: Display: Audio Mixer Platform Settings:
[2020.07.01-09.29.06:642][330]LogAudioMixer: Display: 	Sample Rate:						  48000
[2020.07.01-09.29.06:642][330]LogAudioMixer: Display: 	Callback Buffer Frame Size Requested: 1024
[2020.07.01-09.29.06:642][330]LogAudioMixer: Display: 	Callback Buffer Frame Size To Use:	  1024
[2020.07.01-09.29.06:642][330]LogAudioMixer: Display: 	Number of buffers to queue:			  2
[2020.07.01-09.29.06:642][330]LogAudioMixer: Display: 	Max Channels (voices):				  32
[2020.07.01-09.29.06:642][330]LogAudioMixer: Display: 	Number of Async Source Workers:		  0
[2020.07.01-09.29.06:642][330]LogAudio: Display: AudioDevice MaxSources: 32
[2020.07.01-09.29.06:643][330]LogAudio: Display: Using built-in audio occlusion.
[2020.07.01-09.29.06:643][330]LogAudioMixer: Display: Initializing audio mixer.
[2020.07.01-09.29.06:645][330]LogAudioMixer: Display: 0: FrontLeft
[2020.07.01-09.29.06:645][330]LogAudioMixer: Display: 1: FrontRight
[2020.07.01-09.29.06:662][330]LogAudioMixer: Display: Using Audio Device Altavoces (Realtek(R) Audio)
[2020.07.01-09.29.06:663][330]LogAudioMixer: Display: Initializing Sound Submixes...
[2020.07.01-09.29.06:663][330]LogAudioMixer: Display: Creating Master Submix 'MasterSubmixDefault'
[2020.07.01-09.29.06:663][330]LogAudioMixer: Display: Creating Master Submix 'MasterReverbSubmixDefault'
[2020.07.01-09.29.06:663][330]LogAudioMixer: Display: Creating Master Submix 'MasterEQSubmixDefault'
[2020.07.01-09.29.06:673][330]LogInit: FAudioDevice initialized.
[2020.07.01-09.29.06:681][330]LogLoad: Game class is 'FirstPersonGameMode_C'
[2020.07.01-09.29.06:707][330]LogWorld: Bringing World /Game/FirstPersonBP/Maps/UEDPIE_0_FirstPersonExampleMap.FirstPersonExampleMap up for play (max tick rate 0) at 2020.07.01-11.29.06
[2020.07.01-09.29.06:707][330]LogWorld: Bringing up level for play took: 0.026291
[2020.07.01-09.29.06:708][330]LogOnline: OSS: Creating online subsystem instance for: :Context_11
[2020.07.01-09.29.06:710][330]PIE: El servidor ha iniciado la sesión
[2020.07.01-09.29.06:711][330]PIE: Play in editor total start time 0,21 seconds.
[2020.07.01-09.30.02:033][928]LogSlate: Updating window title bar state: overlay mode, drag disabled, window buttons hidden, title bar hidden
[2020.07.01-09.30.02:033][928]LogWorld: BeginTearingDown for /Game/FirstPersonBP/Maps/UEDPIE_0_FirstPersonExampleMap
[2020.07.01-09.30.02:034][928]LogWorld: UWorld::CleanupWorld for FirstPersonExampleMap, bSessionEnded=true, bCleanupResources=true
[2020.07.01-09.30.02:039][928]LogSlate: InvalidateAllWidgets triggered.  All widgets were invalidated
[2020.07.01-09.30.02:049][928]LogPlayLevel: Display: Shutting down PIE online subsystems
[2020.07.01-09.30.02:054][928]LogSlate: InvalidateAllWidgets triggered.  All widgets were invalidated
[2020.07.01-09.30.02:089][928]LogSlate: Updating window title bar state: overlay mode, drag disabled, window buttons hidden, title bar hidden
[2020.07.01-09.30.02:098][928]LogAISub: UAISubsystem::~UAISubsystem EnvQueryManager (00000203BD39A200), frame # 27928
[2020.07.01-09.30.02:099][928]LogAISub: UAISubsystem::~UAISubsystem AIPerceptionSystem (00000203BCF23EC0), frame # 27928
[2020.07.01-09.30.02:100][928]LogUObjectHash: Compacting FUObjectHashTables data took   1.92ms
[2020.07.01-09.30.02:131][929]LogPlayLevel: Display: Destroying online subsystem :Context_11
[2020.07.01-09.30.22:469][251]LogAssetEditorSubsystem: Opening Asset editor for MaterialInstanceConstant /Game/WaterPlane/Translucent/Materials/M_TranslucentWater_Inst.M_TranslucentWater_Inst
[2020.07.01-09.30.27:967][856]LogSlate: Window 'M_TranslucentWater_Inst' being destroyed
[2020.07.01-09.30.27:984][856]LogSlate: Window 'M_TranslucentWater_Inst' being destroyed
[2020.07.01-09.30.28:022][856]LogWorld: UWorld::CleanupWorld for World_5, bSessionEnded=true, bCleanupResources=true
[2020.07.01-09.30.28:022][856]LogSlate: InvalidateAllWidgets triggered.  All widgets were invalidated
[2020.07.01-09.30.28:101][856]LogWorld: UWorld::CleanupWorld for World_7, bSessionEnded=true, bCleanupResources=true
[2020.07.01-09.30.28:101][856]LogSlate: InvalidateAllWidgets triggered.  All widgets were invalidated
[2020.07.01-09.30.28:204][856]LogWorld: UWorld::CleanupWorld for World_8, bSessionEnded=true, bCleanupResources=true
[2020.07.01-09.30.28:204][856]LogSlate: InvalidateAllWidgets triggered.  All widgets were invalidated
[2020.07.01-09.30.29:318][981]LogAssetEditorSubsystem: Opening Asset editor for Material /Game/WaterPlane/Translucent/Materials/M_TranslucentWater.M_TranslucentWater
[2020.07.01-09.30.29:321][981]LogMaterial: Display: Missing cached shader map for material M_TranslucentWater, compiling. 
[2020.07.01-09.30.29:454][981]LogMaterial: Display: Missing cached shader map for material M_TranslucentWater, compiling. 
[2020.07.01-09.30.29:469][981]LogMaterial: Display: Missing cached shader map for material M_TranslucentWater, compiling. 
[2020.07.01-09.30.29:491][981]LogShaderCompilers: Display: Worker (1/9): shaders left to compile 27
[2020.07.01-09.30.29:491][981]LogShaderCompilers: Display: Worker (2/9): shaders left to compile 26
[2020.07.01-09.30.29:491][981]LogShaderCompilers: Display: Worker (3/9): shaders left to compile 25
[2020.07.01-09.30.29:491][981]LogShaderCompilers: Display: Worker (4/9): shaders left to compile 24
[2020.07.01-09.30.29:491][981]LogShaderCompilers: Display: Worker (5/9): shaders left to compile 23
[2020.07.01-09.30.29:491][981]LogShaderCompilers: Display: Worker (6/9): shaders left to compile 22
[2020.07.01-09.30.29:491][981]LogShaderCompilers: Display: Worker (7/9): shaders left to compile 21
[2020.07.01-09.30.29:491][981]LogShaderCompilers: Display: Worker (8/9): shaders left to compile 20
[2020.07.01-09.30.29:492][981]LogMaterial: Display: Missing cached shader map for material FMatExpressionPreview MaterialExpressionVectorParameter_4, compiling. 
[2020.07.01-09.30.29:495][981]LogMaterial: Display: Missing cached shader map for material FMatExpressionPreview MaterialExpressionVectorParameter_5, compiling. 
[2020.07.01-09.30.29:497][981]LogMaterial: Display: Missing cached shader map for material FMatExpressionPreview MaterialExpressionTextureObjectParameter_8, compiling. 
[2020.07.01-09.30.29:500][981]LogMaterial: Display: Missing cached shader map for material FMatExpressionPreview MaterialExpressionTextureObjectParameter_9, compiling. 
[2020.07.01-09.30.29:502][981]LogMaterial: Display: Missing cached shader map for material FMatExpressionPreview MaterialExpressionConstant3Vector_4, compiling. 
[2020.07.01-09.30.29:505][981]LogMaterial: Display: Missing cached shader map for material FMatExpressionPreview MaterialExpressionTextureObjectParameter_10, compiling. 
[2020.07.01-09.30.29:507][981]LogMaterial: Display: Missing cached shader map for material FMatExpressionPreview MaterialExpressionTextureObjectParameter_11, compiling. 
[2020.07.01-09.30.29:510][981]LogMaterial: Display: Missing cached shader map for material FMatExpressionPreview MaterialExpressionVectorParameter_6, compiling. 
[2020.07.01-09.30.29:512][981]LogMaterial: Display: Missing cached shader map for material FMatExpressionPreview MaterialExpressionVectorParameter_7, compiling. 
[2020.07.01-09.30.29:515][981]LogMaterial: Display: Missing cached shader map for material FMatExpressionPreview MaterialExpressionTextureSampleParameterCube_0, compiling. 
[2020.07.01-09.30.29:934][996]LogShaderCompilers: Display: Worker (1/9): shaders left to compile 59
[2020.07.01-09.30.29:978][998]LogShaderCompilers: Display: Worker (5/9): shaders left to compile 58
[2020.07.01-09.30.30:150][  7]LogShaderCompilers: Display: Worker (7/9): shaders left to compile 57
[2020.07.01-09.30.30:373][ 19]LogShaderCompilers: Display: Worker (7/9): shaders left to compile 56
[2020.07.01-09.30.30:407][ 21]LogShaderCompilers: Display: Worker (4/9): shaders left to compile 55
[2020.07.01-09.30.30:594][ 33]LogShaderCompilers: Display: Worker (5/9): shaders left to compile 54
[2020.07.01-09.30.30:841][ 47]LogShaderCompilers: Display: Worker (4/9): shaders left to compile 53
[2020.07.01-09.30.30:887][ 50]LogShaderCompilers: Display: Worker (5/9): shaders left to compile 52
[2020.07.01-09.30.31:732][100]LogShaderCompilers: Display: Worker (6/9): shaders left to compile 51
[2020.07.01-09.30.31:879][109]LogShaderCompilers: Display: Worker (3/9): shaders left to compile 50
[2020.07.01-09.30.31:929][112]LogShaderCompilers: Display: Worker (2/9): shaders left to compile 49
[2020.07.01-09.30.31:959][114]LogShaderCompilers: Display: Worker (6/9): shaders left to compile 48
[2020.07.01-09.30.32:073][121]LogShaderCompilers: Display: Worker (8/9): shaders left to compile 47
[2020.07.01-09.30.32:127][124]LogShaderCompilers: Display: Worker (1/9): shaders left to compile 46
[2020.07.01-09.30.32:571][150]LogShaderCompilers: Display: Worker (1/9): shaders left to compile 45
[2020.07.01-09.30.32:605][152]LogShaderCompilers: Display: Worker (3/9): shaders left to compile 44
[2020.07.01-09.30.32:636][154]LogShaderCompilers: Display: Worker (7/9): shaders left to compile 43
[2020.07.01-09.30.32:650][155]LogShaderCompilers: Display: Worker (2/9): shaders left to compile 42
[2020.07.01-09.30.33:004][175]LogShaderCompilers: Display: Worker (4/9): shaders left to compile 41
[2020.07.01-09.30.33:038][177]LogShaderCompilers: Display: Worker (5/9): shaders left to compile 40
[2020.07.01-09.30.33:087][180]LogShaderCompilers: Display: Worker (7/9): shaders left to compile 39
[2020.07.01-09.30.33:390][199]LogShaderCompilers: Display: Worker (2/9): shaders left to compile 38
[2020.07.01-09.30.33:390][199]LogShaderCompilers: Display: Worker (5/9): shaders left to compile 37
[2020.07.01-09.30.33:508][207]LogShaderCompilers: Display: Worker (7/9): shaders left to compile 36
[2020.07.01-09.30.33:580][211]LogShaderCompilers: Display: Worker (4/9): shaders left to compile 35
[2020.07.01-09.30.33:735][220]LogShaderCompilers: Display: Worker (5/9): shaders left to compile 34
[2020.07.01-09.30.33:805][224]LogShaderCompilers: Display: Worker (2/9): shaders left to compile 33
[2020.07.01-09.30.33:853][227]LogShaderCompilers: Display: Worker (7/9): shaders left to compile 32
[2020.07.01-09.30.34:001][235]LogShaderCompilers: Display: Worker (4/9): shaders left to compile 31
[2020.07.01-09.30.34:110][241]LogShaderCompilers: Display: Worker (8/9): shaders left to compile 30
[2020.07.01-09.30.34:145][243]LogShaderCompilers: Display: Worker (5/9): shaders left to compile 29
[2020.07.01-09.30.34:160][244]LogShaderCompilers: Display: Worker (2/9): shaders left to compile 28
[2020.07.01-09.30.34:178][245]LogShaderCompilers: Display: Worker (6/9): shaders left to compile 27
[2020.07.01-09.30.34:211][247]LogShaderCompilers: Display: Worker (7/9): shaders left to compile 26
[2020.07.01-09.30.34:424][258]LogShaderCompilers: Display: Worker (4/9): shaders left to compile 25
[2020.07.01-09.30.34:555][265]LogShaderCompilers: Display: Worker (5/9): shaders left to compile 24
[2020.07.01-09.30.34:573][266]LogShaderCompilers: Display: Worker (2/9): shaders left to compile 23
[2020.07.01-09.30.34:573][266]LogShaderCompilers: Display: Worker (8/9): shaders left to compile 22
[2020.07.01-09.30.34:635][270]LogShaderCompilers: Display: Worker (1/9): shaders left to compile 21
[2020.07.01-09.30.34:650][271]LogShaderCompilers: Display: Worker (6/9): shaders left to compile 20
[2020.07.01-09.30.34:665][272]LogShaderCompilers: Display: Worker (7/9): shaders left to compile 19
[2020.07.01-09.30.34:780][278]LogShaderCompilers: Display: Worker (4/9): shaders left to compile 18
[2020.07.01-09.30.34:807][279]LogShaderCompilers: Display: Worker (3/9): shaders left to compile 17
[2020.07.01-09.30.34:882][280]MaterialEditorStats: Base pass shader: 516 instructions
[2020.07.01-09.30.34:882][280]MaterialEditorStats: Base pass shader with Surface Lightmap: 557 instructions
[2020.07.01-09.30.34:882][280]MaterialEditorStats: Base pass shader with Volumetric Lightmap: 602 instructions
[2020.07.01-09.30.34:882][280]MaterialEditorStats: Base pass vertex shader: 165 instructions
[2020.07.01-09.30.34:882][280]MaterialEditorStats: Texture samplers: 12/16
[2020.07.01-09.30.34:882][280]MaterialEditorStats: Texture Lookups (Est.): VS(0), PS(19)
[2020.07.01-09.30.34:898][280]LogSlate: Took 0.000255 seconds to synchronously load lazily loaded font '../../../Engine/Content/Slate/Fonts/DroidSansMono.ttf' (77K)
[2020.07.01-09.30.34:926][282]LogShaderCompilers: Display: Worker (5/9): shaders left to compile 16
[2020.07.01-09.30.35:001][285]LogShaderCompilers: Display: Worker (2/9): shaders left to compile 15
[2020.07.01-09.30.35:001][285]LogShaderCompilers: Display: Worker (8/9): shaders left to compile 14
[2020.07.01-09.30.35:030][286]LogShaderCompilers: Display: Worker (1/9): shaders left to compile 13
[2020.07.01-09.30.35:030][286]LogShaderCompilers: Display: Worker (6/9): shaders left to compile 12
[2020.07.01-09.30.35:097][289]LogShaderCompilers: Display: Worker (7/9): shaders left to compile 11
[2020.07.01-09.30.35:160][292]LogShaderCompilers: Display: Worker (3/9): shaders left to compile 10
[2020.07.01-09.30.35:220][294]LogShaderCompilers: Display: Worker (4/9): shaders left to compile 9
[2020.07.01-09.30.35:298][297]LogShaderCompilers: Display: Worker (5/9): shaders left to compile 8
[2020.07.01-09.30.35:391][301]LogShaderCompilers: Display: Worker (6/9): shaders left to compile 7
[2020.07.01-09.30.35:411][302]LogShaderCompilers: Display: Worker (1/9): shaders left to compile 6
[2020.07.01-09.30.35:435][303]LogShaderCompilers: Display: Worker (2/9): shaders left to compile 5
[2020.07.01-09.30.35:457][304]LogShaderCompilers: Display: Worker (8/9): shaders left to compile 4
[2020.07.01-09.30.35:520][307]LogShaderCompilers: Display: Worker (7/9): shaders left to compile 3
[2020.07.01-09.30.35:562][309]LogShaderCompilers: Display: Worker (4/9): shaders left to compile 2
[2020.07.01-09.30.35:588][310]LogShaderCompilers: Display: Worker (3/9): shaders left to compile 1
[2020.07.01-09.30.41:836][877]LogSlate: Window 'M_TranslucentWater' being destroyed
[2020.07.01-09.30.41:842][877]LogSlate: Window 'M_TranslucentWater' being destroyed
[2020.07.01-09.30.41:882][877]LogWorld: UWorld::CleanupWorld for World_9, bSessionEnded=true, bCleanupResources=true
[2020.07.01-09.30.41:882][877]LogSlate: InvalidateAllWidgets triggered.  All widgets were invalidated
[2020.07.01-09.30.53:000][148]LogEditorViewport: Clicking on Actor (LMB): BP_TranslucentWater_C (BP_TranslucentWater)
[2020.07.01-09.31.40:077][418]LogAssetEditorSubsystem: Opening Asset editor for MaterialInstanceConstant /Game/WaterPlane/Translucent/Materials/M_TranslucentWater_Inst.M_TranslucentWater_Inst
[2020.07.01-09.31.44:527][761]LogUObjectHash: Compacting FUObjectHashTables data took   1.90ms
[2020.07.01-09.31.44:580][761]LogUObjectHash: Compacting FUObjectHashTables data took   2.07ms
[2020.07.01-09.31.44:912][761]LogSavePackage: Moving '../../../../../../Users/Marc/Documents/GitHub/H-Hour/H_Hour/Saved/FirstPersonExampleMap0B049F874770AEA2CA50C4931C85714E.tmp' to '../../../../../../Users/Marc/Documents/GitHub/H-Hour/H_Hour/Content/FirstPersonBP/Maps/FirstPersonExampleMap.umap'
[2020.07.01-09.31.44:951][761]LogFileHelpers: Saving map 'FirstPersonExampleMap' took 0.390
[2020.07.01-09.31.45:977][761]LogSavePackage: Moving '../../../../../../Users/Marc/Documents/GitHub/H-Hour/H_Hour/Saved/FirstPersonExampleMap_BuiltDataCD632E50475651101B23F68C0DF85AE5.tmp' to '../../../../../../Users/Marc/Documents/GitHub/H-Hour/H_Hour/Content/FirstPersonBP/Maps/FirstPersonExampleMap_BuiltData.uasset'
[2020.07.01-09.31.46:004][761]AssetCheck: New page: Asset Save: multiple assets
[2020.07.01-09.31.46:004][761]LogContentValidation: Display: Validating World /Game/FirstPersonBP/Maps/FirstPersonExampleMap.FirstPersonExampleMap
[2020.07.01-09.31.46:004][761]LogContentValidation: Display: Validating MapBuildDataRegistry /Game/FirstPersonBP/Maps/FirstPersonExampleMap_BuiltData.FirstPersonExampleMap_BuiltData
